2026-02-03T18:39:12.290Z - info: Website generation (lazy) started at 02:39:11
2026-02-03T18:39:12.944Z - info: Building assets...
2026-02-03T18:39:14.934Z - info: Assets built
2026-02-03T18:39:14.935Z - info: Generating landing page...
2026-02-03T18:39:15.729Z - info: Landing page built, other pages will be built as you navigate to them!
2026-02-03T18:39:15.805Z - info: Site data built
2026-02-03T18:39:15.805Z - info: Website generation (lazy) complete! Total build time: 4.323s
2026-02-03T18:39:15.821Z - info: Serving "/Users/damithch/Repos/nus-cs2103/cs2103-website-base/_site" at http://127.0.0.1:8080
2026-02-03T18:39:15.821Z - info: Press CTRL+C to stop ...
2026-02-03T18:39:23.639Z - info: Building /Users/damithch/Repos/nus-cs2103/cs2103-website-base/admin/appendixH-tipsFromStudents as some of its dependencies were changed since the last visit
2026-02-03T18:39:23.842Z - info: Site data built
2026-02-03T18:39:23.842Z - info: Lazy website regeneration complete! Total build time: 0.204s
2026-02-03T18:40:38.050Z - info: Building /Users/damithch/Repos/nus-cs2103/cs2103-website-base/admin/tp-w4 as some of its dependencies were changed since the last visit
2026-02-03T18:40:38.960Z - info: Site data built
2026-02-03T18:40:38.960Z - info: Lazy website regeneration complete! Total build time: 0.912s
2026-02-03T18:40:47.347Z - info: Building /Users/damithch/Repos/nus-cs2103/cs2103-website-base/admin/tp-w6 as some of its dependencies were changed since the last visit
2026-02-03T18:40:48.297Z - info: Site data built
2026-02-03T18:40:48.297Z - info: Lazy website regeneration complete! Total build time: 0.951s
2026-02-03T18:41:08.012Z - info: Building /Users/damithch/Repos/nus-cs2103/cs2103-website-base/admin/tp-w8 as some of its dependencies were changed since the last visit
2026-02-03T18:41:09.066Z - info: Site data built
2026-02-03T18:41:09.066Z - info: Lazy website regeneration complete! Total build time: 1.054s
2026-02-03T18:41:27.260Z - info: Building /Users/damithch/Repos/nus-cs2103/cs2103-website-base/admin/tp-w9 as some of its dependencies were changed since the last visit
2026-02-03T18:41:28.195Z - info: Site data built
2026-02-03T18:41:28.195Z - info: Lazy website regeneration complete! Total build time: 0.935s
2026-02-03T18:42:47.892Z - info: [02:42:47] Reload for file change: /Users/damithch/Repos/nus-cs2103/cs2103-website-base/admin/tp-tasks-fragment.md
2026-02-03T18:42:47.894Z - info: Synchronizing opened pages list before reload
2026-02-03T18:42:47.895Z - info: Current opened pages, from most-to-least recent:
2026-02-03T18:42:47.896Z - info: 1. admin/tp-w9
2026-02-03T18:42:48.907Z - info: Rebuilding 1 pages
2026-02-03T18:42:49.823Z - info: Site data built
2026-02-03T18:42:49.823Z - info: Pages rebuilt
2026-02-03T18:42:49.823Z - info: Website regeneration complete! Total build time: 0.918s
2026-02-03T18:43:19.184Z - info: [02:43:19] Reload for file change: /Users/damithch/Repos/nus-cs2103/cs2103-website-base/admin/tp-tasks-fragment.md
2026-02-03T18:43:19.187Z - info: Synchronizing opened pages list before reload
2026-02-03T18:43:19.191Z - info: Current opened pages, from most-to-least recent:
2026-02-03T18:43:19.191Z - info: 1. admin/tp-w9
2026-02-03T18:43:20.239Z - info: Rebuilding 1 pages
2026-02-03T18:43:21.168Z - info: Site data built
2026-02-03T18:43:21.168Z - info: Pages rebuilt
2026-02-03T18:43:21.168Z - info: Website regeneration complete! Total build time: 0.947s
2026-02-03T18:45:24.063Z - info: [02:45:24] Reload for file change: /Users/damithch/Repos/nus-cs2103/cs2103-website-base/admin/tp-tasks-fragment.md
2026-02-03T18:45:24.065Z - info: Synchronizing opened pages list before reload
2026-02-03T18:45:24.067Z - info: Current opened pages, from most-to-least recent:
2026-02-03T18:45:24.069Z - info: 1. admin/tp-w9
2026-02-03T18:45:25.126Z - info: Rebuilding 1 pages
2026-02-03T18:45:26.044Z - info: Site data built
2026-02-03T18:45:26.044Z - info: Pages rebuilt
2026-02-03T18:45:26.044Z - info: Website regeneration complete! Total build time: 0.94s
2026-02-03T18:45:55.194Z - info: [02:45:55] Reload for file change: /Users/damithch/Repos/nus-cs2103/cs2103-website-base/admin/tp-tasks-fragment.md
2026-02-03T18:45:55.196Z - info: Synchronizing opened pages list before reload
2026-02-03T18:45:55.198Z - info: Current opened pages, from most-to-least recent:
2026-02-03T18:45:55.198Z - info: 1. admin/tp-w9
2026-02-03T18:45:56.206Z - info: Rebuilding 1 pages
2026-02-03T18:45:57.114Z - info: Site data built
2026-02-03T18:45:57.114Z - info: Pages rebuilt
2026-02-03T18:45:57.114Z - info: Website regeneration complete! Total build time: 0.911s
2026-02-03T18:46:20.220Z - info: [02:46:20] Reload for file change: /Users/damithch/Repos/nus-cs2103/cs2103-website-base/admin/tp-tasks-fragment.md
2026-02-03T18:46:20.220Z - info: Synchronizing opened pages list before reload
2026-02-03T18:46:20.221Z - info: Current opened pages, from most-to-least recent:
2026-02-03T18:46:20.221Z - info: 1. admin/tp-w9
2026-02-03T18:46:21.231Z - info: Rebuilding 1 pages
2026-02-03T18:46:22.142Z - info: Site data built
2026-02-03T18:46:22.142Z - info: Pages rebuilt
2026-02-03T18:46:22.142Z - info: Website regeneration complete! Total build time: 0.918s
2026-02-03T18:46:46.563Z - info: [02:46:46] Reload for file change: /Users/damithch/Repos/nus-cs2103/cs2103-website-base/admin/tp-tasks-fragment.md
2026-02-03T18:46:46.563Z - info: Synchronizing opened pages list before reload
2026-02-03T18:46:46.564Z - info: Current opened pages, from most-to-least recent:
2026-02-03T18:46:46.564Z - info: 1. admin/tp-w9
2026-02-03T18:46:47.585Z - info: Rebuilding 1 pages
2026-02-03T18:46:48.483Z - info: Site data built
2026-02-03T18:46:48.484Z - info: Pages rebuilt
2026-02-03T18:46:48.484Z - info: Website regeneration complete! Total build time: 0.902s
2026-02-03T18:47:32.872Z - info: [02:47:32] Reload for file change: /Users/damithch/Repos/nus-cs2103/cs2103-website-base/admin/tp-tasks-fragment.md
2026-02-03T18:47:32.874Z - info: Synchronizing opened pages list before reload
2026-02-03T18:47:32.875Z - info: Current opened pages, from most-to-least recent:
2026-02-03T18:47:32.875Z - info: 1. admin/tp-w9
2026-02-03T18:47:33.893Z - info: Rebuilding 1 pages
2026-02-03T18:47:34.818Z - info: Site data built
2026-02-03T18:47:34.818Z - info: Pages rebuilt
2026-02-03T18:47:34.818Z - info: Website regeneration complete! Total build time: 0.932s
2026-02-03T18:48:50.043Z - info: [02:48:50] Reload for file change: /Users/damithch/Repos/nus-cs2103/cs2103-website-base/admin/tp-tasks-fragment.md
2026-02-03T18:48:50.059Z - info: Synchronizing opened pages list before reload
2026-02-03T18:48:50.065Z - info: Current opened pages, from most-to-least recent:
2026-02-03T18:48:50.065Z - info: 1. admin/tp-w9
2026-02-03T18:48:51.072Z - info: Rebuilding 1 pages
2026-02-03T18:48:52.007Z - info: Site data built
2026-02-03T18:48:52.008Z - info: Pages rebuilt
2026-02-03T18:48:52.008Z - info: Website regeneration complete! Total build time: 0.938s
2026-02-03T18:50:59.653Z - info: [02:50:59] Reload for file change: /Users/damithch/Repos/nus-cs2103/cs2103-website-base/admin/tp-tasks-fragment.md
2026-02-03T18:50:59.658Z - info: Synchronizing opened pages list before reload
2026-02-03T18:50:59.660Z - info: Current opened pages, from most-to-least recent:
2026-02-03T18:50:59.660Z - info: 1. admin/tp-w9
2026-02-03T18:51:00.683Z - info: Rebuilding 1 pages
2026-02-03T18:51:01.646Z - info: Site data built
2026-02-03T18:51:01.646Z - info: Pages rebuilt
2026-02-03T18:51:01.646Z - info: Website regeneration complete! Total build time: 0.978s
2026-02-03T18:51:10.912Z - info: [02:51:10] Reload for file change: /Users/damithch/Repos/nus-cs2103/cs2103-website-base/admin/tp-tasks-fragment.md
2026-02-03T18:51:10.913Z - info: Synchronizing opened pages list before reload
2026-02-03T18:51:10.913Z - info: Current opened pages, from most-to-least recent:
2026-02-03T18:51:10.913Z - info: 1. admin/tp-w9
2026-02-03T18:51:11.927Z - info: Rebuilding 1 pages
2026-02-03T18:51:12.833Z - info: Site data built
2026-02-03T18:51:12.833Z - info: Pages rebuilt
2026-02-03T18:51:12.833Z - info: Website regeneration complete! Total build time: 0.908s
2026-02-03T18:51:20.377Z - info: [02:51:20] Reload for file change: /Users/damithch/Repos/nus-cs2103/cs2103-website-base/admin/tp-tasks-fragment.md
2026-02-03T18:51:20.378Z - info: Synchronizing opened pages list before reload
2026-02-03T18:51:20.378Z - info: Current opened pages, from most-to-least recent:
2026-02-03T18:51:20.378Z - info: 1. admin/tp-w9
2026-02-03T18:51:21.381Z - info: Rebuilding 1 pages
2026-02-03T18:51:22.269Z - info: Site data built
2026-02-03T18:51:22.269Z - info: Pages rebuilt
2026-02-03T18:51:22.269Z - info: Website regeneration complete! Total build time: 0.889s
2026-02-03T18:51:31.574Z - info: [02:51:31] Reload for file change: /Users/damithch/Repos/nus-cs2103/cs2103-website-base/admin/tp-tasks-fragment.md
2026-02-03T18:51:31.574Z - info: Synchronizing opened pages list before reload
2026-02-03T18:51:31.575Z - info: Current opened pages, from most-to-least recent:
2026-02-03T18:51:31.575Z - info: 1. admin/tp-w9
2026-02-03T18:51:32.578Z - info: Rebuilding 1 pages
2026-02-03T18:51:33.523Z - info: Site data built
2026-02-03T18:51:33.523Z - info: Pages rebuilt
2026-02-03T18:51:33.523Z - info: Website regeneration complete! Total build time: 0.947s
2026-02-03T18:51:46.249Z - info: [02:51:46] Reload for file change: /Users/damithch/Repos/nus-cs2103/cs2103-website-base/admin/tp-tasks-fragment.md
2026-02-03T18:51:46.250Z - info: Synchronizing opened pages list before reload
2026-02-03T18:51:46.252Z - info: Current opened pages, from most-to-least recent:
2026-02-03T18:51:46.252Z - info: 1. admin/tp-w9
2026-02-03T18:51:47.261Z - info: Rebuilding 1 pages
2026-02-03T18:51:48.195Z - info: Site data built
2026-02-03T18:51:48.195Z - info: Pages rebuilt
2026-02-03T18:51:48.195Z - info: Website regeneration complete! Total build time: 0.937s
2026-02-03T18:52:15.017Z - info: [02:52:15] Reload for file change: /Users/damithch/Repos/nus-cs2103/cs2103-website-base/admin/tp-tasks-fragment.md
2026-02-03T18:52:15.018Z - info: Synchronizing opened pages list before reload
2026-02-03T18:52:15.019Z - info: Current opened pages, from most-to-least recent:
2026-02-03T18:52:15.021Z - info: 1. admin/tp-w9
2026-02-03T18:52:16.034Z - info: Rebuilding 1 pages
2026-02-03T18:52:16.957Z - info: Site data built
2026-02-03T18:52:16.957Z - info: Pages rebuilt
2026-02-03T18:52:16.957Z - info: Website regeneration complete! Total build time: 0.925s
2026-02-03T18:52:24.395Z - info: [02:52:24] Reload for file change: /Users/damithch/Repos/nus-cs2103/cs2103-website-base/admin/tp-tasks-fragment.md
2026-02-03T18:52:24.396Z - info: Synchronizing opened pages list before reload
2026-02-03T18:52:24.396Z - info: Current opened pages, from most-to-least recent:
2026-02-03T18:52:24.396Z - info: 1. admin/tp-w9
2026-02-03T18:52:25.414Z - info: Rebuilding 1 pages
2026-02-03T18:52:26.288Z - info: Site data built
2026-02-03T18:52:26.288Z - info: Pages rebuilt
2026-02-03T18:52:26.288Z - info: Website regeneration complete! Total build time: 0.876s
2026-02-03T18:53:22.565Z - info: [02:53:22] Reload for file change: /Users/damithch/Repos/nus-cs2103/cs2103-website-base/admin/tp-tasks-fragment.md
2026-02-03T18:53:22.566Z - info: Synchronizing opened pages list before reload
2026-02-03T18:53:22.566Z - info: Current opened pages, from most-to-least recent:
2026-02-03T18:53:22.566Z - info: 1. admin/tp-w9
2026-02-03T18:53:23.582Z - info: Rebuilding 1 pages
2026-02-03T18:53:24.514Z - info: Site data built
2026-02-03T18:53:24.515Z - info: Pages rebuilt
2026-02-03T18:53:24.515Z - info: Website regeneration complete! Total build time: 0.937s
2026-02-03T18:54:16.039Z - info: [02:54:16] Reload for file change: /Users/damithch/Repos/nus-cs2103/cs2103-website-base/admin/tp-tasks-fragment.md
2026-02-03T18:54:16.045Z - info: Synchronizing opened pages list before reload
2026-02-03T18:54:16.051Z - info: Current opened pages, from most-to-least recent:
2026-02-03T18:54:16.051Z - info: 1. admin/tp-w9
2026-02-03T18:54:17.063Z - info: Rebuilding 1 pages
2026-02-03T18:54:17.973Z - info: Site data built
2026-02-03T18:54:17.974Z - info: Pages rebuilt
2026-02-03T18:54:17.974Z - info: Website regeneration complete! Total build time: 0.915s
2026-02-03T18:54:39.520Z - info: Building /Users/damithch/Repos/nus-cs2103/cs2103-website-base/admin/tp-w10 as some of its dependencies were changed since the last visit
2026-02-03T18:54:40.556Z - info: Site data built
2026-02-03T18:54:40.556Z - info: Lazy website regeneration complete! Total build time: 1.036s
2026-02-03T18:55:11.111Z - info: [02:55:11] Reload for file change: /Users/damithch/Repos/nus-cs2103/cs2103-website-base/admin/tp-tasks-fragment.md
2026-02-03T18:55:11.113Z - info: Synchronizing opened pages list before reload
2026-02-03T18:55:11.114Z - info: Current opened pages, from most-to-least recent:
2026-02-03T18:55:11.115Z - info: 1. admin/tp-w10
2026-02-03T18:55:12.125Z - info: Rebuilding 1 pages
2026-02-03T18:55:13.169Z - info: Site data built
2026-02-03T18:55:13.169Z - info: Pages rebuilt
2026-02-03T18:55:13.169Z - info: Website regeneration complete! Total build time: 1.046s
2026-02-03T18:55:48.328Z - info: [02:55:48] Reload for file change: /Users/damithch/Repos/nus-cs2103/cs2103-website-base/admin/tp-tasks-fragment.md
2026-02-03T18:55:48.328Z - info: Synchronizing opened pages list before reload
2026-02-03T18:55:48.329Z - info: Current opened pages, from most-to-least recent:
2026-02-03T18:55:48.329Z - info: 1. admin/tp-w10
2026-02-03T18:55:49.344Z - info: Rebuilding 1 pages
2026-02-03T18:55:50.411Z - info: Site data built
2026-02-03T18:55:50.411Z - info: Pages rebuilt
2026-02-03T18:55:50.411Z - info: Website regeneration complete! Total build time: 1.071s
2026-02-03T18:56:33.397Z - info: [02:56:33] Reload for file change: /Users/damithch/Repos/nus-cs2103/cs2103-website-base/admin/tp-tasks-fragment.md
2026-02-03T18:56:33.399Z - info: Synchronizing opened pages list before reload
2026-02-03T18:56:33.401Z - info: Current opened pages, from most-to-least recent:
2026-02-03T18:56:33.402Z - info: 1. admin/tp-w10
2026-02-03T18:56:34.413Z - info: Rebuilding 1 pages
2026-02-03T18:56:35.482Z - info: Site data built
2026-02-03T18:56:35.482Z - info: Pages rebuilt
2026-02-03T18:56:35.482Z - info: Website regeneration complete! Total build time: 1.072s
2026-02-03T18:56:51.211Z - info: [02:56:51] Reload for file change: /Users/damithch/Repos/nus-cs2103/cs2103-website-base/admin/tp-tasks-fragment.md
2026-02-03T18:56:51.216Z - info: Synchronizing opened pages list before reload
2026-02-03T18:56:51.217Z - info: Current opened pages, from most-to-least recent:
2026-02-03T18:56:51.217Z - info: 1. admin/tp-w10
2026-02-03T18:56:52.225Z - info: Rebuilding 1 pages
2026-02-03T18:56:53.271Z - info: Site data built
2026-02-03T18:56:53.272Z - info: Pages rebuilt
2026-02-03T18:56:53.272Z - info: Website regeneration complete! Total build time: 1.048s
2026-02-03T18:57:02.345Z - info: [02:57:02] Reload for file change: /Users/damithch/Repos/nus-cs2103/cs2103-website-base/admin/tp-tasks-fragment.md
2026-02-03T18:57:02.345Z - info: Synchronizing opened pages list before reload
2026-02-03T18:57:02.345Z - info: Current opened pages, from most-to-least recent:
2026-02-03T18:57:02.345Z - info: 1. admin/tp-w10
2026-02-03T18:57:03.359Z - info: Rebuilding 1 pages
2026-02-03T18:57:04.394Z - info: Site data built
2026-02-03T18:57:04.394Z - info: Pages rebuilt
2026-02-03T18:57:04.394Z - info: Website regeneration complete! Total build time: 1.037s
2026-02-03T19:00:17.018Z - info: [03:00:17] Reload for file change: /Users/damithch/Repos/nus-cs2103/cs2103-website-base/admin/tp-tasks-fragment.md
2026-02-03T19:00:17.022Z - info: Synchronizing opened pages list before reload
2026-02-03T19:00:17.023Z - info: Current opened pages, from most-to-least recent:
2026-02-03T19:00:17.023Z - info: 1. admin/tp-w10
2026-02-03T19:00:18.028Z - info: Rebuilding 1 pages
2026-02-03T19:00:19.086Z - info: Site data built
2026-02-03T19:00:19.086Z - info: Pages rebuilt
2026-02-03T19:00:19.086Z - info: Website regeneration complete! Total build time: 1.06s
2026-02-03T19:00:43.494Z - info: [03:00:43] Reload for file change: /Users/damithch/Repos/nus-cs2103/cs2103-website-base/admin/tp-tasks-fragment.md
2026-02-03T19:00:43.494Z - info: Synchronizing opened pages list before reload
2026-02-03T19:00:43.495Z - info: Current opened pages, from most-to-least recent:
2026-02-03T19:00:43.495Z - info: 1. admin/tp-w10
2026-02-03T19:00:44.509Z - info: Rebuilding 1 pages
2026-02-03T19:00:45.558Z - info: Site data built
2026-02-03T19:00:45.559Z - info: Pages rebuilt
2026-02-03T19:00:45.559Z - info: Website regeneration complete! Total build time: 1.054s
2026-02-03T19:00:48.331Z - info: Building /Users/damithch/Repos/nus-cs2103/cs2103-website-base/admin/tp-w9 as some of its dependencies were changed since the last visit
2026-02-03T19:00:49.130Z - info: Site data built
2026-02-03T19:00:49.130Z - info: Lazy website regeneration complete! Total build time: 0.799s
2026-02-03T19:02:25.802Z - info: [03:02:25] Reload for file change: /Users/damithch/Repos/nus-cs2103/cs2103-website-base/admin/tp-tasks-fragment.md
2026-02-03T19:02:25.805Z - info: Synchronizing opened pages list before reload
2026-02-03T19:02:25.807Z - info: Current opened pages, from most-to-least recent:
2026-02-03T19:02:25.807Z - info: 1. admin/tp-w9
2026-02-03T19:02:26.826Z - info: Rebuilding 1 pages
2026-02-03T19:02:27.728Z - info: Site data built
2026-02-03T19:02:27.729Z - info: Pages rebuilt
2026-02-03T19:02:27.729Z - info: Website regeneration complete! Total build time: 0.905s
2026-02-03T19:03:55.418Z - info: [03:03:55] Reload for file change: /Users/damithch/Repos/nus-cs2103/cs2103-website-base/admin/tp-tasks-fragment.md
2026-02-03T19:03:55.420Z - info: Synchronizing opened pages list before reload
2026-02-03T19:03:55.421Z - info: Current opened pages, from most-to-least recent:
2026-02-03T19:03:55.422Z - info: 1. admin/tp-w9
2026-02-03T19:03:56.436Z - info: Rebuilding 1 pages
2026-02-03T19:03:57.375Z - info: Site data built
2026-02-03T19:03:57.376Z - info: Pages rebuilt
2026-02-03T19:03:57.376Z - info: Website regeneration complete! Total build time: 0.943s
2026-02-03T19:04:33.756Z - info: Building /Users/damithch/Repos/nus-cs2103/cs2103-website-base/admin/tp-constraints as some of its dependencies were changed since the last visit
2026-02-03T19:04:33.979Z - info: Site data built
2026-02-03T19:04:33.979Z - info: Lazy website regeneration complete! Total build time: 0.223s
2026-02-03T19:05:19.176Z - info: [03:05:19] Reload for file change: /Users/damithch/Repos/nus-cs2103/cs2103-website-base/admin/tp-tasks-fragment.md
2026-02-03T19:05:19.180Z - info: Synchronizing opened pages list before reload
2026-02-03T19:05:19.182Z - info: Current opened pages, from most-to-least recent:
2026-02-03T19:05:19.182Z - info: 1. admin/tp-constraints
2026-02-03T19:05:20.198Z - info: No pages needed to be rebuilt
2026-02-03T19:05:24.479Z - info: Building /Users/damithch/Repos/nus-cs2103/cs2103-website-base/admin/tp-w9 as some of its dependencies were changed since the last visit
2026-02-03T19:05:25.410Z - info: Site data built
2026-02-03T19:05:25.410Z - info: Lazy website regeneration complete! Total build time: 0.931s
2026-02-03T19:08:59.974Z - info: [03:08:59] Reload for file change: /Users/damithch/Repos/nus-cs2103/cs2103-website-base/admin/tp-constraints.md
2026-02-03T19:08:59.976Z - info: Synchronizing opened pages list before reload
2026-02-03T19:08:59.977Z - info: Current opened pages, from most-to-least recent:
2026-02-03T19:08:59.978Z - info: 1. admin/tp-constraints
2026-02-03T19:09:00.993Z - info: Rebuilding 1 pages
2026-02-03T19:09:01.219Z - info: Site data built
2026-02-03T19:09:01.219Z - info: Pages rebuilt
2026-02-03T19:09:01.219Z - info: Website regeneration complete! Total build time: 0.237s
2026-02-03T19:09:48.225Z - info: [03:09:48] Reload for file change: /Users/damithch/Repos/nus-cs2103/cs2103-website-base/admin/tp-constraints.md
2026-02-03T19:09:48.226Z - info: Synchronizing opened pages list before reload
2026-02-03T19:09:48.227Z - info: Current opened pages, from most-to-least recent:
2026-02-03T19:09:48.227Z - info: 1. admin/tp-constraints
2026-02-03T19:09:49.245Z - info: Rebuilding 1 pages
2026-02-03T19:09:49.440Z - info: Site data built
2026-02-03T19:09:49.440Z - info: Pages rebuilt
2026-02-03T19:09:49.440Z - info: Website regeneration complete! Total build time: 0.199s
2026-02-03T19:10:49.694Z - info: [03:10:49] Reload for file change: /Users/damithch/Repos/nus-cs2103/cs2103-website-base/admin/tp-constraints.md
2026-02-03T19:10:49.696Z - info: Synchronizing opened pages list before reload
2026-02-03T19:10:49.696Z - info: Current opened pages, from most-to-least recent:
2026-02-03T19:10:49.697Z - info: 1. admin/tp-constraints
2026-02-03T19:10:50.704Z - info: Rebuilding 1 pages
2026-02-03T19:10:50.910Z - info: Site data built
2026-02-03T19:10:50.910Z - info: Pages rebuilt
2026-02-03T19:10:50.910Z - info: Website regeneration complete! Total build time: 0.21s
2026-02-03T19:14:10.545Z - info: [03:14:10] Reload for file change: /Users/damithch/Repos/nus-cs2103/cs2103-website-base/admin/tp-pe-bug-triaging-guidelines-fragment.md
2026-02-03T19:14:10.546Z - info: Synchronizing opened pages list before reload
2026-02-03T19:14:10.546Z - info: Current opened pages, from most-to-least recent:
2026-02-03T19:14:10.546Z - info: 1. admin/tp-constraints
2026-02-03T19:14:11.559Z - info: No pages needed to be rebuilt
2026-02-03T19:14:38.071Z - info: Website generation started at 03:14:37
2026-02-03T19:14:38.463Z - info: Building assets...
