2026-02-10T16:41:22.052Z - info: Website generation (lazy) started at 00:41:21
2026-02-10T16:41:22.521Z - info: Building assets...
2026-02-10T16:41:24.199Z - info: Assets built
2026-02-10T16:41:24.200Z - info: Generating landing page...
2026-02-10T16:41:24.781Z - info: Landing page built, other pages will be built as you navigate to them!
2026-02-10T16:41:24.860Z - info: Site data built
2026-02-10T16:41:24.860Z - info: Website generation (lazy) complete! Total build time: 3.601s
2026-02-10T16:41:24.871Z - info: Serving "/Users/damithch/Repos/nus-cs2103/cs2103-website-base/_site" at http://127.0.0.1:8080
2026-02-10T16:41:24.871Z - info: Press CTRL+C to stop ...
2026-02-10T16:42:25.706Z - info: Building /Users/damithch/Repos/nus-cs2103/cs2103-website-base/admin/tp-w7 as some of its dependencies were changed since the last visit
2026-02-10T16:42:26.942Z - info: Site data built
2026-02-10T16:42:26.943Z - info: Lazy website regeneration complete! Total build time: 1.239s
2026-02-10T16:42:39.847Z - info: Building /Users/damithch/Repos/nus-cs2103/cs2103-website-base/admin/tp-w8 as some of its dependencies were changed since the last visit
2026-02-10T16:42:40.975Z - info: Site data built
2026-02-10T16:42:40.975Z - info: Lazy website regeneration complete! Total build time: 1.129s
2026-02-10T16:42:55.506Z - info: Building /Users/damithch/Repos/nus-cs2103/cs2103-website-base/admin/tp-w9 as some of its dependencies were changed since the last visit
2026-02-10T16:42:56.476Z - info: Site data built
2026-02-10T16:42:56.476Z - info: Lazy website regeneration complete! Total build time: 0.971s
2026-02-10T16:43:11.943Z - info: Building /Users/damithch/Repos/nus-cs2103/cs2103-website-base/admin/tp-w10 as some of its dependencies were changed since the last visit
2026-02-10T16:43:13.025Z - info: Site data built
2026-02-10T16:43:13.026Z - info: Lazy website regeneration complete! Total build time: 1.084s
2026-02-10T16:43:36.919Z - info: Building /Users/damithch/Repos/nus-cs2103/cs2103-website-base/admin/tp-w11 as some of its dependencies were changed since the last visit
2026-02-10T16:43:38.480Z - info: Site data built
2026-02-10T16:43:38.480Z - info: Lazy website regeneration complete! Total build time: 1.562s
2026-02-10T16:45:30.276Z - info: [00:45:30] Reload for file change: /Users/damithch/Repos/nus-cs2103/cs2103-website-base/admin/tp-tasks-fragment.md
2026-02-10T16:45:30.284Z - info: Synchronizing opened pages list before reload
2026-02-10T16:45:30.286Z - info: Current opened pages, from most-to-least recent:
2026-02-10T16:45:30.286Z - info: 1. admin/tp-w11
2026-02-10T16:45:31.295Z - info: Rebuilding 1 pages
2026-02-10T16:45:32.803Z - info: Site data built
2026-02-10T16:45:32.803Z - info: Pages rebuilt
2026-02-10T16:45:32.803Z - info: Website regeneration complete! Total build time: 1.511s
2026-02-10T16:48:02.615Z - info: [00:48:02] Reload for file change: /Users/damithch/Repos/nus-cs2103/cs2103-website-base/admin/tp-tasks-fragment.md
2026-02-10T16:48:02.619Z - info: Synchronizing opened pages list before reload
2026-02-10T16:48:02.623Z - info: Current opened pages, from most-to-least recent:
2026-02-10T16:48:02.624Z - info: 1. admin/tp-w11
2026-02-10T16:48:03.632Z - info: Rebuilding 1 pages
2026-02-10T16:48:05.219Z - info: Site data built
2026-02-10T16:48:05.219Z - info: Pages rebuilt
2026-02-10T16:48:05.219Z - info: Website regeneration complete! Total build time: 1.591s
2026-02-10T16:56:27.368Z - info: [00:56:27] Reload for file change: /Users/damithch/Repos/nus-cs2103/cs2103-website-base/admin/tp-tasks-fragment.md
2026-02-10T16:56:27.371Z - info: Synchronizing opened pages list before reload
2026-02-10T16:56:27.373Z - info: Current opened pages, from most-to-least recent:
2026-02-10T16:56:27.373Z - info: 1. admin/tp-w11
2026-02-10T16:56:28.385Z - info: Rebuilding 1 pages
2026-02-10T16:56:29.942Z - info: Site data built
2026-02-10T16:56:29.942Z - info: Pages rebuilt
2026-02-10T16:56:29.942Z - info: Website regeneration complete! Total build time: 1.558s
2026-02-10T17:32:37.330Z - info: Building /Users/damithch/Repos/nus-cs2103/cs2103-website-base/admin/tp-w13 as some of its dependencies were changed since the last visit
2026-02-10T17:32:40.749Z - debug:  
2026-02-10T17:32:40.874Z - debug:  
2026-02-10T17:32:40.980Z - info: Site data built
2026-02-10T17:32:40.980Z - info: Lazy website regeneration complete! Total build time: 3.652s
2026-02-10T17:33:10.663Z - info: Building /Users/damithch/Repos/nus-cs2103/cs2103-website-base/admin/tp-deliverables as some of its dependencies were changed since the last visit
2026-02-10T17:33:11.074Z - info: Site data built
2026-02-10T17:33:11.074Z - info: Lazy website regeneration complete! Total build time: 0.411s
2026-02-10T17:34:44.310Z - info: Building /Users/damithch/Repos/nus-cs2103/cs2103-website-base/admin/tp-pe as some of its dependencies were changed since the last visit
2026-02-10T17:34:45.376Z - info: Site data built
2026-02-10T17:34:45.376Z - info: Lazy website regeneration complete! Total build time: 1.067s
2026-02-10T17:44:23.305Z - info: [01:44:23] Reload for file change: /Users/damithch/Repos/nus-cs2103/cs2103-website-base/admin/faq-fragment.md
2026-02-10T17:44:23.310Z - info: Synchronizing opened pages list before reload
2026-02-10T17:44:23.312Z - info: Current opened pages, from most-to-least recent:
2026-02-10T17:44:23.313Z - info: 1. admin/tp-deliverables
2026-02-10T17:44:24.324Z - info: Rebuilding 1 pages
2026-02-10T17:44:24.734Z - info: Site data built
2026-02-10T17:44:24.734Z - info: Pages rebuilt
2026-02-10T17:44:24.734Z - info: Website regeneration complete! Total build time: 0.415s
2026-02-10T17:45:17.614Z - info: Building /Users/damithch/Repos/nus-cs2103/cs2103-website-base/admin/tp-pe as some of its dependencies were changed since the last visit
2026-02-10T17:45:18.691Z - info: Site data built
2026-02-10T17:45:18.691Z - info: Lazy website regeneration complete! Total build time: 1.078s
2026-02-10T17:49:31.038Z - info: [01:49:31] Reload for file change: /Users/damithch/Repos/nus-cs2103/cs2103-website-base/admin/tp-pe-fragment.md
2026-02-10T17:49:31.047Z - info: Synchronizing opened pages list before reload
2026-02-10T17:49:31.051Z - info: Current opened pages, from most-to-least recent:
2026-02-10T17:49:31.051Z - info: 1. admin/tp-pe
2026-02-10T17:49:32.065Z - info: Rebuilding 1 pages
2026-02-10T17:49:33.206Z - info: Site data built
2026-02-10T17:49:33.206Z - info: Pages rebuilt
2026-02-10T17:49:33.206Z - info: Website regeneration complete! Total build time: 1.146s
2026-02-10T17:53:23.676Z - info: [01:53:23] Reload for file change: /Users/damithch/Repos/nus-cs2103/cs2103-website-base/admin/tp-pe-fragment.md
2026-02-10T17:53:23.679Z - info: Synchronizing opened pages list before reload
2026-02-10T17:53:23.682Z - info: Current opened pages, from most-to-least recent:
2026-02-10T17:53:23.683Z - info: 1. admin/tp-pe
2026-02-10T17:53:24.700Z - info: Rebuilding 1 pages
2026-02-10T17:53:25.853Z - info: Site data built
2026-02-10T17:53:25.853Z - info: Pages rebuilt
2026-02-10T17:53:25.853Z - info: Website regeneration complete! Total build time: 1.162s
2026-02-10T17:53:35.086Z - info: [01:53:35] Reload for file change: /Users/damithch/Repos/nus-cs2103/cs2103-website-base/admin/tp-pe-fragment.md
2026-02-10T17:53:35.086Z - info: Synchronizing opened pages list before reload
2026-02-10T17:53:35.086Z - info: Current opened pages, from most-to-least recent:
2026-02-10T17:53:35.086Z - info: 1. admin/tp-pe
2026-02-10T17:53:36.095Z - info: Rebuilding 1 pages
2026-02-10T17:53:37.196Z - info: Site data built
2026-02-10T17:53:37.196Z - info: Pages rebuilt
2026-02-10T17:53:37.196Z - info: Website regeneration complete! Total build time: 1.103s
2026-02-10T17:54:23.249Z - info: [01:54:23] Reload for file change: /Users/damithch/Repos/nus-cs2103/cs2103-website-base/admin/tp-pe-fragment.md
2026-02-10T17:54:23.252Z - info: Synchronizing opened pages list before reload
2026-02-10T17:54:23.253Z - info: Current opened pages, from most-to-least recent:
2026-02-10T17:54:23.254Z - info: 1. admin/tp-pe
2026-02-10T17:54:24.261Z - info: Rebuilding 1 pages
2026-02-10T17:54:25.396Z - info: Site data built
2026-02-10T17:54:25.396Z - info: Pages rebuilt
2026-02-10T17:54:25.396Z - info: Website regeneration complete! Total build time: 1.138s
2026-02-10T17:54:40.808Z - info: [01:54:40] Reload for file change: /Users/damithch/Repos/nus-cs2103/cs2103-website-base/admin/tp-pe-fragment.md
2026-02-10T17:54:40.819Z - info: Synchronizing opened pages list before reload
2026-02-10T17:54:40.823Z - info: Current opened pages, from most-to-least recent:
2026-02-10T17:54:40.825Z - info: 1. admin/tp-pe
2026-02-10T17:54:41.847Z - info: Rebuilding 1 pages
2026-02-10T17:54:42.982Z - info: Site data built
2026-02-10T17:54:42.982Z - info: Pages rebuilt
2026-02-10T17:54:42.982Z - info: Website regeneration complete! Total build time: 1.14s
2026-02-10T17:54:56.358Z - info: [01:54:56] Reload for file change: /Users/damithch/Repos/nus-cs2103/cs2103-website-base/admin/tp-pe-fragment.md
2026-02-10T17:54:56.359Z - info: Synchronizing opened pages list before reload
2026-02-10T17:54:56.360Z - info: Current opened pages, from most-to-least recent:
2026-02-10T17:54:56.360Z - info: 1. admin/tp-pe
2026-02-10T17:54:57.364Z - info: Rebuilding 1 pages
2026-02-10T17:54:58.458Z - info: Site data built
2026-02-10T17:54:58.458Z - info: Pages rebuilt
2026-02-10T17:54:58.458Z - info: Website regeneration complete! Total build time: 1.096s
2026-02-10T17:55:15.476Z - info: [01:55:15] Reload for file change: /Users/damithch/Repos/nus-cs2103/cs2103-website-base/admin/tp-pe-fragment.md
2026-02-10T17:55:15.477Z - info: Synchronizing opened pages list before reload
2026-02-10T17:55:15.477Z - info: Current opened pages, from most-to-least recent:
2026-02-10T17:55:15.477Z - info: 1. admin/tp-pe
2026-02-10T17:55:16.486Z - info: Rebuilding 1 pages
2026-02-10T17:55:17.609Z - info: Site data built
2026-02-10T17:55:17.609Z - info: Pages rebuilt
2026-02-10T17:55:17.609Z - info: Website regeneration complete! Total build time: 1.126s
2026-02-10T17:59:36.804Z - info: [01:59:36] Reload for file change: /Users/damithch/Repos/nus-cs2103/cs2103-website-base/admin/tp-pe-fragment.md
2026-02-10T17:59:36.806Z - info: Synchronizing opened pages list before reload
2026-02-10T17:59:36.807Z - info: Current opened pages, from most-to-least recent:
2026-02-10T17:59:36.807Z - info: 1. admin/tp-pe
2026-02-10T17:59:37.817Z - info: Rebuilding 1 pages
2026-02-10T17:59:38.939Z - info: Site data built
2026-02-10T17:59:38.939Z - info: Pages rebuilt
2026-02-10T17:59:38.940Z - info: Website regeneration complete! Total build time: 1.127s
2026-02-10T18:00:58.965Z - info: [02:00:58] Reload for file change: /Users/damithch/Repos/nus-cs2103/cs2103-website-base/admin/tp-pe-fragment.md
2026-02-10T18:00:58.967Z - info: Synchronizing opened pages list before reload
2026-02-10T18:00:58.968Z - info: Current opened pages, from most-to-least recent:
2026-02-10T18:00:58.968Z - info: 1. admin/tp-pe
2026-02-10T18:00:59.977Z - info: Rebuilding 1 pages
2026-02-10T18:01:01.114Z - info: Site data built
2026-02-10T18:01:01.114Z - info: Pages rebuilt
2026-02-10T18:01:01.114Z - info: Website regeneration complete! Total build time: 1.14s
2026-02-10T18:01:37.313Z - info: [02:01:37] Reload for file change: /Users/damithch/Repos/nus-cs2103/cs2103-website-base/admin/tp-pe-fragment.md
2026-02-10T18:01:37.315Z - info: Synchronizing opened pages list before reload
2026-02-10T18:01:37.317Z - info: Current opened pages, from most-to-least recent:
2026-02-10T18:01:37.317Z - info: 1. admin/tp-pe
2026-02-10T18:01:38.325Z - info: Rebuilding 1 pages
2026-02-10T18:01:39.480Z - info: Site data built
2026-02-10T18:01:39.480Z - info: Pages rebuilt
2026-02-10T18:01:39.480Z - info: Website regeneration complete! Total build time: 1.158s
2026-02-10T18:03:17.151Z - info: [02:03:17] Reload for file change: /Users/damithch/Repos/nus-cs2103/cs2103-website-base/admin/tp-pe-fragment.md
2026-02-10T18:03:17.166Z - info: Synchronizing opened pages list before reload
2026-02-10T18:03:17.170Z - info: Current opened pages, from most-to-least recent:
2026-02-10T18:03:17.170Z - info: 1. admin/tp-pe
2026-02-10T18:03:18.183Z - info: Rebuilding 1 pages
2026-02-10T18:03:19.323Z - info: Site data built
2026-02-10T18:03:19.323Z - info: Pages rebuilt
2026-02-10T18:03:19.323Z - info: Website regeneration complete! Total build time: 1.144s
2026-02-10T18:04:24.386Z - info: [02:04:24] Reload for file change: /Users/damithch/Repos/nus-cs2103/cs2103-website-base/admin/tp-pe-fragment.md
2026-02-10T18:04:24.389Z - info: Synchronizing opened pages list before reload
2026-02-10T18:04:24.390Z - info: Current opened pages, from most-to-least recent:
2026-02-10T18:04:24.391Z - info: 1. admin/tp-pe
2026-02-10T18:04:25.395Z - info: Rebuilding 1 pages
2026-02-10T18:04:26.502Z - info: Site data built
2026-02-10T18:04:26.502Z - info: Pages rebuilt
2026-02-10T18:04:26.502Z - info: Website regeneration complete! Total build time: 1.109s
2026-02-10T18:16:57.034Z - info: [02:16:57] Reload for file change: /Users/damithch/Repos/nus-cs2103/cs2103-website-base/admin/tp-pe-fragment.md
2026-02-10T18:16:57.045Z - info: Synchronizing opened pages list before reload
2026-02-10T18:16:57.047Z - info: Current opened pages, from most-to-least recent:
2026-02-10T18:16:57.047Z - info: 1. admin/tp-pe
2026-02-10T18:16:58.064Z - info: Rebuilding 1 pages
2026-02-10T18:16:59.221Z - info: Site data built
2026-02-10T18:16:59.221Z - info: Pages rebuilt
2026-02-10T18:16:59.221Z - info: Website regeneration complete! Total build time: 1.162s
2026-02-10T18:17:50.672Z - info: [02:17:50] Reload for file change: /Users/damithch/Repos/nus-cs2103/cs2103-website-base/admin/tp-pe-fragment.md
2026-02-10T18:17:50.676Z - info: Synchronizing opened pages list before reload
2026-02-10T18:17:50.679Z - info: Current opened pages, from most-to-least recent:
2026-02-10T18:17:50.680Z - info: 1. admin/tp-pe
2026-02-10T18:17:51.695Z - info: Rebuilding 1 pages
2026-02-10T18:17:52.861Z - info: Site data built
2026-02-10T18:17:52.861Z - info: Pages rebuilt
2026-02-10T18:17:52.861Z - info: Website regeneration complete! Total build time: 1.175s
2026-02-10T18:18:09.382Z - info: [02:18:09] Reload for file change: /Users/damithch/Repos/nus-cs2103/cs2103-website-base/admin/tp-pe-fragment.md
2026-02-10T18:18:09.385Z - info: Synchronizing opened pages list before reload
2026-02-10T18:18:09.386Z - info: Current opened pages, from most-to-least recent:
2026-02-10T18:18:09.387Z - info: 1. admin/tp-pe
2026-02-10T18:18:10.395Z - info: Rebuilding 1 pages
2026-02-10T18:18:11.565Z - info: Site data built
2026-02-10T18:18:11.565Z - info: Pages rebuilt
2026-02-10T18:18:11.565Z - info: Website regeneration complete! Total build time: 1.172s
2026-02-10T18:18:39.697Z - info: [02:18:39] Reload for file change: /Users/damithch/Repos/nus-cs2103/cs2103-website-base/admin/tp-pe-fragment.md
2026-02-10T18:18:39.701Z - info: Synchronizing opened pages list before reload
2026-02-10T18:18:39.702Z - info: Current opened pages, from most-to-least recent:
2026-02-10T18:18:39.703Z - info: 1. admin/tp-pe
2026-02-10T18:18:40.710Z - info: Rebuilding 1 pages
2026-02-10T18:18:41.850Z - info: Site data built
2026-02-10T18:18:41.850Z - info: Pages rebuilt
2026-02-10T18:18:41.850Z - info: Website regeneration complete! Total build time: 1.144s
2026-02-10T18:18:46.946Z - info: [02:18:46] Reload for file change: /Users/damithch/Repos/nus-cs2103/cs2103-website-base/admin/tp-pe-fragment.md
2026-02-10T18:18:46.947Z - info: Synchronizing opened pages list before reload
2026-02-10T18:18:46.947Z - info: Current opened pages, from most-to-least recent:
2026-02-10T18:18:46.947Z - info: 1. admin/tp-pe
2026-02-10T18:18:47.960Z - info: Rebuilding 1 pages
2026-02-10T18:18:48.928Z - info: Site data built
2026-02-10T18:18:48.929Z - info: Pages rebuilt
2026-02-10T18:18:48.929Z - info: Website regeneration complete! Total build time: 0.972s
2026-02-10T18:19:09.059Z - info: [02:19:09] Reload for file change: /Users/damithch/Repos/nus-cs2103/cs2103-website-base/admin/tp-pe-fragment.md
2026-02-10T18:19:09.060Z - info: Synchronizing opened pages list before reload
2026-02-10T18:19:09.060Z - info: Current opened pages, from most-to-least recent:
2026-02-10T18:19:09.060Z - info: 1. admin/tp-pe
2026-02-10T18:19:10.064Z - info: Rebuilding 1 pages
2026-02-10T18:19:11.161Z - info: Site data built
2026-02-10T18:19:11.161Z - info: Pages rebuilt
2026-02-10T18:19:11.161Z - info: Website regeneration complete! Total build time: 1.099s
2026-02-10T18:19:36.376Z - info: [02:19:36] Reload for file change: /Users/damithch/Repos/nus-cs2103/cs2103-website-base/admin/tp-pe-fragment.md
2026-02-10T18:19:36.377Z - info: Synchronizing opened pages list before reload
2026-02-10T18:19:36.377Z - info: Current opened pages, from most-to-least recent:
2026-02-10T18:19:36.377Z - info: 1. admin/tp-pe
2026-02-10T18:19:37.378Z - info: Rebuilding 1 pages
2026-02-10T18:19:38.498Z - info: Site data built
2026-02-10T18:19:38.498Z - info: Pages rebuilt
2026-02-10T18:19:38.498Z - info: Website regeneration complete! Total build time: 1.121s
2026-02-10T18:21:32.008Z - info: [02:21:32] Reload for file change: /Users/damithch/Repos/nus-cs2103/cs2103-website-base/admin/tp-pe-fragment.md
2026-02-10T18:21:32.010Z - info: Synchronizing opened pages list before reload
2026-02-10T18:21:32.011Z - info: Current opened pages, from most-to-least recent:
2026-02-10T18:21:32.011Z - info: 1. admin/tp-pe
2026-02-10T18:21:33.022Z - info: Rebuilding 1 pages
2026-02-10T18:21:34.178Z - info: Site data built
2026-02-10T18:21:34.179Z - info: Pages rebuilt
2026-02-10T18:21:34.179Z - info: Website regeneration complete! Total build time: 1.161s
2026-02-10T18:34:03.632Z - info: [02:34:03] Reload for file change: /Users/damithch/Repos/nus-cs2103/cs2103-website-base/admin/tp-pe-fragment.md
2026-02-10T18:34:03.633Z - info: Synchronizing opened pages list before reload
2026-02-10T18:34:03.634Z - info: Current opened pages, from most-to-least recent:
2026-02-10T18:34:03.634Z - info: 1. admin/tp-pe
2026-02-10T18:34:04.649Z - info: Rebuilding 1 pages
2026-02-10T18:34:05.757Z - info: Site data built
2026-02-10T18:34:05.757Z - info: Pages rebuilt
2026-02-10T18:34:05.757Z - info: Website regeneration complete! Total build time: 1.119s
2026-02-10T18:35:43.823Z - info: [02:35:43] Reload for file change: /Users/damithch/Repos/nus-cs2103/cs2103-website-base/admin/tp-pe-fragment.md
2026-02-10T18:35:43.825Z - info: Synchronizing opened pages list before reload
2026-02-10T18:35:43.825Z - info: Current opened pages, from most-to-least recent:
2026-02-10T18:35:43.825Z - info: 1. admin/tp-pe
2026-02-10T18:35:43.970Z - info: [02:35:43] Reload for file change: /Users/damithch/Repos/nus-cs2103/cs2103-website-base/admin/tp-pe-fragment.md
2026-02-10T18:35:43.992Z - info: Synchronizing opened pages list before reload
2026-02-10T18:35:43.993Z - info: Current opened pages, from most-to-least recent:
2026-02-10T18:35:43.993Z - info: 1. admin/tp-pe
2026-02-10T18:35:44.830Z - info: Rebuilding 1 pages
2026-02-10T18:35:45.971Z - info: Site data built
2026-02-10T18:35:45.971Z - info: Pages rebuilt
2026-02-10T18:35:45.971Z - info: Website regeneration complete! Total build time: 1.144s
2026-02-10T18:37:50.822Z - info: [02:37:50] Reload for file change: /Users/damithch/Repos/nus-cs2103/cs2103-website-base/admin/tp-pe-fragment.md
2026-02-10T18:37:50.823Z - info: Synchronizing opened pages list before reload
2026-02-10T18:37:50.823Z - info: Current opened pages, from most-to-least recent:
2026-02-10T18:37:50.824Z - info: 1. admin/tp-pe
2026-02-10T18:37:51.829Z - info: Rebuilding 1 pages
2026-02-10T18:37:52.879Z - info: Site data built
2026-02-10T18:37:52.879Z - info: Pages rebuilt
2026-02-10T18:37:52.879Z - info: Website regeneration complete! Total build time: 1.053s
2026-02-10T18:38:08.868Z - info: [02:38:08] Reload for file change: /Users/damithch/Repos/nus-cs2103/cs2103-website-base/admin/tp-pe-fragment.md
2026-02-10T18:38:08.868Z - info: Synchronizing opened pages list before reload
2026-02-10T18:38:08.868Z - info: Current opened pages, from most-to-least recent:
2026-02-10T18:38:08.868Z - info: 1. admin/tp-pe
2026-02-10T18:38:09.874Z - info: Rebuilding 1 pages
2026-02-10T18:38:10.905Z - info: Site data built
2026-02-10T18:38:10.905Z - info: Pages rebuilt
2026-02-10T18:38:10.905Z - info: Website regeneration complete! Total build time: 1.034s
2026-02-10T18:38:34.777Z - info: [02:38:34] Reload for file change: /Users/damithch/Repos/nus-cs2103/cs2103-website-base/admin/tp-pe-fragment.md
2026-02-10T18:38:34.777Z - info: Synchronizing opened pages list before reload
2026-02-10T18:38:34.777Z - info: Current opened pages, from most-to-least recent:
2026-02-10T18:38:34.778Z - info: 1. admin/tp-pe
2026-02-10T18:38:35.788Z - info: Rebuilding 1 pages
2026-02-10T18:38:36.832Z - info: Site data built
2026-02-10T18:38:36.832Z - info: Pages rebuilt
2026-02-10T18:38:36.832Z - info: Website regeneration complete! Total build time: 1.046s
2026-02-10T18:39:43.558Z - info: [02:39:43] Reload for file change: /Users/damithch/Repos/nus-cs2103/cs2103-website-base/admin/tp-pe-fragment.md
2026-02-10T18:39:43.559Z - info: Synchronizing opened pages list before reload
2026-02-10T18:39:43.559Z - info: Current opened pages, from most-to-least recent:
2026-02-10T18:39:43.559Z - info: 1. admin/tp-pe
2026-02-10T18:39:44.575Z - info: Rebuilding 1 pages
2026-02-10T18:39:45.629Z - info: Site data built
2026-02-10T18:39:45.629Z - info: Pages rebuilt
2026-02-10T18:39:45.629Z - info: Website regeneration complete! Total build time: 1.056s
2026-02-10T18:41:09.540Z - info: [02:41:09] Reload for file change: /Users/damithch/Repos/nus-cs2103/cs2103-website-base/admin/tp-pe-fragment.md
2026-02-10T18:41:09.541Z - info: Synchronizing opened pages list before reload
2026-02-10T18:41:09.542Z - info: Current opened pages, from most-to-least recent:
2026-02-10T18:41:09.542Z - info: 1. admin/tp-pe
2026-02-10T18:41:10.556Z - info: Rebuilding 1 pages
2026-02-10T18:41:11.605Z - info: Site data built
2026-02-10T18:41:11.605Z - info: Pages rebuilt
2026-02-10T18:41:11.605Z - info: Website regeneration complete! Total build time: 1.051s
2026-02-10T18:41:51.803Z - info: [02:41:51] Reload for file change: /Users/damithch/Repos/nus-cs2103/cs2103-website-base/admin/tp-pe-fragment.md
2026-02-10T18:41:51.803Z - info: Synchronizing opened pages list before reload
2026-02-10T18:41:51.804Z - info: Current opened pages, from most-to-least recent:
2026-02-10T18:41:51.804Z - info: 1. admin/tp-pe
2026-02-10T18:41:52.817Z - info: Rebuilding 1 pages
2026-02-10T18:41:53.873Z - info: Site data built
2026-02-10T18:41:53.873Z - info: Pages rebuilt
2026-02-10T18:41:53.873Z - info: Website regeneration complete! Total build time: 1.06s
2026-02-10T18:50:08.216Z - info: [02:50:08] Reload for file change: /Users/damithch/Repos/nus-cs2103/cs2103-website-base/admin/appendixE-gitHub.md
2026-02-10T18:50:08.220Z - info: Synchronizing opened pages list before reload
2026-02-10T18:50:08.222Z - info: Current opened pages, from most-to-least recent:
2026-02-10T18:50:08.222Z - info: 1. admin/tp-pe
2026-02-10T18:50:09.228Z - info: Rebuilding 1 pages
2026-02-10T18:50:10.355Z - info: Site data built
2026-02-10T18:50:10.355Z - info: Pages rebuilt
2026-02-10T18:50:10.355Z - info: Website regeneration complete! Total build time: 1.13s
2026-02-10T18:50:13.440Z - info: [02:50:13] Reload for file change: /Users/damithch/Repos/nus-cs2103/cs2103-website-base/admin/appendixE-gitHub.md
2026-02-10T18:50:13.440Z - info: Synchronizing opened pages list before reload
2026-02-10T18:50:13.440Z - info: Current opened pages, from most-to-least recent:
2026-02-10T18:50:13.440Z - info: 1. admin/tp-pe
2026-02-10T18:50:14.448Z - info: Rebuilding 1 pages
2026-02-10T18:50:15.385Z - info: Site data built
2026-02-10T18:50:15.385Z - info: Pages rebuilt
2026-02-10T18:50:15.385Z - info: Website regeneration complete! Total build time: 0.938s
2026-02-10T18:52:05.884Z - info: [02:52:05] Reload for file change: /Users/damithch/Repos/nus-cs2103/cs2103-website-base/admin/appendixE-gitHub.md
2026-02-10T18:52:05.887Z - info: Synchronizing opened pages list before reload
2026-02-10T18:52:05.887Z - info: Current opened pages, from most-to-least recent:
2026-02-10T18:52:05.889Z - info: 1. admin/tp-pe
2026-02-10T18:52:06.895Z - info: Rebuilding 1 pages
2026-02-10T18:52:08.075Z - info: Site data built
2026-02-10T18:52:08.075Z - info: Pages rebuilt
2026-02-10T18:52:08.076Z - info: Website regeneration complete! Total build time: 1.184s
2026-02-10T18:58:06.028Z - info: [02:58:06] Reload for file change: /Users/damithch/Repos/nus-cs2103/cs2103-website-base/admin/faq-fragment.md
2026-02-10T18:58:06.034Z - info: Synchronizing opened pages list before reload
2026-02-10T18:58:06.039Z - info: Current opened pages, from most-to-least recent:
2026-02-10T18:58:06.040Z - info: 1. admin/tp-pe
2026-02-10T18:58:07.053Z - info: Rebuilding 1 pages
2026-02-10T18:58:08.203Z - info: Site data built
2026-02-10T18:58:08.204Z - info: Pages rebuilt
2026-02-10T18:58:08.204Z - info: Website regeneration complete! Total build time: 1.155s
2026-02-10T18:58:30.251Z - info: Building /Users/damithch/Repos/nus-cs2103/cs2103-website-base/admin/tp-deliverables as some of its dependencies were changed since the last visit
2026-02-10T18:58:30.658Z - info: Site data built
2026-02-10T18:58:30.658Z - info: Lazy website regeneration complete! Total build time: 0.407s
2026-02-10T18:58:51.101Z - info: [02:58:51] Reload for file change: /Users/damithch/Repos/nus-cs2103/cs2103-website-base/admin/faq-fragment.md
2026-02-10T18:58:51.101Z - info: Synchronizing opened pages list before reload
2026-02-10T18:58:51.102Z - info: Current opened pages, from most-to-least recent:
2026-02-10T18:58:51.102Z - info: 1. admin/tp-deliverables
2026-02-10T18:58:52.116Z - info: Rebuilding 1 pages
2026-02-10T18:58:52.543Z - info: Site data built
2026-02-10T18:58:52.543Z - info: Pages rebuilt
2026-02-10T18:58:52.543Z - info: Website regeneration complete! Total build time: 0.429s
2026-02-10T19:00:05.038Z - info: Website generation started at 03:00:04
2026-02-10T19:00:05.549Z - info: Building assets...
2026-02-10T19:00:06.823Z - info: Assets built
2026-02-10T19:00:06.823Z - info: Generating pages...
2026-02-10T19:00:16.008Z - debug:  
2026-02-10T19:00:16.008Z - debug:  
2026-02-10T19:00:16.009Z - debug:  
2026-02-10T19:00:16.009Z - debug:  
2026-02-10T19:00:16.009Z - debug:  
2026-02-10T19:00:16.009Z - debug:  
2026-02-10T19:00:16.009Z - debug:  
2026-02-10T19:00:16.009Z - debug:  
2026-02-10T19:00:16.009Z - debug:  
2026-02-10T19:00:16.009Z - debug:  
2026-02-10T19:00:16.009Z - debug:  
2026-02-10T19:00:16.009Z - debug:  
2026-02-10T19:00:16.009Z - debug:  
2026-02-10T19:00:16.009Z - debug:  
2026-02-10T19:00:16.009Z - debug:  
2026-02-10T19:00:16.009Z - debug:  
2026-02-10T19:00:19.023Z - debug:  
2026-02-10T19:00:19.086Z - debug:  
2026-02-10T19:00:19.086Z - debug:  
2026-02-10T19:00:19.090Z - debug:  
2026-02-10T19:00:19.090Z - debug:  
2026-02-10T19:00:19.174Z - debug:  
2026-02-10T19:00:29.659Z - debug:  
2026-02-10T19:01:18.873Z - debug:  
2026-02-10T19:01:18.874Z - debug:  
2026-02-10T19:01:31.949Z - debug:  
2026-02-10T19:01:45.605Z - debug:  
2026-02-10T19:01:45.619Z - debug:  
2026-02-10T19:01:55.076Z - info: Pages built
2026-02-10T19:01:55.153Z - info: Site data built
2026-02-10T19:01:55.153Z - info: Website generation complete! Total build time: 110.842s
2026-02-10T19:01:55.153Z - info: Build success!
2026-02-10T19:02:21.409Z - info: The website has been deployed at: https://nus-cs2103-ay2526-s2.github.io/website
2026-02-11T14:51:20.767Z - info: Website generation started at 22:51:19
2026-02-11T14:51:21.276Z - info: Building assets...
