2026-02-06T16:16:08.014Z - info: Website generation (lazy) started at 00:16:07
2026-02-06T16:16:08.688Z - info: Building assets...
2026-02-06T16:16:10.681Z - info: Assets built
2026-02-06T16:16:10.683Z - info: Generating landing page...
2026-02-06T16:16:11.683Z - info: Landing page built, other pages will be built as you navigate to them!
2026-02-06T16:16:11.802Z - info: Site data built
2026-02-06T16:16:11.802Z - info: Website generation (lazy) complete! Total build time: 4.618s
2026-02-06T16:16:11.817Z - info: Serving "/Users/damithch/Repos/nus-cs2103/cs2103-website-base/_site" at http://127.0.0.1:8080
2026-02-06T16:16:11.818Z - info: Press CTRL+C to stop ...
2026-02-06T16:18:18.410Z - info: [00:18:18] Reload for file change: /Users/damithch/Repos/nus-cs2103/cs2103-website-base/customviews.config.json
2026-02-06T16:18:18.412Z - info: Synchronizing opened pages list before reload
2026-02-06T16:18:18.413Z - info: Current opened pages, from most-to-least recent:
2026-02-06T16:18:18.414Z - info: 1. index
2026-02-06T16:18:19.440Z - info: Assets built
2026-02-06T16:18:46.300Z - info: [00:18:46] Reload for file change: /Users/damithch/Repos/nus-cs2103/cs2103-website-base/customviews.config.json
2026-02-06T16:18:46.301Z - info: Synchronizing opened pages list before reload
2026-02-06T16:18:46.302Z - info: Current opened pages, from most-to-least recent:
2026-02-06T16:18:46.302Z - info: 1. index
2026-02-06T16:18:47.312Z - info: Assets built
2026-02-06T16:19:05.012Z - info: [00:19:04] Reload for file change: /Users/damithch/Repos/nus-cs2103/cs2103-website-base/customviews.config.json
2026-02-06T16:19:05.027Z - info: Synchronizing opened pages list before reload
2026-02-06T16:19:05.031Z - info: Current opened pages, from most-to-least recent:
2026-02-06T16:19:05.031Z - info: 1. index
2026-02-06T16:19:06.045Z - info: Assets built
2026-02-06T16:19:47.594Z - info: [00:19:47] Reload for file change: /Users/damithch/Repos/nus-cs2103/cs2103-website-base/_markbind/plugins/customviews.js
2026-02-06T16:19:47.598Z - info: Synchronizing opened pages list before reload
2026-02-06T16:19:47.599Z - info: Current opened pages, from most-to-least recent:
2026-02-06T16:19:47.601Z - info: 1. index
2026-02-06T16:19:48.626Z - info: Assets built
2026-02-06T16:22:35.389Z - info: Website generation (lazy) started at 00:22:34
2026-02-06T16:22:35.868Z - info: Building assets...
2026-02-06T16:22:37.151Z - info: Assets built
2026-02-06T16:22:37.151Z - info: Generating landing page...
2026-02-06T16:22:37.663Z - info: Landing page built, other pages will be built as you navigate to them!
2026-02-06T16:22:37.738Z - info: Site data built
2026-02-06T16:22:37.739Z - info: Website generation (lazy) complete! Total build time: 2.971s
2026-02-06T16:22:37.749Z - info: Serving "/Users/damithch/Repos/nus-cs2103/cs2103-website-base/_site" at http://127.0.0.1:8080
2026-02-06T16:22:37.749Z - info: Press CTRL+C to stop ...
2026-02-06T16:24:42.650Z - info: [00:24:42] Reload for file change: /Users/damithch/Repos/nus-cs2103/cs2103-website-base/site.json
2026-02-06T16:24:42.659Z - info: Synchronizing opened pages list before reload
2026-02-06T16:24:42.668Z - info: Current opened pages, from most-to-least recent:
2026-02-06T16:24:42.670Z - info: 1. index
2026-02-06T16:24:45.268Z - info: Pages or site config modified, updating pages...
2026-02-06T16:24:46.390Z - info: Building /Users/damithch/Repos/nus-cs2103/cs2103-website-base/index as some of its dependencies were changed since the last visit
2026-02-06T16:24:46.851Z - info: Site data built
2026-02-06T16:24:46.851Z - info: Lazy website regeneration complete! Total build time: 0.461s
2026-02-06T16:24:46.853Z - info: Site data built
2026-02-06T16:25:26.962Z - info: [00:25:26] Reload for file change: /Users/damithch/Repos/nus-cs2103/cs2103-website-base/customviews.config.json
2026-02-06T16:25:26.964Z - info: Synchronizing opened pages list before reload
2026-02-06T16:25:26.964Z - info: Current opened pages, from most-to-least recent:
2026-02-06T16:25:26.965Z - info: 1. index
2026-02-06T16:25:27.973Z - info: Assets built
2026-02-06T16:28:05.825Z - info: Building /Users/damithch/Repos/nus-cs2103/cs2103-website-base/admin/appendixC-faq as some of its dependencies were changed since the last visit
2026-02-06T16:28:08.322Z - info: Site data built
2026-02-06T16:28:08.323Z - info: Lazy website regeneration complete! Total build time: 2.5s
2026-02-06T16:29:38.221Z - info: Building /Users/damithch/Repos/nus-cs2103/cs2103-website-base/admin/appendixH-tipsFromStudents as some of its dependencies were changed since the last visit
2026-02-06T16:29:38.410Z - info: Site data built
2026-02-06T16:29:38.410Z - info: Lazy website regeneration complete! Total build time: 0.19s
2026-02-06T16:32:33.169Z - info: [00:32:33] Reload for file change: /Users/damithch/Repos/nus-cs2103/cs2103-website-base/common/macros.njk
2026-02-06T16:32:33.189Z - info: Synchronizing opened pages list before reload
2026-02-06T16:32:33.205Z - info: Current opened pages, from most-to-least recent:
2026-02-06T16:32:33.205Z - info: 1. admin/appendixH-tipsFromStudents
2026-02-06T16:32:33.205Z - info: 2. index
2026-02-06T16:32:34.364Z - info: Rebuilding 2 pages
2026-02-06T16:32:34.791Z - info: Site data built
2026-02-06T16:32:34.791Z - info: Pages rebuilt
2026-02-06T16:32:34.792Z - info: Website regeneration complete! Total build time: 0.429s
2026-02-06T16:32:49.411Z - info: Building /Users/damithch/Repos/nus-cs2103/cs2103-website-base/admin/appendixC-faq as some of its dependencies were changed since the last visit
2026-02-06T16:32:52.003Z - info: Site data built
2026-02-06T16:32:52.004Z - info: Lazy website regeneration complete! Total build time: 2.593s
2026-02-06T16:33:54.689Z - info: [00:33:54] Reload for file change: /Users/damithch/Repos/nus-cs2103/cs2103-website-base/common/macros.njk
2026-02-06T16:33:54.693Z - info: Synchronizing opened pages list before reload
2026-02-06T16:33:54.709Z - info: Current opened pages, from most-to-least recent:
2026-02-06T16:33:54.710Z - info: 1. admin/appendixC-faq
2026-02-06T16:33:54.710Z - info: 2. admin/appendixH-tipsFromStudents
2026-02-06T16:33:54.710Z - info: 3. index
2026-02-06T16:33:55.854Z - info: Rebuilding 3 pages
2026-02-06T16:33:58.457Z - info: Site data built
2026-02-06T16:33:58.457Z - info: Pages rebuilt
2026-02-06T16:33:58.457Z - info: Website regeneration complete! Total build time: 2.606s
2026-02-06T16:37:27.393Z - info: Building /Users/damithch/Repos/nus-cs2103/cs2103-website-base/schedule/week5/admin as some of its dependencies were changed since the last visit
2026-02-06T16:37:27.971Z - info: Site data built
2026-02-06T16:37:27.972Z - info: Lazy website regeneration complete! Total build time: 0.58s
2026-02-06T16:37:55.410Z - info: Building /Users/damithch/Repos/nus-cs2103/cs2103-website-base/schedule/week5/topics as some of its dependencies were changed since the last visit
2026-02-06T16:37:56.373Z - info: Site data built
2026-02-06T16:37:56.373Z - info: Lazy website regeneration complete! Total build time: 0.969s
2026-02-06T16:37:59.238Z - info: Building /Users/damithch/Repos/nus-cs2103/cs2103-website-base/schedule/week5/project as some of its dependencies were changed since the last visit
2026-02-06T16:38:00.138Z - info: Site data built
2026-02-06T16:38:00.138Z - info: Lazy website regeneration complete! Total build time: 0.9s
2026-02-06T16:38:41.744Z - info: Building /Users/damithch/Repos/nus-cs2103/cs2103-website-base/schedule/week5/tutorial as some of its dependencies were changed since the last visit
2026-02-06T16:38:42.489Z - info: Site data built
2026-02-06T16:38:42.489Z - info: Lazy website regeneration complete! Total build time: 0.746s
2026-02-06T16:39:16.433Z - info: Building /Users/damithch/Repos/nus-cs2103/cs2103-website-base/admin/tutorials as some of its dependencies were changed since the last visit
2026-02-06T16:39:17.152Z - info: Site data built
2026-02-06T16:39:17.152Z - info: Lazy website regeneration complete! Total build time: 0.719s
2026-02-06T16:43:23.140Z - info: [00:43:23] Reload for file change: /Users/damithch/Repos/nus-cs2103/cs2103-website-base/customviews.config.json
2026-02-06T16:43:23.149Z - info: Synchronizing opened pages list before reload
2026-02-06T16:43:23.154Z - info: Current opened pages, from most-to-least recent:
2026-02-06T16:43:23.155Z - info: 1. admin/tutorials
2026-02-06T16:43:23.155Z - info: 2. admin/appendixC-faq
2026-02-06T16:43:23.155Z - info: 3. admin/appendixH-tipsFromStudents
2026-02-06T16:43:23.155Z - info: 4. index
2026-02-06T16:43:24.181Z - info: Assets built
2026-02-06T16:45:52.716Z - info: Building /Users/damithch/Repos/nus-cs2103/cs2103-website-base/admin/tp-constraints as some of its dependencies were changed since the last visit
2026-02-06T16:45:52.973Z - info: Site data built
2026-02-06T16:45:52.973Z - info: Lazy website regeneration complete! Total build time: 0.258s
2026-02-06T16:48:01.858Z - info: Website generation started at 00:48:01
2026-02-06T16:48:02.228Z - info: Building assets...
2026-02-06T16:48:03.473Z - info: Assets built
2026-02-06T16:48:03.473Z - info: Generating pages...
2026-02-06T16:48:11.242Z - debug:  
2026-02-06T16:48:11.242Z - debug:  
2026-02-06T16:48:11.242Z - debug:  
2026-02-06T16:48:11.242Z - debug:  
2026-02-06T16:48:11.242Z - debug:  
2026-02-06T16:48:11.242Z - debug:  
2026-02-06T16:48:11.242Z - debug:  
2026-02-06T16:48:11.242Z - debug:  
2026-02-06T16:48:11.242Z - debug:  
2026-02-06T16:48:11.242Z - debug:  
2026-02-06T16:48:11.242Z - debug:  
2026-02-06T16:48:11.242Z - debug:  
2026-02-06T16:48:11.243Z - debug:  
2026-02-06T16:48:11.243Z - debug:  
2026-02-06T16:48:11.243Z - debug:  
2026-02-06T16:48:11.243Z - debug:  
2026-02-06T16:48:16.252Z - debug:  
2026-02-06T16:48:16.262Z - debug:  
2026-02-06T16:48:16.281Z - debug:  
2026-02-06T16:48:16.313Z - debug:  
2026-02-06T16:48:16.415Z - debug:  
2026-02-06T16:48:16.434Z - debug:  
2026-02-06T16:48:26.163Z - debug:  
2026-02-06T16:49:17.801Z - debug:  
2026-02-06T16:49:17.802Z - debug:  
2026-02-06T16:49:28.259Z - debug:  
2026-02-06T16:49:44.044Z - debug:  
2026-02-06T16:49:44.113Z - debug:  
2026-02-06T16:49:52.975Z - info: Pages built
2026-02-06T16:49:53.056Z - info: Site data built
2026-02-06T16:49:53.056Z - info: Website generation complete! Total build time: 111.839s
2026-02-06T16:49:53.056Z - info: Build success!
2026-02-06T16:50:18.559Z - info: The website has been deployed at: https://nus-cs2103-ay2526-s2.github.io/website
2026-02-06T19:19:57.493Z - info: Website generation (lazy) started at 03:19:56
2026-02-06T19:19:58.039Z - info: Building assets...
2026-02-06T19:19:59.973Z - info: Assets built
2026-02-06T19:19:59.974Z - info: Generating landing page...
2026-02-06T19:20:00.681Z - info: Landing page built, other pages will be built as you navigate to them!
2026-02-06T19:20:00.751Z - info: Site data built
2026-02-06T19:20:00.751Z - info: Website generation (lazy) complete! Total build time: 4.086s
2026-02-06T19:20:00.764Z - info: Serving "/Users/damithch/Repos/nus-cs2103/cs2103-website-base/_site" at http://127.0.0.1:8080
2026-02-06T19:20:00.765Z - info: Press CTRL+C to stop ...
2026-02-06T19:21:29.106Z - info: Website generation started at 03:21:28
2026-02-06T19:21:29.503Z - info: Building assets...
2026-02-06T19:21:31.101Z - info: Assets built
2026-02-06T19:21:31.102Z - info: Generating pages...
2026-02-06T19:21:39.290Z - debug:  
2026-02-06T19:21:39.291Z - debug:  
2026-02-06T19:21:39.293Z - debug:  
2026-02-06T19:21:40.535Z - debug:  
2026-02-06T19:21:40.536Z - debug:  
2026-02-06T19:21:40.536Z - debug:  
2026-02-06T19:21:40.536Z - debug:  
2026-02-06T19:21:40.536Z - debug:  
2026-02-06T19:21:40.536Z - debug:  
2026-02-06T19:21:40.536Z - debug:  
2026-02-06T19:21:40.536Z - debug:  
2026-02-06T19:21:40.536Z - debug:  
2026-02-06T19:21:40.536Z - debug:  
2026-02-06T19:21:40.536Z - debug:  
2026-02-06T19:21:40.536Z - debug:  
2026-02-06T19:21:40.536Z - debug:  
2026-02-06T19:21:42.971Z - debug:  
2026-02-06T19:21:42.972Z - debug:  
2026-02-06T19:21:43.119Z - debug:  
2026-02-06T19:21:43.152Z - debug:  
2026-02-06T19:21:43.181Z - debug:  
2026-02-06T19:21:43.195Z - debug:  
2026-02-06T19:21:53.095Z - debug:  
2026-02-06T19:22:37.586Z - debug:  
2026-02-06T19:22:37.963Z - debug:  
2026-02-06T19:22:51.698Z - debug:  
2026-02-06T19:23:05.432Z - debug:  
2026-02-06T19:23:05.838Z - debug:  
2026-02-06T19:23:15.408Z - info: Pages built
2026-02-06T19:23:15.478Z - info: Site data built
2026-02-06T19:23:15.478Z - info: Website generation complete! Total build time: 107.002s
2026-02-06T19:23:15.478Z - info: Build success!
2026-02-06T19:23:39.689Z - info: The website has been deployed at: https://nus-cs2103-ay2526-s2.github.io/website
2026-02-06T19:38:57.245Z - info: Website generation (lazy) started at 03:38:56
2026-02-06T19:38:57.555Z - info: Building assets...
2026-02-06T19:38:59.018Z - info: Assets built
2026-02-06T19:38:59.018Z - info: Generating landing page...
2026-02-06T19:38:59.523Z - info: Landing page built, other pages will be built as you navigate to them!
2026-02-06T19:38:59.595Z - info: Site data built
2026-02-06T19:38:59.595Z - info: Website generation (lazy) complete! Total build time: 3.149s
2026-02-06T19:38:59.608Z - info: Serving "/Users/damithch/Repos/nus-cs2103/cs2103-website-base/_site" at http://127.0.0.1:8080
2026-02-06T19:38:59.608Z - info: Press CTRL+C to stop ...
2026-02-06T19:39:11.751Z - info: Building /Users/damithch/Repos/nus-cs2103/cs2103-website-base/schedule/week5/topics as some of its dependencies were changed since the last visit
2026-02-06T19:39:13.302Z - info: Site data built
2026-02-06T19:39:13.302Z - info: Lazy website regeneration complete! Total build time: 1.552s
2026-02-06T19:39:56.420Z - info: Website generation started at 03:39:55
2026-02-06T19:39:56.783Z - info: Building assets...
2026-02-06T19:39:58.407Z - info: Assets built
2026-02-06T19:39:58.408Z - info: Generating pages...
2026-02-06T19:40:07.339Z - debug:  
2026-02-06T19:40:07.339Z - debug:  
2026-02-06T19:40:07.339Z - debug:  
2026-02-06T19:40:07.339Z - debug:  
2026-02-06T19:40:07.340Z - debug:  
2026-02-06T19:40:07.340Z - debug:  
2026-02-06T19:40:07.340Z - debug:  
2026-02-06T19:40:07.340Z - debug:  
2026-02-06T19:40:07.340Z - debug:  
2026-02-06T19:40:07.340Z - debug:  
2026-02-06T19:40:07.340Z - debug:  
2026-02-06T19:40:07.340Z - debug:  
2026-02-06T19:40:07.340Z - debug:  
2026-02-06T19:40:07.340Z - debug:  
2026-02-06T19:40:07.340Z - debug:  
2026-02-06T19:40:07.340Z - debug:  
2026-02-06T19:40:09.898Z - debug:  
2026-02-06T19:40:10.279Z - debug:  
2026-02-06T19:40:10.368Z - debug:  
2026-02-06T19:40:10.383Z - debug:  
2026-02-06T19:40:10.423Z - debug:  
2026-02-06T19:40:10.429Z - debug:  
2026-02-06T19:40:21.203Z - debug:  
2026-02-06T19:41:07.425Z - debug:  
2026-02-06T19:41:07.426Z - debug:  
2026-02-06T19:41:19.278Z - debug:  
2026-02-06T19:41:33.042Z - debug:  
2026-02-06T19:41:33.055Z - debug:  
2026-02-06T19:41:40.548Z - info: Pages built
2026-02-06T19:41:40.635Z - info: Site data built
2026-02-06T19:41:40.635Z - info: Website generation complete! Total build time: 104.811s
2026-02-06T19:41:40.635Z - info: Build success!
2026-02-06T19:42:05.921Z - info: The website has been deployed at: https://nus-cs2103-ay2526-s2.github.io/website
2026-02-07T04:32:41.051Z - info: Website generation started at 12:32:40
2026-02-07T04:32:41.584Z - info: Building assets...
2026-02-07T04:32:42.867Z - info: Assets built
2026-02-07T04:32:42.868Z - info: Generating pages...
2026-02-07T04:32:52.180Z - debug:  
2026-02-07T04:32:52.180Z - debug:  
2026-02-07T04:32:52.180Z - debug:  
2026-02-07T04:32:52.180Z - debug:  
2026-02-07T04:32:52.180Z - debug:  
2026-02-07T04:32:52.180Z - debug:  
2026-02-07T04:32:52.180Z - debug:  
2026-02-07T04:32:52.181Z - debug:  
2026-02-07T04:32:52.181Z - debug:  
2026-02-07T04:32:52.181Z - debug:  
2026-02-07T04:32:52.181Z - debug:  
2026-02-07T04:32:52.181Z - debug:  
2026-02-07T04:32:52.181Z - debug:  
2026-02-07T04:32:52.181Z - debug:  
2026-02-07T04:32:52.181Z - debug:  
2026-02-07T04:32:52.181Z - debug:  
2026-02-07T04:32:54.991Z - debug:  
2026-02-07T04:32:55.011Z - debug:  
2026-02-07T04:32:55.073Z - debug:  
2026-02-07T04:32:55.094Z - debug:  
2026-02-07T04:32:55.131Z - debug:  
2026-02-07T04:32:55.180Z - debug:  
2026-02-07T04:33:07.786Z - debug:  
2026-02-07T04:33:57.444Z - debug:  
2026-02-07T04:33:57.445Z - debug:  
2026-02-07T04:34:10.508Z - debug:  
2026-02-07T04:34:27.362Z - debug:  
2026-02-07T04:34:27.493Z - debug:  
2026-02-07T04:34:38.611Z - info: Pages built
2026-02-07T04:34:38.706Z - info: Site data built
2026-02-07T04:34:38.706Z - info: Website generation complete! Total build time: 118.474s
2026-02-07T04:34:38.706Z - info: Build success!
2026-02-07T04:35:05.392Z - info: The website has been deployed at: https://nus-cs2103-ay2526-s2.github.io/website
2026-02-07T05:47:22.039Z - info: Website generation (lazy) started at 13:47:21
2026-02-07T05:47:22.518Z - info: Building assets...
2026-02-07T05:47:24.272Z - info: Assets built
2026-02-07T05:47:24.273Z - info: Generating landing page...
2026-02-07T05:47:25.066Z - info: Landing page built, other pages will be built as you navigate to them!
2026-02-07T05:47:25.194Z - info: Site data built
2026-02-07T05:47:25.194Z - info: Website generation (lazy) complete! Total build time: 3.991s
2026-02-07T05:47:25.209Z - info: Serving "/Users/damithch/Repos/nus-cs2103/cs2103-website-base/_site" at http://127.0.0.1:8080
2026-02-07T05:47:25.209Z - info: Press CTRL+C to stop ...
2026-02-07T05:47:30.878Z - info: Building /Users/damithch/Repos/nus-cs2103/cs2103-website-base/schedule/week2/index as some of its dependencies were changed since the last visit
2026-02-07T05:47:31.178Z - info: Site data built
2026-02-07T05:47:31.178Z - info: Lazy website regeneration complete! Total build time: 0.3s
2026-02-07T05:47:33.644Z - info: Building /Users/damithch/Repos/nus-cs2103/cs2103-website-base/schedule/week2/project as some of its dependencies were changed since the last visit
2026-02-07T05:47:34.661Z - info: Site data built
2026-02-07T05:47:34.661Z - info: Lazy website regeneration complete! Total build time: 1.017s
