2026-01-17T17:36:17.452Z - info: Website generation (lazy) started at 01:36:16
2026-01-17T17:36:18.109Z - warn: ENOENT: no such file or directory, open '/Users/damithch/Repos/nus-cs2103/cs2103-website-base/node_modules/.cache/gh-pages/https!github.com!NUS-CS2103-AY2526-S2!website.git/book/_markbind/variables.md'
2026-01-17T17:36:18.109Z - warn: ENOENT: no such file or directory, open '/Users/damithch/Repos/nus-cs2103/cs2103-website-base/node_modules/.cache/gh-pages/https!github.com!NUS-CS2103-AY2526-S2!website.git/_markbind/variables.md'
2026-01-17T17:36:18.128Z - info: Building assets...
2026-01-17T17:36:21.400Z - info: Assets built
2026-01-17T17:36:21.402Z - info: Generating landing page...
2026-01-17T17:36:21.952Z - info: Landing page built, other pages will be built as you navigate to them!
2026-01-17T17:36:22.024Z - info: Site data built
2026-01-17T17:36:22.025Z - info: Website generation (lazy) complete! Total build time: 5.855s
2026-01-17T17:36:22.042Z - info: Serving "/Users/damithch/Repos/nus-cs2103/cs2103-website-base/_site" at http://127.0.0.1:8080
2026-01-17T17:36:22.042Z - info: Press CTRL+C to stop ...
2026-01-17T17:36:33.365Z - info: Building /Users/damithch/Repos/nus-cs2103/cs2103-website-base/admin/usingThisWebsite as some of its dependencies were changed since the last visit
2026-01-17T17:36:33.634Z - info: Site data built
2026-01-17T17:36:33.634Z - info: Lazy website regeneration complete! Total build time: 0.27s
2026-01-17T17:36:43.043Z - info: Building /Users/damithch/Repos/nus-cs2103/cs2103-website-base/admin/tips-from-past-students as some of its dependencies were changed since the last visit
2026-01-17T17:36:43.147Z - info: Site data built
2026-01-17T17:36:43.147Z - info: Lazy website regeneration complete! Total build time: 0.105s
2026-01-17T17:40:25.485Z - info: [01:40:25] Reload for file change: /Users/damithch/Repos/nus-cs2103/cs2103-website-base/admin/tips-from-past-students.md
2026-01-17T17:40:25.487Z - info: Synchronizing opened pages list before reload
2026-01-17T17:40:25.488Z - info: Current opened pages, from most-to-least recent:
2026-01-17T17:40:25.488Z - info: 1. admin/tips-from-past-students
2026-01-17T17:40:26.496Z - info: Rebuilding 1 pages
2026-01-17T17:40:26.599Z - info: Site data built
2026-01-17T17:40:26.599Z - info: Pages rebuilt
2026-01-17T17:40:26.599Z - info: Website regeneration complete! Total build time: 0.108s
2026-01-17T17:41:19.453Z - info: [01:41:19] Reload for file change: /Users/damithch/Repos/nus-cs2103/cs2103-website-base/admin/tips-from-past-students.md
2026-01-17T17:41:19.456Z - info: Synchronizing opened pages list before reload
2026-01-17T17:41:19.458Z - info: No pages are currently opened
2026-01-17T17:41:20.495Z - info: No pages needed to be rebuilt
2026-01-17T17:43:05.904Z - info: [01:43:05] Reload for file change: /Users/damithch/Repos/nus-cs2103/cs2103-website-base/admin/tips-from-past-students.md
2026-01-17T17:43:05.910Z - info: Synchronizing opened pages list before reload
2026-01-17T17:43:05.910Z - info: No pages are currently opened
2026-01-17T17:43:06.931Z - info: No pages needed to be rebuilt
2026-01-17T17:43:48.775Z - info: [01:43:48] Reload for file change: /Users/damithch/Repos/nus-cs2103/cs2103-website-base/admin/tips-from-past-students.md
2026-01-17T17:43:48.779Z - info: Synchronizing opened pages list before reload
2026-01-17T17:43:48.780Z - info: No pages are currently opened
2026-01-17T17:43:49.810Z - info: No pages needed to be rebuilt
2026-01-17T17:44:38.571Z - info: [01:44:38] Reload for file change: /Users/damithch/Repos/nus-cs2103/cs2103-website-base/admin/tips-from-past-students.md
2026-01-17T17:44:38.572Z - info: Synchronizing opened pages list before reload
2026-01-17T17:44:38.572Z - info: No pages are currently opened
2026-01-17T17:44:39.587Z - info: No pages needed to be rebuilt
2026-01-17T17:46:25.197Z - info: [01:46:25] Reload for file change: /Users/damithch/Repos/nus-cs2103/cs2103-website-base/admin/tips-from-past-students.md
2026-01-17T17:46:25.199Z - info: Synchronizing opened pages list before reload
2026-01-17T17:46:25.199Z - info: No pages are currently opened
2026-01-17T17:46:26.216Z - info: No pages needed to be rebuilt
2026-01-17T17:49:05.725Z - info: [01:49:05] Reload for file change: /Users/damithch/Repos/nus-cs2103/cs2103-website-base/admin/tips-from-past-students.md
2026-01-17T17:49:05.737Z - info: Synchronizing opened pages list before reload
2026-01-17T17:49:05.739Z - info: No pages are currently opened
2026-01-17T17:49:06.752Z - info: No pages needed to be rebuilt
2026-01-17T17:53:03.929Z - info: Building /Users/damithch/Repos/nus-cs2103/cs2103-website-base/admin/tips-from-past-students as some of its dependencies were changed since the last visit
2026-01-17T17:53:04.036Z - info: Site data built
2026-01-17T17:53:04.036Z - info: Lazy website regeneration complete! Total build time: 0.108s
2026-01-17T17:53:33.379Z - info: [01:53:33] Reload for file change: /Users/damithch/Repos/nus-cs2103/cs2103-website-base/admin/tips-from-past-students.md
2026-01-17T17:53:33.380Z - info: Synchronizing opened pages list before reload
2026-01-17T17:53:33.381Z - info: Current opened pages, from most-to-least recent:
2026-01-17T17:53:33.382Z - info: 1. admin/tips-from-past-students
2026-01-17T17:53:34.390Z - info: Rebuilding 1 pages
2026-01-17T17:53:34.495Z - info: Site data built
2026-01-17T17:53:34.495Z - info: Pages rebuilt
2026-01-17T17:53:34.495Z - info: Website regeneration complete! Total build time: 0.107s
2026-01-17T17:57:18.310Z - info: [01:57:18] Reload for file change: /Users/damithch/Repos/nus-cs2103/cs2103-website-base/admin/tips-from-past-students.md
2026-01-17T17:57:18.312Z - info: Synchronizing opened pages list before reload
2026-01-17T17:57:18.312Z - info: Current opened pages, from most-to-least recent:
2026-01-17T17:57:18.313Z - info: 1. admin/tips-from-past-students
2026-01-17T17:57:19.329Z - info: Rebuilding 1 pages
2026-01-17T17:57:19.422Z - info: Site data built
2026-01-17T17:57:19.422Z - info: Pages rebuilt
2026-01-17T17:57:19.422Z - info: Website regeneration complete! Total build time: 0.1s
2026-01-17T17:58:53.980Z - info: [01:58:53] Reload for file change: /Users/damithch/Repos/nus-cs2103/cs2103-website-base/admin/tips-from-past-students.md
2026-01-17T17:58:53.982Z - info: Synchronizing opened pages list before reload
2026-01-17T17:58:53.983Z - info: Current opened pages, from most-to-least recent:
2026-01-17T17:58:53.983Z - info: 1. admin/tips-from-past-students
2026-01-17T17:58:54.996Z - info: Rebuilding 1 pages
2026-01-17T17:58:55.082Z - info: Site data built
2026-01-17T17:58:55.082Z - info: Pages rebuilt
2026-01-17T17:58:55.082Z - info: Website regeneration complete! Total build time: 0.089s
2026-01-17T17:59:32.204Z - info: [01:59:32] Reload for file change: /Users/damithch/Repos/nus-cs2103/cs2103-website-base/admin/tips-from-past-students.md
2026-01-17T17:59:32.208Z - info: Synchronizing opened pages list before reload
2026-01-17T17:59:32.208Z - info: Current opened pages, from most-to-least recent:
2026-01-17T17:59:32.208Z - info: 1. admin/tips-from-past-students
2026-01-17T17:59:33.221Z - info: Rebuilding 1 pages
2026-01-17T17:59:33.286Z - info: Site data built
2026-01-17T17:59:33.286Z - info: Pages rebuilt
2026-01-17T17:59:33.286Z - info: Website regeneration complete! Total build time: 0.067s
2026-01-18T05:22:59.466Z - info: Website generation (lazy) started at 13:22:58
2026-01-18T05:23:00.061Z - warn: ENOENT: no such file or directory, open '/Users/damithch/Repos/nus-cs2103/cs2103-website-base/node_modules/.cache/gh-pages/https!github.com!NUS-CS2103-AY2526-S2!website.git/book/_markbind/variables.md'
2026-01-18T05:23:00.061Z - warn: ENOENT: no such file or directory, open '/Users/damithch/Repos/nus-cs2103/cs2103-website-base/node_modules/.cache/gh-pages/https!github.com!NUS-CS2103-AY2526-S2!website.git/_markbind/variables.md'
2026-01-18T05:23:00.080Z - info: Building assets...
2026-01-18T05:23:03.330Z - info: Assets built
2026-01-18T05:23:03.334Z - info: Generating landing page...
2026-01-18T05:23:03.709Z - info: Landing page built, other pages will be built as you navigate to them!
2026-01-18T05:23:03.784Z - info: Site data built
2026-01-18T05:23:03.784Z - info: Website generation (lazy) complete! Total build time: 5.458s
2026-01-18T05:23:03.793Z - info: Serving "/Users/damithch/Repos/nus-cs2103/cs2103-website-base/_site" at http://127.0.0.1:8080
2026-01-18T05:23:03.793Z - info: Press CTRL+C to stop ...
2026-01-18T05:25:43.789Z - info: [13:25:43] Reload for file add: /Users/damithch/Repos/nus-cs2103/cs2103-website-base/admin/appendixH-tipsFromStudents.md
2026-01-18T05:25:43.791Z - info: Synchronizing opened pages list before reload
2026-01-18T05:25:43.791Z - info: Current opened pages, from most-to-least recent:
2026-01-18T05:25:43.791Z - info: 1. index
2026-01-18T05:25:44.983Z - info: Pages or site config modified, updating pages...
2026-01-18T05:25:46.124Z - info: Building /Users/damithch/Repos/nus-cs2103/cs2103-website-base/index as some of its dependencies were changed since the last visit
2026-01-18T05:25:46.438Z - info: Site data built
2026-01-18T05:25:46.438Z - info: Lazy website regeneration complete! Total build time: 0.314s
2026-01-18T05:28:00.728Z - info: [13:28:00] Reload for file deletion: /Users/damithch/Repos/nus-cs2103/cs2103-website-base/admin/tips-from-past-students.md
2026-01-18T05:28:00.733Z - info: Synchronizing opened pages list before reload
2026-01-18T05:28:00.735Z - info: Current opened pages, from most-to-least recent:
2026-01-18T05:28:00.735Z - info: 1. index
2026-01-18T05:28:01.051Z - info: [13:28:01] Reload for file add: /Users/damithch/Repos/nus-cs2103/cs2103-website-base/admin/tips-from-students-fragment.md
2026-01-18T05:28:01.051Z - info: Synchronizing opened pages list before reload
2026-01-18T05:28:01.051Z - info: Current opened pages, from most-to-least recent:
2026-01-18T05:28:01.051Z - info: 1. index
2026-01-18T05:28:02.044Z - info: Pages or site config modified, updating pages...
2026-01-18T05:28:02.156Z - info: Assets built
2026-01-18T05:28:03.152Z - debug: Assets removed
2026-01-18T05:28:03.190Z - info: Building /Users/damithch/Repos/nus-cs2103/cs2103-website-base/index as some of its dependencies were changed since the last visit
2026-01-18T05:28:03.453Z - info: Site data built
2026-01-18T05:28:03.453Z - info: Lazy website regeneration complete! Total build time: 0.264s
2026-01-18T05:30:11.185Z - info: [13:30:11] Reload for file change: /Users/damithch/Repos/nus-cs2103/cs2103-website-base/admin/appendixH-tipsFromStudents.md
2026-01-18T05:30:11.187Z - info: Synchronizing opened pages list before reload
2026-01-18T05:30:11.188Z - info: Current opened pages, from most-to-least recent:
2026-01-18T05:30:11.189Z - info: 1. index
2026-01-18T05:30:11.190Z - info: [13:30:11] Reload for file change: /Users/damithch/Repos/nus-cs2103/cs2103-website-base/admin/tips-from-students-fragment.md
2026-01-18T05:30:11.190Z - info: Synchronizing opened pages list before reload
2026-01-18T05:30:11.190Z - info: Current opened pages, from most-to-least recent:
2026-01-18T05:30:11.191Z - info: 1. index
2026-01-18T05:30:12.201Z - info: No pages needed to be rebuilt
2026-01-18T05:30:12.204Z - info: Assets built
2026-01-18T05:37:51.199Z - info: [13:37:51] Reload for file change: /Users/damithch/Repos/nus-cs2103/cs2103-website-base/admin/appendixH-tipsFromStudents.md
2026-01-18T05:37:51.212Z - info: Synchronizing opened pages list before reload
2026-01-18T05:37:51.229Z - info: Current opened pages, from most-to-least recent:
2026-01-18T05:37:51.229Z - info: 1. index
2026-01-18T05:37:52.266Z - info: No pages needed to be rebuilt
2026-01-18T05:40:16.012Z - info: [13:40:16] Reload for file change: /Users/damithch/Repos/nus-cs2103/cs2103-website-base/_course-CS2103/weeklyAdminTopics-fragment.md
2026-01-18T05:40:16.013Z - info: Synchronizing opened pages list before reload
2026-01-18T05:40:16.014Z - info: Current opened pages, from most-to-least recent:
2026-01-18T05:40:16.014Z - info: 1. index
2026-01-18T05:40:16.026Z - info: [13:40:16] Reload for file change: /Users/damithch/Repos/nus-cs2103/cs2103-website-base/admin/appendixH-tipsFromStudents.md
2026-01-18T05:40:16.026Z - info: Synchronizing opened pages list before reload
2026-01-18T05:40:16.026Z - info: Current opened pages, from most-to-least recent:
2026-01-18T05:40:16.026Z - info: 1. index
2026-01-18T05:40:17.143Z - info: Rebuilding 1 pages
2026-01-18T05:40:17.372Z - info: Site data built
2026-01-18T05:40:17.372Z - info: Pages rebuilt
2026-01-18T05:40:17.372Z - info: Website regeneration complete! Total build time: 0.229s
2026-01-18T05:42:54.780Z - info: Building /Users/damithch/Repos/nus-cs2103/cs2103-website-base/admin/appendixG-troubleshooting as some of its dependencies were changed since the last visit
2026-01-18T05:42:54.968Z - info: Site data built
2026-01-18T05:42:54.968Z - info: Lazy website regeneration complete! Total build time: 0.189s
2026-01-18T05:44:39.189Z - info: [13:44:39] Reload for file change: /Users/damithch/Repos/nus-cs2103/cs2103-website-base/_course-CS2103/weeklyAdminTopics-fragment.md
2026-01-18T05:44:39.191Z - info: Synchronizing opened pages list before reload
2026-01-18T05:44:39.192Z - info: Current opened pages, from most-to-least recent:
2026-01-18T05:44:39.192Z - info: 1. admin/appendixG-troubleshooting
2026-01-18T05:44:39.232Z - info: [13:44:39] Reload for file change: /Users/damithch/Repos/nus-cs2103/cs2103-website-base/admin/appendixH-tipsFromStudents.md
2026-01-18T05:44:39.232Z - info: Synchronizing opened pages list before reload
2026-01-18T05:44:39.233Z - info: Current opened pages, from most-to-least recent:
2026-01-18T05:44:39.233Z - info: 1. admin/appendixG-troubleshooting
2026-01-18T05:44:40.353Z - info: Rebuilding 1 pages
2026-01-18T05:44:40.453Z - info: Site data built
2026-01-18T05:44:40.453Z - info: Pages rebuilt
2026-01-18T05:44:40.453Z - info: Website regeneration complete! Total build time: 0.101s
2026-01-18T05:45:05.903Z - info: Building /Users/damithch/Repos/nus-cs2103/cs2103-website-base/index as some of its dependencies were changed since the last visit
2026-01-18T05:45:06.290Z - info: Site data built
2026-01-18T05:45:06.290Z - info: Lazy website regeneration complete! Total build time: 0.387s
2026-01-18T05:45:15.996Z - info: Building /Users/damithch/Repos/nus-cs2103/cs2103-website-base/admin/appendixH-tipsFromStudents as some of its dependencies were changed since the last visit
2026-01-18T05:45:16.159Z - info: Site data built
2026-01-18T05:45:16.159Z - info: Lazy website regeneration complete! Total build time: 0.163s
2026-01-18T05:48:17.879Z - info: [13:48:17] Reload for file change: /Users/damithch/Repos/nus-cs2103/cs2103-website-base/admin/tips-from-students-fragment.md
2026-01-18T05:48:17.895Z - info: Synchronizing opened pages list before reload
2026-01-18T05:48:17.907Z - info: Current opened pages, from most-to-least recent:
2026-01-18T05:48:17.907Z - info: 1. admin/appendixH-tipsFromStudents
2026-01-18T05:48:18.923Z - info: Rebuilding 1 pages
2026-01-18T05:48:19.097Z - info: Site data built
2026-01-18T05:48:19.097Z - info: Pages rebuilt
2026-01-18T05:48:19.097Z - info: Website regeneration complete! Total build time: 0.177s
2026-01-18T05:49:03.758Z - info: [13:49:03] Reload for file change: /Users/damithch/Repos/nus-cs2103/cs2103-website-base/admin/tips-from-students-fragment.md
2026-01-18T05:49:03.760Z - info: Synchronizing opened pages list before reload
2026-01-18T05:49:03.765Z - info: Current opened pages, from most-to-least recent:
2026-01-18T05:49:03.765Z - info: 1. admin/appendixH-tipsFromStudents
2026-01-18T05:49:04.774Z - info: Rebuilding 1 pages
2026-01-18T05:49:04.927Z - info: Site data built
2026-01-18T05:49:04.927Z - info: Pages rebuilt
2026-01-18T05:49:04.927Z - info: Website regeneration complete! Total build time: 0.156s
2026-01-18T05:50:30.313Z - info: [13:50:30] Reload for file change: /Users/damithch/Repos/nus-cs2103/cs2103-website-base/admin/tips-from-students-fragment.md
2026-01-18T05:50:30.315Z - info: Synchronizing opened pages list before reload
2026-01-18T05:50:30.316Z - info: Current opened pages, from most-to-least recent:
2026-01-18T05:50:30.316Z - info: 1. admin/appendixH-tipsFromStudents
2026-01-18T05:50:31.327Z - info: Rebuilding 1 pages
2026-01-18T05:50:31.544Z - info: Site data built
2026-01-18T05:50:31.544Z - info: Pages rebuilt
2026-01-18T05:50:31.544Z - info: Website regeneration complete! Total build time: 0.22s
2026-01-18T05:53:10.087Z - info: [13:53:10] Reload for file change: /Users/damithch/Repos/nus-cs2103/cs2103-website-base/admin/tips-from-students-fragment.md
2026-01-18T05:53:10.095Z - info: Synchronizing opened pages list before reload
2026-01-18T05:53:10.096Z - info: Current opened pages, from most-to-least recent:
2026-01-18T05:53:10.097Z - info: 1. admin/appendixH-tipsFromStudents
2026-01-18T05:53:11.107Z - info: Rebuilding 1 pages
2026-01-18T05:53:11.305Z - info: Site data built
2026-01-18T05:53:11.305Z - info: Pages rebuilt
2026-01-18T05:53:11.305Z - info: Website regeneration complete! Total build time: 0.2s
2026-01-18T05:58:25.440Z - info: [13:58:25] Reload for file change: /Users/damithch/Repos/nus-cs2103/cs2103-website-base/admin/tips-from-students-fragment.md
2026-01-18T05:58:25.442Z - info: Synchronizing opened pages list before reload
2026-01-18T05:58:25.442Z - info: Current opened pages, from most-to-least recent:
2026-01-18T05:58:25.442Z - info: 1. admin/appendixH-tipsFromStudents
2026-01-18T05:58:26.450Z - info: Rebuilding 1 pages
2026-01-18T05:58:26.621Z - info: Site data built
2026-01-18T05:58:26.621Z - info: Pages rebuilt
2026-01-18T05:58:26.621Z - info: Website regeneration complete! Total build time: 0.174s
2026-01-18T05:59:01.836Z - info: [13:59:01] Reload for file change: /Users/damithch/Repos/nus-cs2103/cs2103-website-base/admin/tips-from-students-fragment.md
2026-01-18T05:59:01.839Z - info: Synchronizing opened pages list before reload
2026-01-18T05:59:01.840Z - info: Current opened pages, from most-to-least recent:
2026-01-18T05:59:01.840Z - info: 1. admin/appendixH-tipsFromStudents
2026-01-18T05:59:02.848Z - info: Rebuilding 1 pages
2026-01-18T05:59:03.026Z - info: Site data built
2026-01-18T05:59:03.027Z - info: Pages rebuilt
2026-01-18T05:59:03.027Z - info: Website regeneration complete! Total build time: 0.184s
2026-01-18T06:00:14.870Z - info: [14:00:14] Reload for file change: /Users/damithch/Repos/nus-cs2103/cs2103-website-base/admin/tips-from-students-fragment.md
2026-01-18T06:00:14.879Z - info: Synchronizing opened pages list before reload
2026-01-18T06:00:14.881Z - info: Current opened pages, from most-to-least recent:
2026-01-18T06:00:14.882Z - info: 1. admin/appendixH-tipsFromStudents
2026-01-18T06:00:15.921Z - info: Rebuilding 1 pages
2026-01-18T06:00:16.108Z - info: Site data built
2026-01-18T06:00:16.108Z - info: Pages rebuilt
2026-01-18T06:00:16.108Z - info: Website regeneration complete! Total build time: 0.19s
2026-01-18T06:00:48.112Z - info: [14:00:48] Reload for file change: /Users/damithch/Repos/nus-cs2103/cs2103-website-base/admin/tips-from-students-fragment.md
2026-01-18T06:00:48.113Z - info: Synchronizing opened pages list before reload
2026-01-18T06:00:48.114Z - info: Current opened pages, from most-to-least recent:
2026-01-18T06:00:48.114Z - info: 1. admin/appendixH-tipsFromStudents
2026-01-18T06:00:49.121Z - info: Rebuilding 1 pages
2026-01-18T06:00:49.268Z - info: Site data built
2026-01-18T06:00:49.268Z - info: Pages rebuilt
2026-01-18T06:00:49.268Z - info: Website regeneration complete! Total build time: 0.151s
2026-01-18T06:04:34.421Z - info: [14:04:34] Reload for file change: /Users/damithch/Repos/nus-cs2103/cs2103-website-base/admin/tips-from-students-fragment.md
2026-01-18T06:04:34.432Z - info: Synchronizing opened pages list before reload
2026-01-18T06:04:34.433Z - info: Current opened pages, from most-to-least recent:
2026-01-18T06:04:34.434Z - info: 1. admin/appendixH-tipsFromStudents
2026-01-18T06:04:35.452Z - info: Rebuilding 1 pages
2026-01-18T06:04:35.653Z - info: Site data built
2026-01-18T06:04:35.653Z - info: Pages rebuilt
2026-01-18T06:04:35.653Z - info: Website regeneration complete! Total build time: 0.208s
2026-01-18T06:13:20.926Z - info: [14:13:20] Reload for file change: /Users/damithch/Repos/nus-cs2103/cs2103-website-base/admin/tips-from-students-fragment.md
2026-01-18T06:13:20.931Z - info: Synchronizing opened pages list before reload
2026-01-18T06:13:20.935Z - info: Current opened pages, from most-to-least recent:
2026-01-18T06:13:20.936Z - info: 1. admin/appendixH-tipsFromStudents
2026-01-18T06:13:21.951Z - info: Rebuilding 1 pages
2026-01-18T06:13:22.101Z - info: Site data built
2026-01-18T06:13:22.101Z - info: Pages rebuilt
2026-01-18T06:13:22.101Z - info: Website regeneration complete! Total build time: 0.152s
2026-01-18T06:14:42.473Z - info: [14:14:42] Reload for file change: /Users/damithch/Repos/nus-cs2103/cs2103-website-base/admin/tips-from-students-fragment.md
2026-01-18T06:14:42.475Z - info: Synchronizing opened pages list before reload
2026-01-18T06:14:42.475Z - info: Current opened pages, from most-to-least recent:
2026-01-18T06:14:42.475Z - info: 1. admin/appendixH-tipsFromStudents
2026-01-18T06:14:43.485Z - info: Rebuilding 1 pages
2026-01-18T06:14:43.651Z - info: Site data built
2026-01-18T06:14:43.651Z - info: Pages rebuilt
2026-01-18T06:14:43.651Z - info: Website regeneration complete! Total build time: 0.168s
2026-01-18T06:16:38.849Z - info: [14:16:38] Reload for file change: /Users/damithch/Repos/nus-cs2103/cs2103-website-base/admin/tips-from-students-fragment.md
2026-01-18T06:16:38.851Z - info: Synchronizing opened pages list before reload
2026-01-18T06:16:38.851Z - info: Current opened pages, from most-to-least recent:
2026-01-18T06:16:38.851Z - info: 1. admin/appendixH-tipsFromStudents
2026-01-18T06:16:39.860Z - info: Rebuilding 1 pages
2026-01-18T06:16:40.011Z - info: Site data built
2026-01-18T06:16:40.011Z - info: Pages rebuilt
2026-01-18T06:16:40.011Z - info: Website regeneration complete! Total build time: 0.153s
2026-01-18T06:17:58.796Z - info: [14:17:58] Reload for file change: /Users/damithch/Repos/nus-cs2103/cs2103-website-base/admin/tips-from-students-fragment.md
2026-01-18T06:17:58.798Z - info: Synchronizing opened pages list before reload
2026-01-18T06:17:58.798Z - info: Current opened pages, from most-to-least recent:
2026-01-18T06:17:58.798Z - info: 1. admin/appendixH-tipsFromStudents
2026-01-18T06:17:59.807Z - info: Rebuilding 1 pages
2026-01-18T06:18:00.001Z - info: Site data built
2026-01-18T06:18:00.001Z - info: Pages rebuilt
2026-01-18T06:18:00.001Z - info: Website regeneration complete! Total build time: 0.196s
2026-01-18T06:18:56.234Z - info: [14:18:56] Reload for file change: /Users/damithch/Repos/nus-cs2103/cs2103-website-base/admin/tips-from-students-fragment.md
2026-01-18T06:18:56.235Z - info: Synchronizing opened pages list before reload
2026-01-18T06:18:56.236Z - info: Current opened pages, from most-to-least recent:
2026-01-18T06:18:56.236Z - info: 1. admin/appendixH-tipsFromStudents
2026-01-18T06:18:57.242Z - info: Rebuilding 1 pages
2026-01-18T06:18:57.401Z - info: Site data built
2026-01-18T06:18:57.401Z - info: Pages rebuilt
2026-01-18T06:18:57.401Z - info: Website regeneration complete! Total build time: 0.162s
2026-01-18T06:19:41.772Z - info: [14:19:41] Reload for file change: /Users/damithch/Repos/nus-cs2103/cs2103-website-base/admin/tips-from-students-fragment.md
2026-01-18T06:19:41.773Z - info: Synchronizing opened pages list before reload
2026-01-18T06:19:41.773Z - info: Current opened pages, from most-to-least recent:
2026-01-18T06:19:41.773Z - info: 1. admin/appendixH-tipsFromStudents
2026-01-18T06:19:42.783Z - info: Rebuilding 1 pages
2026-01-18T06:19:42.926Z - info: Site data built
2026-01-18T06:19:42.926Z - info: Pages rebuilt
2026-01-18T06:19:42.926Z - info: Website regeneration complete! Total build time: 0.145s
2026-01-18T06:20:29.554Z - info: [14:20:29] Reload for file change: /Users/damithch/Repos/nus-cs2103/cs2103-website-base/admin/tips-from-students-fragment.md
2026-01-18T06:20:29.557Z - info: Synchronizing opened pages list before reload
2026-01-18T06:20:29.557Z - info: Current opened pages, from most-to-least recent:
2026-01-18T06:20:29.557Z - info: 1. admin/appendixH-tipsFromStudents
2026-01-18T06:20:30.565Z - info: Rebuilding 1 pages
2026-01-18T06:20:30.708Z - info: Site data built
2026-01-18T06:20:30.708Z - info: Pages rebuilt
2026-01-18T06:20:30.708Z - info: Website regeneration complete! Total build time: 0.147s
2026-01-18T06:22:49.262Z - info: [14:22:49] Reload for file change: /Users/damithch/Repos/nus-cs2103/cs2103-website-base/admin/tips-from-students-fragment.md
2026-01-18T06:22:49.267Z - info: Synchronizing opened pages list before reload
2026-01-18T06:22:49.269Z - info: Current opened pages, from most-to-least recent:
2026-01-18T06:22:49.269Z - info: 1. admin/appendixH-tipsFromStudents
2026-01-18T06:22:50.285Z - info: Rebuilding 1 pages
2026-01-18T06:22:50.456Z - info: Site data built
2026-01-18T06:22:50.456Z - info: Pages rebuilt
2026-01-18T06:22:50.456Z - info: Website regeneration complete! Total build time: 0.179s
2026-01-18T06:23:50.938Z - info: [14:23:50] Reload for file change: /Users/damithch/Repos/nus-cs2103/cs2103-website-base/admin/tips-from-students-fragment.md
2026-01-18T06:23:50.944Z - info: Synchronizing opened pages list before reload
2026-01-18T06:23:50.944Z - info: Current opened pages, from most-to-least recent:
2026-01-18T06:23:50.944Z - info: 1. admin/appendixH-tipsFromStudents
2026-01-18T06:23:51.956Z - info: Rebuilding 1 pages
2026-01-18T06:23:52.095Z - info: Site data built
2026-01-18T06:23:52.095Z - info: Pages rebuilt
2026-01-18T06:23:52.095Z - info: Website regeneration complete! Total build time: 0.146s
2026-01-18T06:25:20.822Z - info: [14:25:20] Reload for file change: /Users/damithch/Repos/nus-cs2103/cs2103-website-base/admin/tips-from-students-fragment.md
2026-01-18T06:25:20.823Z - info: Synchronizing opened pages list before reload
2026-01-18T06:25:20.824Z - info: Current opened pages, from most-to-least recent:
2026-01-18T06:25:20.824Z - info: 1. admin/appendixH-tipsFromStudents
2026-01-18T06:25:21.829Z - info: Rebuilding 1 pages
2026-01-18T06:25:21.942Z - info: Site data built
2026-01-18T06:25:21.942Z - info: Pages rebuilt
2026-01-18T06:25:21.942Z - info: Website regeneration complete! Total build time: 0.115s
2026-01-18T06:27:03.998Z - info: [14:27:03] Reload for file change: /Users/damithch/Repos/nus-cs2103/cs2103-website-base/admin/tips-from-students-fragment.md
2026-01-18T06:27:04.000Z - info: Synchronizing opened pages list before reload
2026-01-18T06:27:04.000Z - info: Current opened pages, from most-to-least recent:
2026-01-18T06:27:04.000Z - info: 1. admin/appendixH-tipsFromStudents
2026-01-18T06:27:05.007Z - info: Rebuilding 1 pages
2026-01-18T06:27:05.191Z - info: Site data built
2026-01-18T06:27:05.191Z - info: Pages rebuilt
2026-01-18T06:27:05.191Z - info: Website regeneration complete! Total build time: 0.187s
2026-01-18T06:27:38.911Z - info: [14:27:38] Reload for file change: /Users/damithch/Repos/nus-cs2103/cs2103-website-base/admin/tips-from-students-fragment.md
2026-01-18T06:27:38.912Z - info: Synchronizing opened pages list before reload
2026-01-18T06:27:38.913Z - info: Current opened pages, from most-to-least recent:
2026-01-18T06:27:38.913Z - info: 1. admin/appendixH-tipsFromStudents
2026-01-18T06:27:39.924Z - info: Rebuilding 1 pages
2026-01-18T06:27:40.065Z - info: Site data built
2026-01-18T06:27:40.065Z - info: Pages rebuilt
2026-01-18T06:27:40.065Z - info: Website regeneration complete! Total build time: 0.144s
2026-01-18T06:28:47.515Z - info: [14:28:47] Reload for file change: /Users/damithch/Repos/nus-cs2103/cs2103-website-base/admin/tips-from-students-fragment.md
2026-01-18T06:28:47.519Z - info: Synchronizing opened pages list before reload
2026-01-18T06:28:47.521Z - info: Current opened pages, from most-to-least recent:
2026-01-18T06:28:47.522Z - info: 1. admin/appendixH-tipsFromStudents
2026-01-18T06:28:48.530Z - info: Rebuilding 1 pages
2026-01-18T06:28:48.642Z - info: Site data built
2026-01-18T06:28:48.642Z - info: Pages rebuilt
2026-01-18T06:28:48.642Z - info: Website regeneration complete! Total build time: 0.116s
2026-01-18T06:31:06.126Z - info: [14:31:06] Reload for file change: /Users/damithch/Repos/nus-cs2103/cs2103-website-base/admin/tips-from-students-fragment.md
2026-01-18T06:31:06.132Z - info: Synchronizing opened pages list before reload
2026-01-18T06:31:06.133Z - info: Current opened pages, from most-to-least recent:
2026-01-18T06:31:06.134Z - info: 1. admin/appendixH-tipsFromStudents
2026-01-18T06:31:07.143Z - info: Rebuilding 1 pages
2026-01-18T06:31:07.318Z - info: Site data built
2026-01-18T06:31:07.318Z - info: Pages rebuilt
2026-01-18T06:31:07.318Z - info: Website regeneration complete! Total build time: 0.178s
2026-01-18T06:31:26.167Z - info: [14:31:26] Reload for file change: /Users/damithch/Repos/nus-cs2103/cs2103-website-base/admin/tips-from-students-fragment.md
2026-01-18T06:31:26.168Z - info: Synchronizing opened pages list before reload
2026-01-18T06:31:26.168Z - info: Current opened pages, from most-to-least recent:
2026-01-18T06:31:26.168Z - info: 1. admin/appendixH-tipsFromStudents
2026-01-18T06:31:27.178Z - info: Rebuilding 1 pages
2026-01-18T06:31:27.338Z - info: Site data built
2026-01-18T06:31:27.338Z - info: Pages rebuilt
2026-01-18T06:31:27.338Z - info: Website regeneration complete! Total build time: 0.163s
2026-01-18T06:32:58.259Z - info: [14:32:58] Reload for file change: /Users/damithch/Repos/nus-cs2103/cs2103-website-base/admin/tips-from-students-fragment.md
2026-01-18T06:32:58.306Z - info: Synchronizing opened pages list before reload
2026-01-18T06:32:58.306Z - info: Current opened pages, from most-to-least recent:
2026-01-18T06:32:58.307Z - info: 1. admin/appendixH-tipsFromStudents
2026-01-18T06:32:59.322Z - info: Rebuilding 1 pages
2026-01-18T06:32:59.409Z - warn:  Error: Error while generating /Users/damithch/Repos/nus-cs2103/cs2103-website-base/admin/appendixH-tipsFromStudents.md: Template render error: (/Users/damithch/Repos/nus-cs2103/cs2103-website-base/admin/appendixH-tipsFromStudents.md)
  Template render error: (/Users/damithch/Repos/nus-cs2103/cs2103-website-base/admin/appendixH-tipsFromStudents.md)
  Template render error: (/Users/damithch/Repos/nus-cs2103/cs2103-website-base/admin/appendixH-tipsFromStudents.md)
  Template render error: (/Users/damithch/Repos/nus-cs2103/cs2103-website-base/admin/appendixH-tipsFromStudents.md)
  Template render error: (/Users/damithch/Repos/nus-cs2103/cs2103-website-base/admin/appendixH-tipsFromStudents.md)
  Template render error: (/Users/damithch/Repos/nus-cs2103/cs2103-website-base/admin/appendixH-tipsFromStudents.md)
  Template render error: (/Users/damithch/Repos/nus-cs2103/cs2103-website-base/admin/appendixH-tipsFromStudents.md) [Line 96, Column 50]
  Template render error: (/Users/damithch/Repos/nus-cs2103/cs2103-website-base/admin/appendixH-tipsFromStudents.md)
  Template render error: (/Users/damithch/Repos/nus-cs2103/cs2103-website-base/admin/appendixH-tipsFromStudents.md)
  Template render error: (/Users/damithch/Repos/nus-cs2103/cs2103-website-base/admin/appendixH-tipsFromStudents.md)
  Template render error: (/Users/damithch/Repos/nus-cs2103/cs2103-website-base/admin/appendixH-tipsFromStudents.md)
  Template render error: (/Users/damithch/Repos/nus-cs2103/cs2103-website-base/admin/appendixH-tipsFromStudents.md)
  Template render error: (/Users/damithch/Repos/nus-cs2103/cs2103-website-base/admin/appendixH-tipsFromStudents.md)
  Template render error: (/Users/damithch/Repos/nus-cs2103/cs2103-website-base/admin/appendixH-tipsFromStudents.md) [Line 1, Column 15]
  parseAggregate: expected comma after expression
    at Site.<anonymous> (/opt/homebrew/lib/node_modules/markbind-cli/node_modules/@markbind/core/src/Site/index.js:931:27)
    at Generator.throw (<anonymous>)
    at rejected (/opt/homebrew/lib/node_modules/markbind-cli/node_modules/@markbind/core/src/Site/index.js:29:65)
2026-01-18T06:34:30.133Z - info: Website generation started at 14:34:28
2026-01-18T06:34:30.612Z - warn: ENOENT: no such file or directory, open '/Users/damithch/Repos/nus-cs2103/cs2103-website-base/node_modules/.cache/gh-pages/https!github.com!NUS-CS2103-AY2526-S2!website.git/book/_markbind/variables.md'
2026-01-18T06:34:30.612Z - warn: ENOENT: no such file or directory, open '/Users/damithch/Repos/nus-cs2103/cs2103-website-base/node_modules/.cache/gh-pages/https!github.com!NUS-CS2103-AY2526-S2!website.git/_markbind/variables.md'
2026-01-18T06:34:30.632Z - info: Building assets...
2026-01-18T06:34:33.307Z - info: Assets built
2026-01-18T06:34:33.307Z - info: Generating pages...
2026-01-18T06:34:40.863Z - debug:  
2026-01-18T06:34:40.863Z - debug:  
2026-01-18T06:34:40.864Z - debug:  
2026-01-18T06:34:40.864Z - debug:  
2026-01-18T06:34:40.864Z - debug:  
2026-01-18T06:34:40.864Z - debug:  
2026-01-18T06:34:40.864Z - debug:  
2026-01-18T06:34:40.864Z - debug:  
2026-01-18T06:34:40.864Z - debug:  
2026-01-18T06:34:40.864Z - debug:  
2026-01-18T06:34:40.864Z - debug:  
2026-01-18T06:34:40.864Z - debug:  
2026-01-18T06:34:40.864Z - debug:  
2026-01-18T06:34:40.864Z - debug:  
2026-01-18T06:34:40.864Z - debug:  
2026-01-18T06:34:40.864Z - debug:  
2026-01-18T06:34:43.802Z - debug:  
2026-01-18T06:34:43.859Z - debug:  
2026-01-18T06:34:43.860Z - debug:  
2026-01-18T06:34:43.871Z - debug:  
2026-01-18T06:34:43.895Z - debug:  
2026-01-18T06:34:44.046Z - debug:  
2026-01-18T06:34:55.361Z - debug:  
2026-01-18T06:35:04.184Z - info: Website generation started at 14:35:03
2026-01-18T06:35:04.444Z - warn: ENOENT: no such file or directory, open '/Users/damithch/Repos/nus-cs2103/cs2103-website-base/node_modules/.cache/gh-pages/https!github.com!NUS-CS2103-AY2526-S2!website.git/book/_markbind/variables.md'
2026-01-18T06:35:04.444Z - warn: ENOENT: no such file or directory, open '/Users/damithch/Repos/nus-cs2103/cs2103-website-base/node_modules/.cache/gh-pages/https!github.com!NUS-CS2103-AY2526-S2!website.git/_markbind/variables.md'
2026-01-18T06:35:04.464Z - info: Building assets...
