2026-02-13T16:00:03.029Z - info: [00:00:03] Reload for file change: /Users/damithch/Repos/nus-cs2103/cs2103-website-base/schedule/week6/tutorial-cs2103-fragment.md
2026-02-13T16:00:03.058Z - info: Synchronizing opened pages list before reload
2026-02-13T16:00:03.060Z - info: Current opened pages, from most-to-least recent:
2026-02-13T16:00:03.060Z - info: 1. schedule/week6/tutorial
2026-02-13T16:00:04.080Z - info: Rebuilding 1 pages
2026-02-13T16:00:04.210Z - info: Site data built
2026-02-13T16:00:04.210Z - info: Pages rebuilt
2026-02-13T16:00:04.210Z - info: Website regeneration complete! Total build time: 0.139s
2026-02-13T16:06:41.935Z - info: [00:06:41] Reload for file change: /Users/damithch/Repos/nus-cs2103/cs2103-website-base/schedule/week6/tutorial-cs2103-fragment.md
2026-02-13T16:06:41.940Z - info: Synchronizing opened pages list before reload
2026-02-13T16:06:41.944Z - info: Current opened pages, from most-to-least recent:
2026-02-13T16:06:41.945Z - info: 1. schedule/week6/tutorial
2026-02-13T16:06:42.967Z - info: Rebuilding 1 pages
2026-02-13T16:06:43.104Z - info: Site data built
2026-02-13T16:06:43.104Z - info: Pages rebuilt
2026-02-13T16:06:43.105Z - info: Website regeneration complete! Total build time: 0.154s
2026-02-13T16:07:05.979Z - info: [00:07:05] Reload for file change: /Users/damithch/Repos/nus-cs2103/cs2103-website-base/schedule/week6/tutorial-cs2103-fragment.md
2026-02-13T16:07:05.980Z - info: Synchronizing opened pages list before reload
2026-02-13T16:07:05.981Z - info: Current opened pages, from most-to-least recent:
2026-02-13T16:07:05.981Z - info: 1. schedule/week6/tutorial
2026-02-13T16:07:06.989Z - info: Rebuilding 1 pages
2026-02-13T16:07:07.159Z - info: Site data built
2026-02-13T16:07:07.159Z - info: Pages rebuilt
2026-02-13T16:07:07.159Z - info: Website regeneration complete! Total build time: 0.173s
2026-02-13T16:07:37.159Z - info: [00:07:37] Reload for file change: /Users/damithch/Repos/nus-cs2103/cs2103-website-base/schedule/week6/tutorial-cs2103-fragment.md
2026-02-13T16:07:37.161Z - info: Synchronizing opened pages list before reload
2026-02-13T16:07:37.163Z - info: Current opened pages, from most-to-least recent:
2026-02-13T16:07:37.164Z - info: 1. schedule/week6/tutorial
2026-02-13T16:07:38.170Z - info: Rebuilding 1 pages
2026-02-13T16:07:38.342Z - info: Site data built
2026-02-13T16:07:38.342Z - info: Pages rebuilt
2026-02-13T16:07:38.342Z - info: Website regeneration complete! Total build time: 0.176s
2026-02-13T16:07:59.607Z - info: [00:07:59] Reload for file change: /Users/damithch/Repos/nus-cs2103/cs2103-website-base/schedule/week6/tutorial-cs2103-fragment.md
2026-02-13T16:07:59.609Z - info: Synchronizing opened pages list before reload
2026-02-13T16:07:59.609Z - info: Current opened pages, from most-to-least recent:
2026-02-13T16:07:59.610Z - info: 1. schedule/week6/tutorial
2026-02-13T16:08:00.620Z - info: Rebuilding 1 pages
2026-02-13T16:08:00.785Z - info: Site data built
2026-02-13T16:08:00.785Z - info: Pages rebuilt
2026-02-13T16:08:00.785Z - info: Website regeneration complete! Total build time: 0.168s
2026-02-13T16:08:31.125Z - info: [00:08:31] Reload for file change: /Users/damithch/Repos/nus-cs2103/cs2103-website-base/schedule/week6/tutorial-cs2103-fragment.md
2026-02-13T16:08:31.126Z - info: Synchronizing opened pages list before reload
2026-02-13T16:08:31.127Z - info: Current opened pages, from most-to-least recent:
2026-02-13T16:08:31.127Z - info: 1. schedule/week6/tutorial
2026-02-13T16:08:32.139Z - info: Rebuilding 1 pages
2026-02-13T16:08:32.309Z - info: Site data built
2026-02-13T16:08:32.309Z - info: Pages rebuilt
2026-02-13T16:08:32.309Z - info: Website regeneration complete! Total build time: 0.172s
2026-02-13T16:09:38.223Z - info: [00:09:38] Reload for file change: /Users/damithch/Repos/nus-cs2103/cs2103-website-base/schedule/week6/tutorial-cs2103-fragment.md
2026-02-13T16:09:38.225Z - info: Synchronizing opened pages list before reload
2026-02-13T16:09:38.226Z - info: Current opened pages, from most-to-least recent:
2026-02-13T16:09:38.226Z - info: 1. schedule/week6/tutorial
2026-02-13T16:09:39.236Z - info: Rebuilding 1 pages
2026-02-13T16:09:39.425Z - info: Site data built
2026-02-13T16:09:39.425Z - info: Pages rebuilt
2026-02-13T16:09:39.425Z - info: Website regeneration complete! Total build time: 0.192s
2026-02-13T16:10:22.704Z - info: Website generation started at 00:10:22
2026-02-13T16:10:23.109Z - info: Building assets...
2026-02-13T16:10:24.805Z - info: Assets built
2026-02-13T16:10:24.806Z - info: Generating pages...
2026-02-13T16:10:33.007Z - debug:  
2026-02-13T16:10:33.007Z - debug:  
2026-02-13T16:10:33.008Z - debug:  
2026-02-13T16:10:33.008Z - debug:  
2026-02-13T16:10:33.008Z - debug:  
2026-02-13T16:10:33.008Z - debug:  
2026-02-13T16:10:33.008Z - debug:  
2026-02-13T16:10:33.008Z - debug:  
2026-02-13T16:10:33.008Z - debug:  
2026-02-13T16:10:33.011Z - debug:  
2026-02-13T16:10:34.479Z - debug:  
2026-02-13T16:10:34.479Z - debug:  
2026-02-13T16:10:34.479Z - debug:  
2026-02-13T16:10:34.479Z - debug:  
2026-02-13T16:10:34.479Z - debug:  
2026-02-13T16:10:34.479Z - debug:  
2026-02-13T16:10:36.718Z - debug:  
2026-02-13T16:10:36.941Z - debug:  
2026-02-13T16:10:36.982Z - debug:  
2026-02-13T16:10:36.996Z - debug:  
2026-02-13T16:10:37.026Z - debug:  
2026-02-13T16:10:37.109Z - debug:  
2026-02-13T16:10:51.762Z - debug:  
2026-02-13T16:11:38.037Z - debug:  
2026-02-13T16:11:38.043Z - debug:  
2026-02-13T16:11:53.269Z - debug:  
2026-02-13T16:12:08.799Z - debug:  
2026-02-13T16:12:08.829Z - debug:  
2026-02-13T16:12:19.170Z - info: Pages built
2026-02-13T16:12:19.256Z - info: Site data built
2026-02-13T16:12:19.256Z - info: Website generation complete! Total build time: 117.187s
2026-02-13T16:12:19.256Z - info: Build success!
2026-02-13T16:12:45.700Z - info: The website has been deployed at: https://nus-cs2103-ay2526-s2.github.io/website
2026-02-14T03:50:46.076Z - info: Website generation started at 11:50:45
2026-02-14T03:50:46.788Z - info: Building assets...
2026-02-14T03:50:48.516Z - info: Assets built
2026-02-14T03:50:48.517Z - info: Generating pages...
2026-02-14T03:50:58.885Z - debug:  
2026-02-14T03:50:58.885Z - debug:  
2026-02-14T03:50:58.885Z - debug:  
2026-02-14T03:50:58.885Z - debug:  
2026-02-14T03:50:58.885Z - debug:  
2026-02-14T03:50:58.886Z - debug:  
2026-02-14T03:50:58.886Z - debug:  
2026-02-14T03:50:58.886Z - debug:  
2026-02-14T03:50:58.886Z - debug:  
2026-02-14T03:50:58.886Z - debug:  
2026-02-14T03:50:58.886Z - debug:  
2026-02-14T03:50:58.886Z - debug:  
2026-02-14T03:50:58.886Z - debug:  
2026-02-14T03:50:58.886Z - debug:  
2026-02-14T03:50:58.886Z - debug:  
2026-02-14T03:50:58.886Z - debug:  
2026-02-14T03:51:03.390Z - debug:  
2026-02-14T03:51:03.407Z - debug:  
2026-02-14T03:51:03.430Z - debug:  
2026-02-14T03:51:03.472Z - debug:  
2026-02-14T03:51:03.485Z - debug:  
2026-02-14T03:51:03.594Z - debug:  
2026-02-14T03:51:15.562Z - debug:  
2026-02-14T03:52:07.021Z - debug:  
2026-02-14T03:52:07.021Z - debug:  
2026-02-14T03:52:21.892Z - debug:  
2026-02-14T03:52:37.452Z - debug:  
2026-02-14T03:52:37.493Z - debug:  
2026-02-14T03:52:48.380Z - info: Pages built
2026-02-14T03:52:48.454Z - info: Site data built
2026-02-14T03:52:48.454Z - info: Website generation complete! Total build time: 123.409s
2026-02-14T03:52:48.454Z - info: Build success!
2026-02-14T03:53:14.761Z - info: The website has been deployed at: https://nus-cs2103-ay2526-s2.github.io/website
2026-02-14T15:57:04.894Z - info: Website generation (lazy) started at 23:57:04
2026-02-14T15:57:05.412Z - info: Building assets...
2026-02-14T15:57:07.748Z - info: Assets built
2026-02-14T15:57:07.749Z - info: Generating landing page...
2026-02-14T15:57:08.688Z - info: Landing page built, other pages will be built as you navigate to them!
2026-02-14T15:57:08.865Z - info: Site data built
2026-02-14T15:57:08.866Z - info: Website generation (lazy) complete! Total build time: 4.801s
2026-02-14T15:57:08.892Z - info: Serving "/Users/damithch/Repos/nus-cs2103/cs2103-website-base/_site" at http://127.0.0.1:8080
2026-02-14T15:57:08.893Z - info: Press CTRL+C to stop ...
2026-02-14T15:57:22.812Z - info: Building /Users/damithch/Repos/nus-cs2103/cs2103-website-base/admin/appendixB-policies as some of its dependencies were changed since the last visit
2026-02-14T15:57:23.343Z - info: Site data built
2026-02-14T15:57:23.343Z - info: Lazy website regeneration complete! Total build time: 0.532s
2026-02-14T15:59:42.003Z - info: [23:59:41] Reload for file change: /Users/damithch/Repos/nus-cs2103/cs2103-website-base/admin/policies-fragment.md
2026-02-14T15:59:42.029Z - info: Synchronizing opened pages list before reload
2026-02-14T15:59:42.040Z - info: Current opened pages, from most-to-least recent:
2026-02-14T15:59:42.045Z - info: 1. admin/appendixB-policies
2026-02-14T15:59:43.071Z - info: Rebuilding 1 pages
2026-02-14T15:59:43.512Z - info: Site data built
2026-02-14T15:59:43.512Z - info: Pages rebuilt
2026-02-14T15:59:43.513Z - info: Website regeneration complete! Total build time: 0.46s
