2026-01-27T07:18:07.994Z - info: Website generation (lazy) started at 15:18:06
2026-01-27T07:18:08.761Z - warn: ENOENT: no such file or directory, open '/Users/damithch/Repos/nus-cs2103/cs2103-website-base/node_modules/.cache/gh-pages/https!github.com!NUS-CS2103-AY2526-S2!website.git/book/_markbind/variables.md'
2026-01-27T07:18:08.761Z - warn: ENOENT: no such file or directory, open '/Users/damithch/Repos/nus-cs2103/cs2103-website-base/node_modules/.cache/gh-pages/https!github.com!NUS-CS2103-AY2526-S2!website.git/_markbind/variables.md'
2026-01-27T07:18:08.781Z - info: Building assets...
2026-01-27T07:18:12.499Z - info: Assets built
2026-01-27T07:18:12.500Z - info: Generating landing page...
2026-01-27T07:18:12.985Z - info: Landing page built, other pages will be built as you navigate to them!
2026-01-27T07:18:13.056Z - info: Site data built
2026-01-27T07:18:13.056Z - info: Website generation (lazy) complete! Total build time: 6.416s
2026-01-27T07:18:13.069Z - info: Serving "/Users/damithch/Repos/nus-cs2103/cs2103-website-base/_site" at http://127.0.0.1:8080
2026-01-27T07:18:13.069Z - info: Press CTRL+C to stop ...
2026-01-27T07:18:19.144Z - info: Building /Users/damithch/Repos/nus-cs2103/cs2103-website-base/admin/tutorials as some of its dependencies were changed since the last visit
2026-01-27T07:18:20.186Z - info: Site data built
2026-01-27T07:18:20.186Z - info: Lazy website regeneration complete! Total build time: 1.042s
2026-01-27T07:19:31.793Z - info: Website generation started at 15:19:30
2026-01-27T07:19:32.230Z - warn: ENOENT: no such file or directory, open '/Users/damithch/Repos/nus-cs2103/cs2103-website-base/node_modules/.cache/gh-pages/https!github.com!NUS-CS2103-AY2526-S2!website.git/book/_markbind/variables.md'
2026-01-27T07:19:32.230Z - warn: ENOENT: no such file or directory, open '/Users/damithch/Repos/nus-cs2103/cs2103-website-base/node_modules/.cache/gh-pages/https!github.com!NUS-CS2103-AY2526-S2!website.git/_markbind/variables.md'
2026-01-27T07:19:32.250Z - info: Building assets...
2026-01-27T07:19:36.759Z - info: Assets built
2026-01-27T07:19:36.782Z - info: Generating pages...
2026-01-27T07:19:44.789Z - debug:  
2026-01-27T07:19:44.789Z - debug:  
2026-01-27T07:19:44.789Z - debug:  
2026-01-27T07:19:46.045Z - debug:  
2026-01-27T07:19:46.046Z - debug:  
2026-01-27T07:19:46.046Z - debug:  
2026-01-27T07:19:46.046Z - debug:  
2026-01-27T07:19:46.046Z - debug:  
2026-01-27T07:19:46.046Z - debug:  
2026-01-27T07:19:46.046Z - debug:  
2026-01-27T07:19:46.046Z - debug:  
2026-01-27T07:19:46.046Z - debug:  
2026-01-27T07:19:46.046Z - debug:  
2026-01-27T07:19:46.046Z - debug:  
2026-01-27T07:19:46.046Z - debug:  
2026-01-27T07:19:46.046Z - debug:  
2026-01-27T07:19:48.515Z - debug:  
2026-01-27T07:19:48.550Z - debug:  
2026-01-27T07:19:48.592Z - debug:  
2026-01-27T07:19:48.638Z - debug:  
2026-01-27T07:19:48.661Z - debug:  
2026-01-27T07:19:48.685Z - debug:  
2026-01-27T07:20:00.228Z - debug:  
2026-01-27T07:20:46.241Z - debug:  
2026-01-27T07:20:46.243Z - debug:  
2026-01-27T07:20:59.292Z - debug:  
2026-01-27T07:21:12.655Z - debug:  
2026-01-27T07:21:12.674Z - debug:  
2026-01-27T07:21:20.083Z - info: Pages built
2026-01-27T07:21:20.159Z - info: Site data built
2026-01-27T07:21:20.159Z - info: Website generation complete! Total build time: 109.458s
2026-01-27T07:21:20.160Z - info: Build success!
2026-01-27T07:21:44.946Z - info: The website has been deployed at: https://nus-cs2103-ay2526-s2.github.io/website
2026-01-27T07:36:36.340Z - info: Website generation (lazy) started at 15:36:34
2026-01-27T07:36:36.873Z - warn: ENOENT: no such file or directory, open '/Users/damithch/Repos/nus-cs2103/cs2103-website-base/node_modules/.cache/gh-pages/https!github.com!NUS-CS2103-AY2526-S2!website.git/book/_markbind/variables.md'
2026-01-27T07:36:36.873Z - warn: ENOENT: no such file or directory, open '/Users/damithch/Repos/nus-cs2103/cs2103-website-base/node_modules/.cache/gh-pages/https!github.com!NUS-CS2103-AY2526-S2!website.git/_markbind/variables.md'
2026-01-27T07:36:36.895Z - info: Building assets...
2026-01-27T07:36:39.898Z - info: Assets built
2026-01-27T07:36:39.898Z - info: Generating landing page...
2026-01-27T07:36:40.463Z - info: Landing page built, other pages will be built as you navigate to them!
2026-01-27T07:36:40.545Z - info: Site data built
2026-01-27T07:36:40.545Z - info: Website generation (lazy) complete! Total build time: 5.576s
2026-01-27T07:36:40.558Z - info: Serving "/Users/damithch/Repos/nus-cs2103/cs2103-website-base/_site" at http://127.0.0.1:8080
2026-01-27T07:36:40.558Z - info: Press CTRL+C to stop ...
2026-01-27T07:36:48.344Z - info: Building /Users/damithch/Repos/nus-cs2103/cs2103-website-base/admin/participation as some of its dependencies were changed since the last visit
2026-01-27T07:36:48.616Z - info: Site data built
2026-01-27T07:36:48.617Z - info: Lazy website regeneration complete! Total build time: 0.272s
2026-01-27T07:38:03.619Z - info: [15:38:03] Reload for file change: /Users/damithch/Repos/nus-cs2103/cs2103-website-base/admin/participation.md
2026-01-27T07:38:03.630Z - info: Synchronizing opened pages list before reload
2026-01-27T07:38:03.646Z - info: Current opened pages, from most-to-least recent:
2026-01-27T07:38:03.648Z - info: 1. admin/participation
2026-01-27T07:38:04.666Z - info: Rebuilding 1 pages
2026-01-27T07:38:04.872Z - info: Site data built
2026-01-27T07:38:04.872Z - info: Pages rebuilt
2026-01-27T07:38:04.872Z - info: Website regeneration complete! Total build time: 0.212s
2026-01-27T07:39:28.243Z - info: [15:39:28] Reload for file change: /Users/damithch/Repos/nus-cs2103/cs2103-website-base/admin/participation.md
2026-01-27T07:39:28.245Z - info: Synchronizing opened pages list before reload
2026-01-27T07:39:28.246Z - info: Current opened pages, from most-to-least recent:
2026-01-27T07:39:28.254Z - info: 1. admin/participation
2026-01-27T07:39:29.262Z - info: Rebuilding 1 pages
2026-01-27T07:39:29.451Z - info: Site data built
2026-01-27T07:39:29.451Z - info: Pages rebuilt
2026-01-27T07:39:29.451Z - info: Website regeneration complete! Total build time: 0.192s
2026-01-27T07:40:23.271Z - info: [15:40:23] Reload for file change: /Users/damithch/Repos/nus-cs2103/cs2103-website-base/admin/participation.md
2026-01-27T07:40:23.280Z - info: Synchronizing opened pages list before reload
2026-01-27T07:40:23.285Z - info: Current opened pages, from most-to-least recent:
2026-01-27T07:40:23.287Z - info: 1. admin/participation
2026-01-27T07:40:24.361Z - info: Rebuilding 1 pages
2026-01-27T07:40:24.576Z - info: Site data built
2026-01-27T07:40:24.576Z - info: Pages rebuilt
2026-01-27T07:40:24.576Z - info: Website regeneration complete! Total build time: 0.218s
2026-01-27T07:41:34.178Z - info: [15:41:34] Reload for file change: /Users/damithch/Repos/nus-cs2103/cs2103-website-base/admin/participation.md
2026-01-27T07:41:34.188Z - info: Synchronizing opened pages list before reload
2026-01-27T07:41:34.190Z - info: Current opened pages, from most-to-least recent:
2026-01-27T07:41:34.191Z - info: 1. admin/participation
2026-01-27T07:41:35.241Z - info: Rebuilding 1 pages
2026-01-27T07:41:35.492Z - info: Site data built
2026-01-27T07:41:35.492Z - info: Pages rebuilt
2026-01-27T07:41:35.492Z - info: Website regeneration complete! Total build time: 0.276s
2026-01-27T07:42:15.719Z - info: Website generation started at 15:42:14
2026-01-27T07:42:16.211Z - warn: ENOENT: no such file or directory, open '/Users/damithch/Repos/nus-cs2103/cs2103-website-base/node_modules/.cache/gh-pages/https!github.com!NUS-CS2103-AY2526-S2!website.git/book/_markbind/variables.md'
2026-01-27T07:42:16.212Z - warn: ENOENT: no such file or directory, open '/Users/damithch/Repos/nus-cs2103/cs2103-website-base/node_modules/.cache/gh-pages/https!github.com!NUS-CS2103-AY2526-S2!website.git/_markbind/variables.md'
2026-01-27T07:42:16.232Z - info: Building assets...
2026-01-27T07:42:19.123Z - info: Assets built
2026-01-27T07:42:19.124Z - info: Generating pages...
2026-01-27T07:42:28.102Z - debug:  
2026-01-27T07:42:28.102Z - debug:  
2026-01-27T07:42:28.102Z - debug:  
2026-01-27T07:42:29.572Z - debug:  
2026-01-27T07:42:29.572Z - debug:  
2026-01-27T07:42:29.572Z - debug:  
2026-01-27T07:42:29.572Z - debug:  
2026-01-27T07:42:29.572Z - debug:  
2026-01-27T07:42:29.572Z - debug:  
2026-01-27T07:42:29.572Z - debug:  
2026-01-27T07:42:29.572Z - debug:  
2026-01-27T07:42:29.572Z - debug:  
2026-01-27T07:42:29.572Z - debug:  
2026-01-27T07:42:29.572Z - debug:  
2026-01-27T07:42:29.572Z - debug:  
2026-01-27T07:42:29.572Z - debug:  
2026-01-27T07:42:32.006Z - debug:  
2026-01-27T07:42:32.324Z - debug:  
2026-01-27T07:42:32.360Z - debug:  
2026-01-27T07:42:32.392Z - debug:  
2026-01-27T07:42:32.461Z - debug:  
2026-01-27T07:42:32.464Z - debug:  
2026-01-27T07:42:42.677Z - debug:  
2026-01-27T07:43:26.560Z - debug:  
2026-01-27T07:43:26.560Z - debug:  
2026-01-27T07:43:37.304Z - debug:  
2026-01-27T07:43:50.367Z - debug:  
2026-01-27T07:43:50.389Z - debug:  
2026-01-27T07:43:58.332Z - info: Pages built
2026-01-27T07:43:58.410Z - info: Site data built
2026-01-27T07:43:58.410Z - info: Website generation complete! Total build time: 103.926s
2026-01-27T07:43:58.410Z - info: Build success!
2026-01-27T07:44:23.239Z - info: The website has been deployed at: https://nus-cs2103-ay2526-s2.github.io/website
2026-01-27T09:00:22.102Z - info: Website generation started at 17:00:20
2026-01-27T09:00:22.708Z - warn: ENOENT: no such file or directory, open '/Users/damithch/Repos/nus-cs2103/cs2103-website-base/node_modules/.cache/gh-pages/https!github.com!NUS-CS2103-AY2526-S2!website.git/book/_markbind/variables.md'
2026-01-27T09:00:22.708Z - warn: ENOENT: no such file or directory, open '/Users/damithch/Repos/nus-cs2103/cs2103-website-base/node_modules/.cache/gh-pages/https!github.com!NUS-CS2103-AY2526-S2!website.git/_markbind/variables.md'
2026-01-27T09:00:22.730Z - info: Building assets...
