2026-01-16T17:47:48.020Z - info: Website generation (lazy) started at 01:47:46
2026-01-16T17:47:48.655Z - warn: ENOENT: no such file or directory, open '/Users/damithch/Repos/nus-cs2103/cs2103-website-base/node_modules/.cache/gh-pages/https!github.com!NUS-CS2103-AY2526-S2!website.git/book/_markbind/variables.md'
2026-01-16T17:47:48.655Z - warn: ENOENT: no such file or directory, open '/Users/damithch/Repos/nus-cs2103/cs2103-website-base/node_modules/.cache/gh-pages/https!github.com!NUS-CS2103-AY2526-S2!website.git/_markbind/variables.md'
2026-01-16T17:47:48.678Z - info: Building assets...
2026-01-16T17:47:52.496Z - info: Assets built
2026-01-16T17:47:52.498Z - info: Generating landing page...
2026-01-16T17:47:53.061Z - info: Landing page built, other pages will be built as you navigate to them!
2026-01-16T17:47:53.173Z - info: Site data built
2026-01-16T17:47:53.173Z - info: Website generation (lazy) complete! Total build time: 6.72s
2026-01-16T17:47:53.192Z - info: Serving "/Users/damithch/Repos/nus-cs2103/cs2103-website-base/_site" at http://127.0.0.1:8080
2026-01-16T17:47:53.192Z - info: Press CTRL+C to stop ...
2026-01-16T17:50:24.745Z - info: [01:50:24] Reload for file change: /Users/damithch/Repos/nus-cs2103/cs2103-website-base/_markbind/layouts/header.md
2026-01-16T17:50:24.747Z - info: Synchronizing opened pages list before reload
2026-01-16T17:50:24.748Z - info: Current opened pages, from most-to-least recent:
2026-01-16T17:50:24.749Z - info: 1. index
2026-01-16T17:50:25.868Z - info: Rebuilding 1 pages
2026-01-16T17:50:26.100Z - info: Site data built
2026-01-16T17:50:26.100Z - info: Pages rebuilt
2026-01-16T17:50:26.100Z - info: Website regeneration complete! Total build time: 0.234s
2026-01-16T17:50:42.288Z - info: [01:50:42] Reload for file change: /Users/damithch/Repos/nus-cs2103/cs2103-website-base/_markbind/layouts/header.md
2026-01-16T17:50:42.292Z - info: Synchronizing opened pages list before reload
2026-01-16T17:50:42.294Z - info: Current opened pages, from most-to-least recent:
2026-01-16T17:50:42.295Z - info: 1. index
2026-01-16T17:50:43.382Z - info: Rebuilding 1 pages
2026-01-16T17:50:43.584Z - info: Site data built
2026-01-16T17:50:43.585Z - info: Pages rebuilt
2026-01-16T17:50:43.585Z - info: Website regeneration complete! Total build time: 0.203s
2026-01-16T17:52:24.885Z - info: [01:52:24] Reload for file add: /Users/damithch/Repos/nus-cs2103/cs2103-website-base/admin/tips-from-past-students.md
2026-01-16T17:52:24.886Z - info: Synchronizing opened pages list before reload
2026-01-16T17:52:24.887Z - info: Current opened pages, from most-to-least recent:
2026-01-16T17:52:24.887Z - info: 1. index
2026-01-16T17:52:26.050Z - info: Pages or site config modified, updating pages...
2026-01-16T17:52:27.191Z - info: Building /Users/damithch/Repos/nus-cs2103/cs2103-website-base/index as some of its dependencies were changed since the last visit
2026-01-16T17:52:27.476Z - info: Site data built
2026-01-16T17:52:27.476Z - info: Lazy website regeneration complete! Total build time: 0.285s
2026-01-16T17:53:35.327Z - info: [01:53:35] Reload for file change: /Users/damithch/Repos/nus-cs2103/cs2103-website-base/admin/tips-from-past-students.md
2026-01-16T17:53:35.329Z - info: Synchronizing opened pages list before reload
2026-01-16T17:53:35.330Z - info: Current opened pages, from most-to-least recent:
2026-01-16T17:53:35.330Z - info: 1. index
2026-01-16T17:53:36.338Z - info: No pages needed to be rebuilt
2026-01-16T17:53:42.082Z - info: Building /Users/damithch/Repos/nus-cs2103/cs2103-website-base/admin/usingThisWebsite as some of its dependencies were changed since the last visit
2026-01-16T17:53:42.318Z - info: Site data built
2026-01-16T17:53:42.318Z - info: Lazy website regeneration complete! Total build time: 0.236s
2026-01-16T17:53:53.682Z - info: Building /Users/damithch/Repos/nus-cs2103/cs2103-website-base/admin/tips-from-past-students as some of its dependencies were changed since the last visit
2026-01-16T17:53:53.825Z - info: Site data built
2026-01-16T17:53:53.825Z - info: Lazy website regeneration complete! Total build time: 0.143s
2026-01-16T17:54:18.037Z - info: [01:54:18] Reload for file change: /Users/damithch/Repos/nus-cs2103/cs2103-website-base/admin/tips-from-past-students.md
2026-01-16T17:54:18.039Z - info: Synchronizing opened pages list before reload
2026-01-16T17:54:18.041Z - info: Current opened pages, from most-to-least recent:
2026-01-16T17:54:18.041Z - info: 1. admin/tips-from-past-students
2026-01-16T17:54:19.048Z - info: Rebuilding 1 pages
2026-01-16T17:54:19.100Z - info: Site data built
2026-01-16T17:54:19.100Z - info: Pages rebuilt
2026-01-16T17:54:19.100Z - info: Website regeneration complete! Total build time: 0.054s
2026-01-16T17:55:06.762Z - info: [01:55:06] Reload for file change: /Users/damithch/Repos/nus-cs2103/cs2103-website-base/admin/tips-from-past-students.md
2026-01-16T17:55:06.765Z - info: Synchronizing opened pages list before reload
2026-01-16T17:55:06.766Z - info: Current opened pages, from most-to-least recent:
2026-01-16T17:55:06.766Z - info: 1. admin/tips-from-past-students
2026-01-16T17:55:07.787Z - info: Rebuilding 1 pages
2026-01-16T17:55:07.848Z - info: Site data built
2026-01-16T17:55:07.849Z - info: Pages rebuilt
2026-01-16T17:55:07.849Z - info: Website regeneration complete! Total build time: 0.07s
2026-01-16T18:02:56.217Z - info: [02:02:56] Reload for file change: /Users/damithch/Repos/nus-cs2103/cs2103-website-base/admin/tips-from-past-students.md
2026-01-16T18:02:56.225Z - info: Synchronizing opened pages list before reload
2026-01-16T18:02:56.231Z - info: Current opened pages, from most-to-least recent:
2026-01-16T18:02:56.231Z - info: 1. admin/tips-from-past-students
2026-01-16T18:02:57.238Z - info: Rebuilding 1 pages
2026-01-16T18:02:57.341Z - info: Site data built
2026-01-16T18:02:57.341Z - info: Pages rebuilt
2026-01-16T18:02:57.341Z - info: Website regeneration complete! Total build time: 0.105s
2026-01-16T18:06:20.980Z - info: [02:06:20] Reload for file change: /Users/damithch/Repos/nus-cs2103/cs2103-website-base/admin/tips-from-past-students.md
2026-01-16T18:06:20.982Z - info: Synchronizing opened pages list before reload
2026-01-16T18:06:20.983Z - info: Current opened pages, from most-to-least recent:
2026-01-16T18:06:20.983Z - info: 1. admin/tips-from-past-students
2026-01-16T18:06:21.989Z - info: Rebuilding 1 pages
2026-01-16T18:06:22.089Z - info: Site data built
2026-01-16T18:06:22.089Z - info: Pages rebuilt
2026-01-16T18:06:22.089Z - info: Website regeneration complete! Total build time: 0.104s
2026-01-16T18:07:58.217Z - info: [02:07:58] Reload for file change: /Users/damithch/Repos/nus-cs2103/cs2103-website-base/admin/tips-from-past-students.md
2026-01-16T18:07:58.222Z - info: Synchronizing opened pages list before reload
2026-01-16T18:07:58.223Z - info: Current opened pages, from most-to-least recent:
2026-01-16T18:07:58.224Z - info: 1. admin/tips-from-past-students
2026-01-16T18:07:59.249Z - info: Rebuilding 1 pages
2026-01-16T18:07:59.323Z - info: Site data built
2026-01-16T18:07:59.323Z - info: Pages rebuilt
2026-01-16T18:07:59.323Z - info: Website regeneration complete! Total build time: 0.077s
2026-01-16T18:13:19.447Z - info: [02:13:19] Reload for file change: /Users/damithch/Repos/nus-cs2103/cs2103-website-base/admin/tips-from-past-students.md
2026-01-16T18:13:19.473Z - info: Synchronizing opened pages list before reload
2026-01-16T18:13:19.476Z - info: Current opened pages, from most-to-least recent:
2026-01-16T18:13:19.476Z - info: 1. admin/tips-from-past-students
2026-01-16T18:13:20.495Z - info: Rebuilding 1 pages
2026-01-16T18:13:20.505Z - warn:  Error: Error while generating /Users/damithch/Repos/nus-cs2103/cs2103-website-base/admin/tips-from-past-students.md: Template render error: (/Users/damithch/Repos/nus-cs2103/cs2103-website-base/admin/tips-from-past-students.md) [Line 8, Column 4]
  parseSet: expected = or block end in set tag
    at Site.<anonymous> (/opt/homebrew/lib/node_modules/markbind-cli/node_modules/@markbind/core/src/Site/index.js:931:27)
    at Generator.throw (<anonymous>)
    at rejected (/opt/homebrew/lib/node_modules/markbind-cli/node_modules/@markbind/core/src/Site/index.js:29:65)
2026-01-16T18:14:29.667Z - info: [02:14:29] Reload for file change: /Users/damithch/Repos/nus-cs2103/cs2103-website-base/admin/tips-from-past-students.md
2026-01-16T18:14:29.668Z - info: Synchronizing opened pages list before reload
2026-01-16T18:14:29.668Z - info: Current opened pages, from most-to-least recent:
2026-01-16T18:14:29.668Z - info: 1. admin/tips-from-past-students
2026-01-16T18:14:30.675Z - info: Rebuilding 1 pages
2026-01-16T18:14:30.682Z - warn:  Error: Error while generating /Users/damithch/Repos/nus-cs2103/cs2103-website-base/admin/tips-from-past-students.md: Template render error: (/Users/damithch/Repos/nus-cs2103/cs2103-website-base/admin/tips-from-past-students.md) [Line 9, Column 21]
  parseAggregate: expected colon after dict key
    at Site.<anonymous> (/opt/homebrew/lib/node_modules/markbind-cli/node_modules/@markbind/core/src/Site/index.js:931:27)
    at Generator.throw (<anonymous>)
    at rejected (/opt/homebrew/lib/node_modules/markbind-cli/node_modules/@markbind/core/src/Site/index.js:29:65)
2026-01-16T18:14:46.923Z - info: [02:14:46] Reload for file change: /Users/damithch/Repos/nus-cs2103/cs2103-website-base/admin/tips-from-past-students.md
2026-01-16T18:14:46.926Z - info: Synchronizing opened pages list before reload
2026-01-16T18:14:46.928Z - info: Current opened pages, from most-to-least recent:
2026-01-16T18:14:46.928Z - info: 1. admin/tips-from-past-students
2026-01-16T18:14:47.938Z - info: Rebuilding 1 pages
2026-01-16T18:14:47.998Z - info: Site data built
2026-01-16T18:14:47.998Z - info: Pages rebuilt
2026-01-16T18:14:47.998Z - info: Website regeneration complete! Total build time: 0.063s
2026-01-16T18:19:01.009Z - info: [02:19:01] Reload for file change: /Users/damithch/Repos/nus-cs2103/cs2103-website-base/admin/tips-from-past-students.md
2026-01-16T18:19:01.022Z - info: Synchronizing opened pages list before reload
2026-01-16T18:19:01.023Z - info: Current opened pages, from most-to-least recent:
2026-01-16T18:19:01.024Z - info: 1. admin/tips-from-past-students
2026-01-16T18:19:02.079Z - info: Rebuilding 1 pages
2026-01-16T18:19:02.085Z - warn:  Error: Error while generating /Users/damithch/Repos/nus-cs2103/cs2103-website-base/admin/tips-from-past-students.md: Template render error: (/Users/damithch/Repos/nus-cs2103/cs2103-website-base/admin/tips-from-past-students.md) [Line 18, Column 13]
  expected variable end
    at Site.<anonymous> (/opt/homebrew/lib/node_modules/markbind-cli/node_modules/@markbind/core/src/Site/index.js:931:27)
    at Generator.throw (<anonymous>)
    at rejected (/opt/homebrew/lib/node_modules/markbind-cli/node_modules/@markbind/core/src/Site/index.js:29:65)
2026-01-16T18:19:20.703Z - info: [02:19:20] Reload for file change: /Users/damithch/Repos/nus-cs2103/cs2103-website-base/admin/tips-from-past-students.md
2026-01-16T18:19:20.706Z - info: Synchronizing opened pages list before reload
2026-01-16T18:19:20.708Z - info: Current opened pages, from most-to-least recent:
2026-01-16T18:19:20.708Z - info: 1. admin/tips-from-past-students
2026-01-16T18:19:21.715Z - info: Rebuilding 1 pages
2026-01-16T18:19:21.810Z - info: Site data built
2026-01-16T18:19:21.810Z - info: Pages rebuilt
2026-01-16T18:19:21.810Z - info: Website regeneration complete! Total build time: 0.097s
2026-01-16T18:20:05.827Z - info: [02:20:05] Reload for file change: /Users/damithch/Repos/nus-cs2103/cs2103-website-base/admin/tips-from-past-students.md
2026-01-16T18:20:05.832Z - info: Synchronizing opened pages list before reload
2026-01-16T18:20:05.833Z - info: Current opened pages, from most-to-least recent:
2026-01-16T18:20:05.834Z - info: 1. admin/tips-from-past-students
2026-01-16T18:20:06.854Z - info: Rebuilding 1 pages
2026-01-16T18:20:06.936Z - info: Site data built
2026-01-16T18:20:06.936Z - info: Pages rebuilt
2026-01-16T18:20:06.936Z - info: Website regeneration complete! Total build time: 0.093s
2026-01-16T18:20:28.807Z - info: [02:20:28] Reload for file change: /Users/damithch/Repos/nus-cs2103/cs2103-website-base/admin/tips-from-past-students.md
2026-01-16T18:20:28.807Z - info: Synchronizing opened pages list before reload
2026-01-16T18:20:28.808Z - info: Current opened pages, from most-to-least recent:
2026-01-16T18:20:28.808Z - info: 1. admin/tips-from-past-students
2026-01-16T18:20:29.840Z - info: Rebuilding 1 pages
2026-01-16T18:20:29.885Z - info: Site data built
2026-01-16T18:20:29.885Z - info: Pages rebuilt
2026-01-16T18:20:29.885Z - info: Website regeneration complete! Total build time: 0.063s
2026-01-16T18:21:44.496Z - info: [02:21:44] Reload for file change: /Users/damithch/Repos/nus-cs2103/cs2103-website-base/admin/tips-from-past-students.md
2026-01-16T18:21:44.497Z - info: Synchronizing opened pages list before reload
2026-01-16T18:21:44.498Z - info: Current opened pages, from most-to-least recent:
2026-01-16T18:21:44.498Z - info: 1. admin/tips-from-past-students
2026-01-16T18:21:45.505Z - info: Rebuilding 1 pages
2026-01-16T18:21:45.557Z - info: Site data built
2026-01-16T18:21:45.557Z - info: Pages rebuilt
2026-01-16T18:21:45.558Z - info: Website regeneration complete! Total build time: 0.055s
2026-01-16T18:22:02.982Z - info: Website generation (lazy) started at 02:22:01
2026-01-16T18:22:03.422Z - warn: ENOENT: no such file or directory, open '/Users/damithch/Repos/nus-cs2103/cs2103-website-base/node_modules/.cache/gh-pages/https!github.com!NUS-CS2103-AY2526-S2!website.git/book/_markbind/variables.md'
2026-01-16T18:22:03.422Z - warn: ENOENT: no such file or directory, open '/Users/damithch/Repos/nus-cs2103/cs2103-website-base/node_modules/.cache/gh-pages/https!github.com!NUS-CS2103-AY2526-S2!website.git/_markbind/variables.md'
2026-01-16T18:22:03.442Z - info: Building assets...
2026-01-16T18:22:06.703Z - info: Assets built
2026-01-16T18:22:06.703Z - info: Generating landing page...
2026-01-16T18:22:07.082Z - info: Landing page built, other pages will be built as you navigate to them!
2026-01-16T18:22:07.152Z - info: Site data built
2026-01-16T18:22:07.152Z - info: Website generation (lazy) complete! Total build time: 5.264s
2026-01-16T18:22:07.163Z - info: Serving "/Users/damithch/Repos/nus-cs2103/cs2103-website-base/_site" at http://127.0.0.1:8080
2026-01-16T18:22:07.163Z - info: Press CTRL+C to stop ...
2026-01-16T18:22:13.192Z - info: Building /Users/damithch/Repos/nus-cs2103/cs2103-website-base/admin/tips-from-past-students as some of its dependencies were changed since the last visit
2026-01-16T18:22:13.314Z - info: Site data built
2026-01-16T18:22:13.314Z - info: Lazy website regeneration complete! Total build time: 0.123s
2026-01-16T18:22:26.400Z - info: [02:22:26] Reload for file change: /Users/damithch/Repos/nus-cs2103/cs2103-website-base/admin/tips-from-past-students.md
2026-01-16T18:22:26.401Z - info: Synchronizing opened pages list before reload
2026-01-16T18:22:26.402Z - info: Current opened pages, from most-to-least recent:
2026-01-16T18:22:26.402Z - info: 1. admin/tips-from-past-students
2026-01-16T18:22:26.402Z - info: 2. index
2026-01-16T18:22:27.407Z - info: Rebuilding 1 pages
2026-01-16T18:22:27.466Z - info: Site data built
2026-01-16T18:22:27.466Z - info: Pages rebuilt
2026-01-16T18:22:27.466Z - info: Website regeneration complete! Total build time: 0.062s
2026-01-16T18:23:22.069Z - info: [02:23:22] Reload for file change: /Users/damithch/Repos/nus-cs2103/cs2103-website-base/admin/tips-from-past-students.md
2026-01-16T18:23:22.072Z - info: Synchronizing opened pages list before reload
2026-01-16T18:23:22.073Z - info: Current opened pages, from most-to-least recent:
2026-01-16T18:23:22.074Z - info: 1. admin/tips-from-past-students
2026-01-16T18:23:23.083Z - info: Rebuilding 1 pages
2026-01-16T18:23:23.160Z - info: Site data built
2026-01-16T18:23:23.160Z - info: Pages rebuilt
2026-01-16T18:23:23.160Z - info: Website regeneration complete! Total build time: 0.08s
2026-01-16T18:23:46.559Z - info: [02:23:46] Reload for file change: /Users/damithch/Repos/nus-cs2103/cs2103-website-base/admin/tips-from-past-students.md
2026-01-16T18:23:46.560Z - info: Synchronizing opened pages list before reload
2026-01-16T18:23:46.560Z - info: Current opened pages, from most-to-least recent:
2026-01-16T18:23:46.560Z - info: 1. admin/tips-from-past-students
2026-01-16T18:23:47.571Z - info: Rebuilding 1 pages
2026-01-16T18:23:47.641Z - info: Site data built
2026-01-16T18:23:47.641Z - info: Pages rebuilt
2026-01-16T18:23:47.641Z - info: Website regeneration complete! Total build time: 0.071s
2026-01-16T18:23:55.734Z - info: [02:23:55] Reload for file change: /Users/damithch/Repos/nus-cs2103/cs2103-website-base/admin/tips-from-past-students.md
2026-01-16T18:23:55.734Z - info: Synchronizing opened pages list before reload
2026-01-16T18:23:55.734Z - info: Current opened pages, from most-to-least recent:
2026-01-16T18:23:55.734Z - info: 1. admin/tips-from-past-students
2026-01-16T18:23:56.754Z - info: Rebuilding 1 pages
2026-01-16T18:23:56.804Z - info: Site data built
2026-01-16T18:23:56.804Z - info: Pages rebuilt
2026-01-16T18:23:56.804Z - info: Website regeneration complete! Total build time: 0.052s
2026-01-16T18:24:20.852Z - info: [02:24:20] Reload for file change: /Users/damithch/Repos/nus-cs2103/cs2103-website-base/admin/tips-from-past-students.md
2026-01-16T18:24:20.853Z - info: Synchronizing opened pages list before reload
2026-01-16T18:24:20.853Z - info: Current opened pages, from most-to-least recent:
2026-01-16T18:24:20.853Z - info: 1. admin/tips-from-past-students
2026-01-16T18:24:21.863Z - info: Rebuilding 1 pages
2026-01-16T18:24:21.917Z - info: Site data built
2026-01-16T18:24:21.917Z - info: Pages rebuilt
2026-01-16T18:24:21.917Z - info: Website regeneration complete! Total build time: 0.057s
2026-01-16T18:24:32.053Z - info: [02:24:32] Reload for file change: /Users/damithch/Repos/nus-cs2103/cs2103-website-base/admin/tips-from-past-students.md
2026-01-16T18:24:32.054Z - info: Synchronizing opened pages list before reload
2026-01-16T18:24:32.054Z - info: Current opened pages, from most-to-least recent:
2026-01-16T18:24:32.054Z - info: 1. admin/tips-from-past-students
2026-01-16T18:24:33.066Z - info: Rebuilding 1 pages
2026-01-16T18:24:33.117Z - info: Site data built
2026-01-16T18:24:33.117Z - info: Pages rebuilt
2026-01-16T18:24:33.117Z - info: Website regeneration complete! Total build time: 0.053s
2026-01-16T18:24:42.446Z - info: [02:24:42] Reload for file change: /Users/damithch/Repos/nus-cs2103/cs2103-website-base/admin/tips-from-past-students.md
2026-01-16T18:24:42.446Z - info: Synchronizing opened pages list before reload
2026-01-16T18:24:42.446Z - info: Current opened pages, from most-to-least recent:
2026-01-16T18:24:42.447Z - info: 1. admin/tips-from-past-students
2026-01-16T18:24:43.452Z - info: Rebuilding 1 pages
2026-01-16T18:24:43.522Z - info: Site data built
2026-01-16T18:24:43.522Z - info: Pages rebuilt
2026-01-16T18:24:43.522Z - info: Website regeneration complete! Total build time: 0.071s
2026-01-16T18:25:57.835Z - info: [02:25:57] Reload for file change: /Users/damithch/Repos/nus-cs2103/cs2103-website-base/admin/tips-from-past-students.md
2026-01-16T18:25:57.836Z - info: Synchronizing opened pages list before reload
2026-01-16T18:25:57.837Z - info: Current opened pages, from most-to-least recent:
2026-01-16T18:25:57.837Z - info: 1. admin/tips-from-past-students
2026-01-16T18:25:58.845Z - info: Rebuilding 1 pages
2026-01-16T18:25:58.912Z - info: Site data built
2026-01-16T18:25:58.912Z - info: Pages rebuilt
2026-01-16T18:25:58.912Z - info: Website regeneration complete! Total build time: 0.07s
2026-01-16T18:26:03.281Z - info: [02:26:03] Reload for file change: /Users/damithch/Repos/nus-cs2103/cs2103-website-base/admin/tips-from-past-students.md
2026-01-16T18:26:03.282Z - info: Synchronizing opened pages list before reload
2026-01-16T18:26:03.289Z - info: Current opened pages, from most-to-least recent:
2026-01-16T18:26:03.289Z - info: 1. admin/tips-from-past-students
2026-01-16T18:26:04.292Z - info: Rebuilding 1 pages
2026-01-16T18:26:04.341Z - info: Site data built
2026-01-16T18:26:04.341Z - info: Pages rebuilt
2026-01-16T18:26:04.341Z - info: Website regeneration complete! Total build time: 0.051s
2026-01-16T18:26:12.266Z - info: [02:26:12] Reload for file change: /Users/damithch/Repos/nus-cs2103/cs2103-website-base/admin/tips-from-past-students.md
2026-01-16T18:26:12.267Z - info: Synchronizing opened pages list before reload
2026-01-16T18:26:12.267Z - info: Current opened pages, from most-to-least recent:
2026-01-16T18:26:12.267Z - info: 1. admin/tips-from-past-students
2026-01-16T18:26:13.275Z - info: Rebuilding 1 pages
2026-01-16T18:26:13.345Z - info: Site data built
2026-01-16T18:26:13.345Z - info: Pages rebuilt
2026-01-16T18:26:13.345Z - info: Website regeneration complete! Total build time: 0.072s
2026-01-16T18:27:51.536Z - info: [02:27:51] Reload for file change: /Users/damithch/Repos/nus-cs2103/cs2103-website-base/admin/tips-from-past-students.md
2026-01-16T18:27:51.537Z - info: Synchronizing opened pages list before reload
2026-01-16T18:27:51.537Z - info: Current opened pages, from most-to-least recent:
2026-01-16T18:27:51.538Z - info: 1. admin/tips-from-past-students
2026-01-16T18:27:52.550Z - info: Rebuilding 1 pages
2026-01-16T18:27:52.652Z - info: Site data built
2026-01-16T18:27:52.652Z - info: Pages rebuilt
2026-01-16T18:27:52.652Z - info: Website regeneration complete! Total build time: 0.104s
2026-01-16T18:28:08.096Z - info: [02:28:08] Reload for file change: /Users/damithch/Repos/nus-cs2103/cs2103-website-base/admin/tips-from-past-students.md
2026-01-16T18:28:08.099Z - info: Synchronizing opened pages list before reload
2026-01-16T18:28:08.100Z - info: Current opened pages, from most-to-least recent:
2026-01-16T18:28:08.101Z - info: 1. admin/tips-from-past-students
2026-01-16T18:28:09.107Z - info: Rebuilding 1 pages
2026-01-16T18:28:09.179Z - info: Site data built
2026-01-16T18:28:09.179Z - info: Pages rebuilt
2026-01-16T18:28:09.179Z - info: Website regeneration complete! Total build time: 0.075s
2026-01-16T18:28:42.700Z - info: [02:28:42] Reload for file change: /Users/damithch/Repos/nus-cs2103/cs2103-website-base/admin/tips-from-past-students.md
2026-01-16T18:28:42.701Z - info: Synchronizing opened pages list before reload
2026-01-16T18:28:42.702Z - info: Current opened pages, from most-to-least recent:
2026-01-16T18:28:42.702Z - info: 1. admin/tips-from-past-students
2026-01-16T18:28:43.710Z - info: Rebuilding 1 pages
2026-01-16T18:28:43.765Z - info: Site data built
2026-01-16T18:28:43.765Z - info: Pages rebuilt
2026-01-16T18:28:43.765Z - info: Website regeneration complete! Total build time: 0.06s
2026-01-16T18:29:08.799Z - info: [02:29:08] Reload for file change: /Users/damithch/Repos/nus-cs2103/cs2103-website-base/admin/tips-from-past-students.md
2026-01-16T18:29:08.799Z - info: Synchronizing opened pages list before reload
2026-01-16T18:29:08.799Z - info: Current opened pages, from most-to-least recent:
2026-01-16T18:29:08.799Z - info: 1. admin/tips-from-past-students
2026-01-16T18:29:09.804Z - info: Rebuilding 1 pages
2026-01-16T18:29:09.873Z - info: Site data built
2026-01-16T18:29:09.873Z - info: Pages rebuilt
2026-01-16T18:29:09.873Z - info: Website regeneration complete! Total build time: 0.072s
2026-01-16T18:29:22.020Z - info: [02:29:22] Reload for file change: /Users/damithch/Repos/nus-cs2103/cs2103-website-base/admin/tips-from-past-students.md
2026-01-16T18:29:22.021Z - info: Synchronizing opened pages list before reload
2026-01-16T18:29:22.021Z - info: Current opened pages, from most-to-least recent:
2026-01-16T18:29:22.021Z - info: 1. admin/tips-from-past-students
2026-01-16T18:29:23.035Z - info: Rebuilding 1 pages
2026-01-16T18:29:23.100Z - info: Site data built
2026-01-16T18:29:23.100Z - info: Pages rebuilt
2026-01-16T18:29:23.100Z - info: Website regeneration complete! Total build time: 0.066s
2026-01-16T18:30:04.097Z - info: [02:30:04] Reload for file change: /Users/damithch/Repos/nus-cs2103/cs2103-website-base/admin/tips-from-past-students.md
2026-01-16T18:30:04.103Z - info: Synchronizing opened pages list before reload
2026-01-16T18:30:04.105Z - info: Current opened pages, from most-to-least recent:
2026-01-16T18:30:04.107Z - info: 1. admin/tips-from-past-students
2026-01-16T18:30:05.162Z - info: Rebuilding 1 pages
2026-01-16T18:30:05.241Z - info: Site data built
2026-01-16T18:30:05.241Z - info: Pages rebuilt
2026-01-16T18:30:05.241Z - info: Website regeneration complete! Total build time: 0.093s
2026-01-16T18:43:17.012Z - info: [02:43:16] Reload for file change: /Users/damithch/Repos/nus-cs2103/cs2103-website-base/admin/tips-from-past-students.md
2026-01-16T18:43:17.044Z - info: Synchronizing opened pages list before reload
2026-01-16T18:43:17.050Z - info: Current opened pages, from most-to-least recent:
2026-01-16T18:43:17.051Z - info: 1. admin/tips-from-past-students
2026-01-16T18:43:18.108Z - info: Rebuilding 1 pages
2026-01-16T18:43:18.221Z - info: Site data built
2026-01-16T18:43:18.221Z - info: Pages rebuilt
2026-01-16T18:43:18.221Z - info: Website regeneration complete! Total build time: 0.13s
2026-01-16T18:45:31.691Z - info: [02:45:31] Reload for file change: /Users/damithch/Repos/nus-cs2103/cs2103-website-base/admin/tips-from-past-students.md
2026-01-16T18:45:31.700Z - info: Synchronizing opened pages list before reload
2026-01-16T18:45:31.706Z - info: Current opened pages, from most-to-least recent:
2026-01-16T18:45:31.707Z - info: 1. admin/tips-from-past-students
2026-01-16T18:45:32.765Z - info: Rebuilding 1 pages
2026-01-16T18:45:32.777Z - warn:  Error: Error while generating /Users/damithch/Repos/nus-cs2103/cs2103-website-base/admin/tips-from-past-students.md: Template render error: (/Users/damithch/Repos/nus-cs2103/cs2103-website-base/admin/tips-from-past-students.md) [Line 8, Column 15]
  parseAggregate: expected comma after expression
    at Site.<anonymous> (/opt/homebrew/lib/node_modules/markbind-cli/node_modules/@markbind/core/src/Site/index.js:931:27)
    at Generator.throw (<anonymous>)
    at rejected (/opt/homebrew/lib/node_modules/markbind-cli/node_modules/@markbind/core/src/Site/index.js:29:65)
2026-01-16T18:47:18.653Z - info: [02:47:18] Reload for file change: /Users/damithch/Repos/nus-cs2103/cs2103-website-base/admin/tips-from-past-students.md
2026-01-16T18:47:18.659Z - info: Synchronizing opened pages list before reload
2026-01-16T18:47:18.662Z - info: Current opened pages, from most-to-least recent:
2026-01-16T18:47:18.662Z - info: 1. admin/tips-from-past-students
2026-01-16T18:47:19.680Z - info: Rebuilding 1 pages
2026-01-16T18:47:19.689Z - warn:  Error: Error while generating /Users/damithch/Repos/nus-cs2103/cs2103-website-base/admin/tips-from-past-students.md: Template render error: (/Users/damithch/Repos/nus-cs2103/cs2103-website-base/admin/tips-from-past-students.md) [Line 8, Column 15]
  parseAggregate: expected comma after expression
    at Site.<anonymous> (/opt/homebrew/lib/node_modules/markbind-cli/node_modules/@markbind/core/src/Site/index.js:931:27)
    at Generator.throw (<anonymous>)
    at rejected (/opt/homebrew/lib/node_modules/markbind-cli/node_modules/@markbind/core/src/Site/index.js:29:65)
2026-01-16T18:47:27.446Z - info: [02:47:27] Reload for file change: /Users/damithch/Repos/nus-cs2103/cs2103-website-base/admin/tips-from-past-students.md
2026-01-16T18:47:27.446Z - info: Synchronizing opened pages list before reload
2026-01-16T18:47:27.446Z - info: Current opened pages, from most-to-least recent:
2026-01-16T18:47:27.446Z - info: 1. admin/tips-from-past-students
2026-01-16T18:47:28.451Z - info: Rebuilding 1 pages
2026-01-16T18:47:28.507Z - info: Site data built
2026-01-16T18:47:28.507Z - info: Pages rebuilt
2026-01-16T18:47:28.507Z - info: Website regeneration complete! Total build time: 0.058s
2026-01-16T18:49:15.614Z - info: [02:49:15] Reload for file change: /Users/damithch/Repos/nus-cs2103/cs2103-website-base/admin/tips-from-past-students.md
2026-01-16T18:49:15.616Z - info: Synchronizing opened pages list before reload
2026-01-16T18:49:15.617Z - info: Current opened pages, from most-to-least recent:
2026-01-16T18:49:15.618Z - info: 1. admin/tips-from-past-students
2026-01-16T18:49:16.631Z - info: Rebuilding 1 pages
2026-01-16T18:49:16.704Z - info: Site data built
2026-01-16T18:49:16.704Z - info: Pages rebuilt
2026-01-16T18:49:16.704Z - info: Website regeneration complete! Total build time: 0.075s
2026-01-16T18:51:14.714Z - info: [02:51:14] Reload for file change: /Users/damithch/Repos/nus-cs2103/cs2103-website-base/admin/tips-from-past-students.md
2026-01-16T18:51:14.718Z - info: Synchronizing opened pages list before reload
2026-01-16T18:51:14.724Z - info: Current opened pages, from most-to-least recent:
2026-01-16T18:51:14.727Z - info: 1. admin/tips-from-past-students
2026-01-16T18:51:15.767Z - info: Rebuilding 1 pages
2026-01-16T18:51:15.857Z - info: Site data built
2026-01-16T18:51:15.857Z - info: Pages rebuilt
2026-01-16T18:51:15.857Z - info: Website regeneration complete! Total build time: 0.094s
2026-01-16T18:52:58.456Z - info: [02:52:58] Reload for file change: /Users/damithch/Repos/nus-cs2103/cs2103-website-base/admin/tips-from-past-students.md
2026-01-16T18:52:58.459Z - info: Synchronizing opened pages list before reload
2026-01-16T18:52:58.460Z - info: Current opened pages, from most-to-least recent:
2026-01-16T18:52:58.461Z - info: 1. admin/tips-from-past-students
2026-01-16T18:52:59.472Z - info: Rebuilding 1 pages
2026-01-16T18:52:59.554Z - info: Site data built
2026-01-16T18:52:59.554Z - info: Pages rebuilt
2026-01-16T18:52:59.554Z - info: Website regeneration complete! Total build time: 0.085s
2026-01-16T18:53:27.283Z - info: [02:53:27] Reload for file change: /Users/damithch/Repos/nus-cs2103/cs2103-website-base/admin/tips-from-past-students.md
2026-01-16T18:53:27.284Z - info: Synchronizing opened pages list before reload
2026-01-16T18:53:27.284Z - info: Current opened pages, from most-to-least recent:
2026-01-16T18:53:27.285Z - info: 1. admin/tips-from-past-students
2026-01-16T18:53:28.294Z - info: Rebuilding 1 pages
2026-01-16T18:53:28.374Z - info: Site data built
2026-01-16T18:53:28.374Z - info: Pages rebuilt
2026-01-16T18:53:28.374Z - info: Website regeneration complete! Total build time: 0.082s
2026-01-16T18:55:15.610Z - info: [02:55:15] Reload for file change: /Users/damithch/Repos/nus-cs2103/cs2103-website-base/admin/tips-from-past-students.md
2026-01-16T18:55:15.612Z - info: Synchronizing opened pages list before reload
2026-01-16T18:55:15.613Z - info: Current opened pages, from most-to-least recent:
2026-01-16T18:55:15.614Z - info: 1. admin/tips-from-past-students
2026-01-16T18:55:16.626Z - info: Rebuilding 1 pages
2026-01-16T18:55:16.714Z - info: Site data built
2026-01-16T18:55:16.714Z - info: Pages rebuilt
2026-01-16T18:55:16.714Z - info: Website regeneration complete! Total build time: 0.09s
2026-01-16T18:56:15.925Z - info: [02:56:15] Reload for file change: /Users/damithch/Repos/nus-cs2103/cs2103-website-base/admin/tips-from-past-students.md
2026-01-16T18:56:15.930Z - info: Synchronizing opened pages list before reload
2026-01-16T18:56:15.932Z - info: Current opened pages, from most-to-least recent:
2026-01-16T18:56:15.933Z - info: 1. admin/tips-from-past-students
2026-01-16T18:56:16.956Z - info: Rebuilding 1 pages
2026-01-16T18:56:17.047Z - info: Site data built
2026-01-16T18:56:17.047Z - info: Pages rebuilt
2026-01-16T18:56:17.047Z - info: Website regeneration complete! Total build time: 0.095s
2026-01-16T18:58:39.758Z - info: [02:58:39] Reload for file change: /Users/damithch/Repos/nus-cs2103/cs2103-website-base/admin/tips-from-past-students.md
2026-01-16T18:58:39.760Z - info: Synchronizing opened pages list before reload
2026-01-16T18:58:39.762Z - info: Current opened pages, from most-to-least recent:
2026-01-16T18:58:39.763Z - info: 1. admin/tips-from-past-students
2026-01-16T18:58:40.807Z - info: Rebuilding 1 pages
2026-01-16T18:58:40.914Z - info: Site data built
2026-01-16T18:58:40.914Z - info: Pages rebuilt
2026-01-16T18:58:40.914Z - info: Website regeneration complete! Total build time: 0.109s
2026-01-16T19:00:24.096Z - info: [03:00:24] Reload for file change: /Users/damithch/Repos/nus-cs2103/cs2103-website-base/admin/tips-from-past-students.md
2026-01-16T19:00:24.103Z - info: Synchronizing opened pages list before reload
2026-01-16T19:00:24.107Z - info: Current opened pages, from most-to-least recent:
2026-01-16T19:00:24.109Z - info: 1. admin/tips-from-past-students
2026-01-16T19:00:25.139Z - info: Rebuilding 1 pages
2026-01-16T19:00:25.234Z - info: Site data built
2026-01-16T19:00:25.234Z - info: Pages rebuilt
2026-01-16T19:00:25.235Z - info: Website regeneration complete! Total build time: 0.097s
2026-01-16T19:02:06.918Z - info: [03:02:06] Reload for file change: /Users/damithch/Repos/nus-cs2103/cs2103-website-base/admin/tips-from-past-students.md
2026-01-16T19:02:06.924Z - info: Synchronizing opened pages list before reload
2026-01-16T19:02:06.929Z - info: Current opened pages, from most-to-least recent:
2026-01-16T19:02:06.929Z - info: 1. admin/tips-from-past-students
2026-01-16T19:02:07.958Z - info: Rebuilding 1 pages
2026-01-16T19:02:08.057Z - info: Site data built
2026-01-16T19:02:08.057Z - info: Pages rebuilt
2026-01-16T19:02:08.057Z - info: Website regeneration complete! Total build time: 0.101s
2026-01-16T19:04:03.453Z - info: [03:04:03] Reload for file change: /Users/damithch/Repos/nus-cs2103/cs2103-website-base/admin/tips-from-past-students.md
2026-01-16T19:04:03.458Z - info: Synchronizing opened pages list before reload
2026-01-16T19:04:03.459Z - info: Current opened pages, from most-to-least recent:
2026-01-16T19:04:03.459Z - info: 1. admin/tips-from-past-students
2026-01-16T19:04:04.467Z - info: Rebuilding 1 pages
2026-01-16T19:04:04.535Z - info: Site data built
2026-01-16T19:04:04.535Z - info: Pages rebuilt
2026-01-16T19:04:04.535Z - info: Website regeneration complete! Total build time: 0.071s
2026-01-16T19:10:19.218Z - info: [03:10:19] Reload for file change: /Users/damithch/Repos/nus-cs2103/cs2103-website-base/admin/tips-from-past-students.md
2026-01-16T19:10:19.219Z - info: Synchronizing opened pages list before reload
2026-01-16T19:10:19.220Z - info: Current opened pages, from most-to-least recent:
2026-01-16T19:10:19.220Z - info: 1. admin/tips-from-past-students
2026-01-16T19:10:20.251Z - info: Rebuilding 1 pages
2026-01-16T19:10:20.349Z - info: Site data built
2026-01-16T19:10:20.349Z - info: Pages rebuilt
2026-01-16T19:10:20.349Z - info: Website regeneration complete! Total build time: 0.1s
2026-01-16T19:12:23.822Z - info: [03:12:23] Reload for file change: /Users/damithch/Repos/nus-cs2103/cs2103-website-base/admin/tips-from-past-students.md
2026-01-16T19:12:23.825Z - info: Synchronizing opened pages list before reload
2026-01-16T19:12:23.827Z - info: Current opened pages, from most-to-least recent:
2026-01-16T19:12:23.827Z - info: 1. admin/tips-from-past-students
2026-01-16T19:12:23.827Z - info: 2. index
2026-01-16T19:12:24.838Z - info: Rebuilding 1 pages
2026-01-16T19:12:24.912Z - info: Site data built
2026-01-16T19:12:24.912Z - info: Pages rebuilt
2026-01-16T19:12:24.912Z - info: Website regeneration complete! Total build time: 0.076s
2026-01-16T19:13:30.382Z - info: [03:13:30] Reload for file change: /Users/damithch/Repos/nus-cs2103/cs2103-website-base/admin/tips-from-past-students.md
2026-01-16T19:13:30.385Z - info: Synchronizing opened pages list before reload
2026-01-16T19:13:30.385Z - info: Current opened pages, from most-to-least recent:
2026-01-16T19:13:30.386Z - info: 1. admin/tips-from-past-students
2026-01-16T19:13:31.396Z - info: Rebuilding 1 pages
2026-01-16T19:13:31.497Z - info: Site data built
2026-01-16T19:13:31.497Z - info: Pages rebuilt
2026-01-16T19:13:31.497Z - info: Website regeneration complete! Total build time: 0.104s
2026-01-16T19:13:50.960Z - info: [03:13:50] Reload for file change: /Users/damithch/Repos/nus-cs2103/cs2103-website-base/admin/tips-from-past-students.md
2026-01-16T19:13:50.964Z - info: Synchronizing opened pages list before reload
2026-01-16T19:13:50.965Z - info: Current opened pages, from most-to-least recent:
2026-01-16T19:13:50.966Z - info: 1. admin/tips-from-past-students
2026-01-16T19:13:51.983Z - info: Rebuilding 1 pages
2026-01-16T19:13:52.063Z - info: Site data built
2026-01-16T19:13:52.063Z - info: Pages rebuilt
2026-01-16T19:13:52.063Z - info: Website regeneration complete! Total build time: 0.082s
2026-01-17T04:10:50.852Z - info: [12:10:50] Reload for file change: /Users/damithch/Repos/nus-cs2103/cs2103-website-base/book/cppToJava/inheritance/interfaces/text.md
2026-01-17T04:10:50.894Z - info: Synchronizing opened pages list before reload
2026-01-17T04:10:50.896Z - info: Current opened pages, from most-to-least recent:
2026-01-17T04:10:50.898Z - info: 1. admin/tips-from-past-students
2026-01-17T04:10:51.942Z - info: No pages needed to be rebuilt
2026-01-17T04:10:56.014Z - info: Building /Users/damithch/Repos/nus-cs2103/cs2103-website-base/index as some of its dependencies were changed since the last visit
2026-01-17T04:10:56.351Z - info: Site data built
2026-01-17T04:10:56.351Z - info: Lazy website regeneration complete! Total build time: 0.337s
2026-01-17T04:11:01.957Z - info: Building /Users/damithch/Repos/nus-cs2103/cs2103-website-base/schedule/week1/topics as some of its dependencies were changed since the last visit
2026-01-17T04:11:04.081Z - debug:  
2026-01-17T04:11:04.241Z - info: Site data built
2026-01-17T04:11:04.241Z - info: Lazy website regeneration complete! Total build time: 2.284s
2026-01-17T04:17:08.464Z - info: [12:17:08] Reload for file change: /Users/damithch/Repos/nus-cs2103/cs2103-website-base/book/cppToJava/inheritance/interfaces/text.md
2026-01-17T04:17:08.466Z - info: Synchronizing opened pages list before reload
2026-01-17T04:17:08.468Z - info: Current opened pages, from most-to-least recent:
2026-01-17T04:17:08.469Z - info: 1. schedule/week1/topics
2026-01-17T04:17:09.481Z - info: Rebuilding 1 pages
2026-01-17T04:17:10.762Z - info: Site data built
2026-01-17T04:17:10.762Z - info: Pages rebuilt
2026-01-17T04:17:10.762Z - info: Website regeneration complete! Total build time: 1.283s
2026-01-17T04:17:52.701Z - info: [12:17:52] Reload for file change: /Users/damithch/Repos/nus-cs2103/cs2103-website-base/book/cppToJava/inheritance/interfaces/text.md
2026-01-17T04:17:52.713Z - info: Synchronizing opened pages list before reload
2026-01-17T04:17:52.718Z - info: No pages are currently opened
2026-01-17T04:17:53.749Z - info: No pages needed to be rebuilt
2026-01-17T04:19:09.467Z - info: [12:19:09] Reload for file change: /Users/damithch/Repos/nus-cs2103/cs2103-website-base/book/cppToJava/inheritance/interfaces/text.md
2026-01-17T04:19:09.468Z - info: Synchronizing opened pages list before reload
2026-01-17T04:19:09.468Z - info: No pages are currently opened
2026-01-17T04:19:10.479Z - info: No pages needed to be rebuilt
2026-01-17T04:19:13.585Z - info: Building /Users/damithch/Repos/nus-cs2103/cs2103-website-base/schedule/week1/topics as some of its dependencies were changed since the last visit
2026-01-17T04:19:14.864Z - info: Site data built
2026-01-17T04:19:14.864Z - info: Lazy website regeneration complete! Total build time: 1.279s
2026-01-17T04:20:00.183Z - info: Website generation started at 12:19:58
2026-01-17T04:20:00.770Z - warn: ENOENT: no such file or directory, open '/Users/damithch/Repos/nus-cs2103/cs2103-website-base/node_modules/.cache/gh-pages/https!github.com!NUS-CS2103-AY2526-S2!website.git/book/_markbind/variables.md'
2026-01-17T04:20:00.770Z - warn: ENOENT: no such file or directory, open '/Users/damithch/Repos/nus-cs2103/cs2103-website-base/node_modules/.cache/gh-pages/https!github.com!NUS-CS2103-AY2526-S2!website.git/_markbind/variables.md'
2026-01-17T04:20:00.790Z - info: Building assets...
2026-01-17T04:20:03.414Z - info: Assets built
2026-01-17T04:20:03.414Z - info: Generating pages...
2026-01-17T04:20:09.255Z - debug:  
2026-01-17T04:20:12.551Z - debug:  
2026-01-17T04:20:12.552Z - debug:  
2026-01-17T04:20:12.552Z - debug:  
2026-01-17T04:20:12.552Z - debug:  
2026-01-17T04:20:12.552Z - debug:  
2026-01-17T04:20:12.553Z - debug:  
2026-01-17T04:20:12.553Z - debug:  
2026-01-17T04:20:12.553Z - debug:  
2026-01-17T04:20:12.553Z - debug:  
2026-01-17T04:20:12.553Z - debug:  
2026-01-17T04:20:12.553Z - debug:  
2026-01-17T04:20:12.553Z - debug:  
2026-01-17T04:20:12.553Z - debug:  
2026-01-17T04:20:12.553Z - debug:  
2026-01-17T04:20:12.553Z - debug:  
2026-01-17T04:20:15.190Z - debug:  
2026-01-17T04:20:15.267Z - debug:  
2026-01-17T04:20:15.301Z - debug:  
2026-01-17T04:20:15.305Z - debug:  
2026-01-17T04:20:15.323Z - debug:  
2026-01-17T04:20:15.341Z - debug:  
2026-01-17T04:20:24.962Z - debug:  
2026-01-17T04:21:07.529Z - debug:  
2026-01-17T04:21:07.529Z - debug:  
2026-01-17T04:21:18.583Z - debug:  
2026-01-17T04:21:32.012Z - debug:  
2026-01-17T04:21:32.030Z - debug:  
2026-01-17T04:21:39.438Z - info: Pages built
2026-01-17T04:21:39.516Z - info: Site data built
2026-01-17T04:21:39.516Z - info: Website generation complete! Total build time: 100.594s
2026-01-17T04:21:39.516Z - info: Build success!
2026-01-17T04:22:03.582Z - info: The website has been deployed at: https://nus-cs2103-ay2526-s2.github.io/website
2026-01-17T04:34:51.410Z - info: Website generation (lazy) started at 12:34:49
2026-01-17T04:34:52.002Z - warn: ENOENT: no such file or directory, open '/Users/damithch/Repos/nus-cs2103/cs2103-website-base/node_modules/.cache/gh-pages/https!github.com!NUS-CS2103-AY2526-S2!website.git/book/_markbind/variables.md'
2026-01-17T04:34:52.002Z - warn: ENOENT: no such file or directory, open '/Users/damithch/Repos/nus-cs2103/cs2103-website-base/node_modules/.cache/gh-pages/https!github.com!NUS-CS2103-AY2526-S2!website.git/_markbind/variables.md'
2026-01-17T04:34:52.026Z - info: Building assets...
2026-01-17T04:34:54.644Z - info: Assets built
2026-01-17T04:34:54.645Z - info: Generating landing page...
2026-01-17T04:34:55.107Z - info: Landing page built, other pages will be built as you navigate to them!
2026-01-17T04:34:55.234Z - info: Site data built
2026-01-17T04:34:55.234Z - info: Website generation (lazy) complete! Total build time: 5.322s
2026-01-17T04:34:55.252Z - info: Serving "/Users/damithch/Repos/nus-cs2103/cs2103-website-base/_site" at http://127.0.0.1:8080
2026-01-17T04:34:55.252Z - info: Press CTRL+C to stop ...
2026-01-17T04:36:55.310Z - info: Website generation (lazy) started at 12:36:54
2026-01-17T04:36:55.697Z - warn: ENOENT: no such file or directory, open '/Users/damithch/Repos/nus-cs2103/cs2103-website-base/node_modules/.cache/gh-pages/https!github.com!NUS-CS2103-AY2526-S2!website.git/book/_markbind/variables.md'
2026-01-17T04:36:55.697Z - warn: ENOENT: no such file or directory, open '/Users/damithch/Repos/nus-cs2103/cs2103-website-base/node_modules/.cache/gh-pages/https!github.com!NUS-CS2103-AY2526-S2!website.git/_markbind/variables.md'
2026-01-17T04:36:55.716Z - info: Building assets...
2026-01-17T04:36:58.339Z - info: Assets built
2026-01-17T04:36:58.340Z - info: Generating landing page...
2026-01-17T04:36:58.706Z - info: Landing page built, other pages will be built as you navigate to them!
2026-01-17T04:36:58.774Z - info: Site data built
2026-01-17T04:36:58.775Z - info: Website generation (lazy) complete! Total build time: 4.511s
2026-01-17T04:36:58.780Z - info: Serving "/Users/damithch/Repos/nus-cs2103/cs2103-website-base/_site" at http://127.0.0.1:8080
2026-01-17T04:36:58.780Z - info: Press CTRL+C to stop ...
2026-01-17T09:19:35.865Z - info: Website generation started at 17:19:34
2026-01-17T09:19:36.462Z - warn: ENOENT: no such file or directory, open '/Users/damithch/Repos/nus-cs2103/cs2103-website-base/node_modules/.cache/gh-pages/https!github.com!NUS-CS2103-AY2526-S2!website.git/book/_markbind/variables.md'
2026-01-17T09:19:36.462Z - warn: ENOENT: no such file or directory, open '/Users/damithch/Repos/nus-cs2103/cs2103-website-base/node_modules/.cache/gh-pages/https!github.com!NUS-CS2103-AY2526-S2!website.git/_markbind/variables.md'
2026-01-17T09:19:36.482Z - info: Building assets...
