2026-01-10T13:50:24.861Z - info: Website generation (lazy) started at 21:50:23
2026-01-10T13:50:25.527Z - warn: ENOENT: no such file or directory, open '/Users/damithch/Repos/nus-cs2103/cs2103-website-base/node_modules/.cache/gh-pages/https!github.com!NUS-CS2103-AY2526-S2!website.git/book/_markbind/variables.md'
2026-01-10T13:50:25.527Z - warn: ENOENT: no such file or directory, open '/Users/damithch/Repos/nus-cs2103/cs2103-website-base/node_modules/.cache/gh-pages/https!github.com!NUS-CS2103-AY2526-S2!website.git/_markbind/variables.md'
2026-01-10T13:50:25.550Z - info: Building assets...
2026-01-10T13:50:28.117Z - info: Assets built
2026-01-10T13:50:28.118Z - info: Generating landing page...
2026-01-10T13:50:28.489Z - info: Landing page built, other pages will be built as you navigate to them!
2026-01-10T13:50:28.566Z - info: Site data built
2026-01-10T13:50:28.567Z - info: Website generation (lazy) complete! Total build time: 5.441s
2026-01-10T13:50:28.579Z - info: Serving "/Users/damithch/Repos/nus-cs2103/cs2103-website-base/_site" at http://127.0.0.1:8080
2026-01-10T13:50:28.579Z - info: Press CTRL+C to stop ...
2026-01-10T13:50:48.297Z - info: Building /Users/damithch/Repos/nus-cs2103/cs2103-website-base/schedule/week1/topics as some of its dependencies were changed since the last visit
2026-01-10T13:50:50.768Z - debug:  
2026-01-10T13:50:50.888Z - info: Site data built
2026-01-10T13:50:50.889Z - info: Lazy website regeneration complete! Total build time: 2.593s
2026-01-10T13:51:37.630Z - info: [21:51:37] Reload for file change: /Users/damithch/Repos/nus-cs2103/cs2103-website-base/schedule/week1/commentary-cs2103-fragment.md
2026-01-10T13:51:37.635Z - info: Synchronizing opened pages list before reload
2026-01-10T13:51:37.640Z - info: Current opened pages, from most-to-least recent:
2026-01-10T13:51:37.640Z - info: 1. schedule/week1/topics
2026-01-10T13:51:38.657Z - info: Rebuilding 1 pages
2026-01-10T13:51:39.809Z - info: Site data built
2026-01-10T13:51:39.809Z - info: Pages rebuilt
2026-01-10T13:51:39.810Z - info: Website regeneration complete! Total build time: 1.158s
2026-01-10T13:53:20.350Z - info: [21:53:20] Reload for file change: /Users/damithch/Repos/nus-cs2103/cs2103-website-base/schedule/week1/commentary-cs2103-fragment.md
2026-01-10T13:53:20.352Z - info: Synchronizing opened pages list before reload
2026-01-10T13:53:20.356Z - info: Current opened pages, from most-to-least recent:
2026-01-10T13:53:20.357Z - info: 1. schedule/week1/topics
2026-01-10T13:53:21.378Z - info: Rebuilding 1 pages
2026-01-10T13:53:22.535Z - info: Site data built
2026-01-10T13:53:22.536Z - info: Pages rebuilt
2026-01-10T13:53:22.536Z - info: Website regeneration complete! Total build time: 1.161s
2026-01-10T13:56:23.848Z - info: [21:56:23] Reload for file change: /Users/damithch/Repos/nus-cs2103/cs2103-website-base/schedule/week1/commentary-cs2103-fragment.md
2026-01-10T13:56:23.854Z - info: Synchronizing opened pages list before reload
2026-01-10T13:56:23.857Z - info: Current opened pages, from most-to-least recent:
2026-01-10T13:56:23.857Z - info: 1. schedule/week1/topics
2026-01-10T13:56:24.873Z - info: Rebuilding 1 pages
2026-01-10T13:56:26.078Z - info: Site data built
2026-01-10T13:56:26.078Z - info: Pages rebuilt
2026-01-10T13:56:26.078Z - info: Website regeneration complete! Total build time: 1.21s
2026-01-10T13:56:32.599Z - info: Building /Users/damithch/Repos/nus-cs2103/cs2103-website-base/admin/participation as some of its dependencies were changed since the last visit
2026-01-10T13:56:32.784Z - info: Site data built
2026-01-10T13:56:32.784Z - info: Lazy website regeneration complete! Total build time: 0.185s
2026-01-10T13:59:32.724Z - info: [21:59:32] Reload for file change: /Users/damithch/Repos/nus-cs2103/cs2103-website-base/schedule/week1/commentary-cs2103-fragment.md
2026-01-10T13:59:32.732Z - info: Synchronizing opened pages list before reload
2026-01-10T13:59:32.738Z - info: Current opened pages, from most-to-least recent:
2026-01-10T13:59:32.739Z - info: 1. admin/participation
2026-01-10T13:59:32.739Z - info: 2. schedule/week1/topics
2026-01-10T13:59:33.747Z - info: Rebuilding 1 pages
2026-01-10T13:59:34.923Z - info: Site data built
2026-01-10T13:59:34.923Z - info: Pages rebuilt
2026-01-10T13:59:34.923Z - info: Website regeneration complete! Total build time: 1.177s
2026-01-10T13:59:57.233Z - info: [21:59:57] Reload for file change: /Users/damithch/Repos/nus-cs2103/cs2103-website-base/schedule/week1/commentary-cs2103-fragment.md
2026-01-10T13:59:57.234Z - info: Synchronizing opened pages list before reload
2026-01-10T13:59:57.234Z - info: Current opened pages, from most-to-least recent:
2026-01-10T13:59:57.234Z - info: 1. schedule/week1/topics
2026-01-10T13:59:58.243Z - info: Rebuilding 1 pages
2026-01-10T13:59:59.423Z - info: Site data built
2026-01-10T13:59:59.423Z - info: Pages rebuilt
2026-01-10T13:59:59.424Z - info: Website regeneration complete! Total build time: 1.183s
2026-01-10T14:00:41.985Z - info: [22:00:41] Reload for file change: /Users/damithch/Repos/nus-cs2103/cs2103-website-base/schedule/week1/commentary-cs2103-fragment.md
2026-01-10T14:00:41.992Z - info: Synchronizing opened pages list before reload
2026-01-10T14:00:41.994Z - info: Current opened pages, from most-to-least recent:
2026-01-10T14:00:41.995Z - info: 1. schedule/week1/topics
2026-01-10T14:00:43.010Z - info: Rebuilding 1 pages
2026-01-10T14:00:44.198Z - info: Site data built
2026-01-10T14:00:44.198Z - info: Pages rebuilt
2026-01-10T14:00:44.198Z - info: Website regeneration complete! Total build time: 1.192s
2026-01-10T14:01:23.157Z - info: [22:01:23] Reload for file change: /Users/damithch/Repos/nus-cs2103/cs2103-website-base/schedule/week1/commentary-cs2103-fragment.md
2026-01-10T14:01:23.160Z - info: Synchronizing opened pages list before reload
2026-01-10T14:01:23.161Z - info: Current opened pages, from most-to-least recent:
2026-01-10T14:01:23.161Z - info: 1. schedule/week1/topics
2026-01-10T14:01:24.170Z - info: Rebuilding 1 pages
2026-01-10T14:01:25.350Z - info: Site data built
2026-01-10T14:01:25.350Z - info: Pages rebuilt
2026-01-10T14:01:25.350Z - info: Website regeneration complete! Total build time: 1.182s
2026-01-10T14:02:43.033Z - info: [22:02:43] Reload for file change: /Users/damithch/Repos/nus-cs2103/cs2103-website-base/book/gitAndGithub/trail/path.md
2026-01-10T14:02:43.040Z - info: Synchronizing opened pages list before reload
2026-01-10T14:02:43.043Z - info: Current opened pages, from most-to-least recent:
2026-01-10T14:02:43.044Z - info: 1. schedule/week1/topics
2026-01-10T14:02:44.063Z - info: Rebuilding 1 pages
2026-01-10T14:02:45.378Z - info: Site data built
2026-01-10T14:02:45.378Z - info: Pages rebuilt
2026-01-10T14:02:45.378Z - info: Website regeneration complete! Total build time: 1.318s
2026-01-10T14:06:17.315Z - info: Website generation started at 22:06:15
2026-01-10T14:06:18.005Z - warn: ENOENT: no such file or directory, open '/Users/damithch/Repos/nus-cs2103/cs2103-website-base/node_modules/.cache/gh-pages/https!github.com!NUS-CS2103-AY2526-S2!website.git/book/_markbind/variables.md'
2026-01-10T14:06:18.006Z - warn: ENOENT: no such file or directory, open '/Users/damithch/Repos/nus-cs2103/cs2103-website-base/node_modules/.cache/gh-pages/https!github.com!NUS-CS2103-AY2526-S2!website.git/_markbind/variables.md'
2026-01-10T14:06:18.039Z - info: Building assets...
