2026-02-10T08:02:45.598Z - info: Website generation (lazy) started at 16:02:44
2026-02-10T08:02:46.171Z - info: Building assets...
2026-02-10T08:02:47.450Z - info: Assets built
2026-02-10T08:02:47.450Z - info: Generating landing page...
2026-02-10T08:02:47.941Z - info: Landing page built, other pages will be built as you navigate to them!
2026-02-10T08:02:48.012Z - info: Site data built
2026-02-10T08:02:48.012Z - info: Website generation (lazy) complete! Total build time: 3.039s
2026-02-10T08:02:48.022Z - info: Serving "/Users/damithch/Repos/nus-cs2103/cs2103-website-base/_site" at http://127.0.0.1:8080
2026-02-10T08:02:48.022Z - info: Press CTRL+C to stop ...
2026-02-10T08:02:54.997Z - info: Building /Users/damithch/Repos/nus-cs2103/cs2103-website-base/schedule/week2/index as some of its dependencies were changed since the last visit
2026-02-10T08:02:55.363Z - info: Site data built
2026-02-10T08:02:55.363Z - info: Lazy website regeneration complete! Total build time: 0.366s
2026-02-10T08:03:02.103Z - info: Building /Users/damithch/Repos/nus-cs2103/cs2103-website-base/schedule/week2/project as some of its dependencies were changed since the last visit
2026-02-10T08:03:03.109Z - info: Site data built
2026-02-10T08:03:03.109Z - info: Lazy website regeneration complete! Total build time: 1.006s
2026-02-10T08:03:50.904Z - info: [16:03:50] Reload for file change: /Users/damithch/Repos/nus-cs2103/cs2103-website-base/admin/ip-tasks-fragment.md
2026-02-10T08:03:50.906Z - info: Synchronizing opened pages list before reload
2026-02-10T08:03:50.908Z - info: Current opened pages, from most-to-least recent:
2026-02-10T08:03:50.908Z - info: 1. schedule/week2/project
2026-02-10T08:03:51.912Z - info: Rebuilding 1 pages
2026-02-10T08:03:52.898Z - info: Site data built
2026-02-10T08:03:52.898Z - info: Pages rebuilt
2026-02-10T08:03:52.898Z - info: Website regeneration complete! Total build time: 0.988s
2026-02-10T08:04:31.295Z - info: Website generation started at 16:04:30
2026-02-10T08:04:31.602Z - info: Building assets...
