2026-02-17T09:10:14.722Z - info: Website generation (lazy) started at 17:10:13
2026-02-17T09:10:15.347Z - info: Building assets...
2026-02-17T09:10:16.623Z - info: Assets built
2026-02-17T09:10:16.623Z - info: Generating landing page...
2026-02-17T09:10:17.132Z - info: Landing page built, other pages will be built as you navigate to them!
2026-02-17T09:10:17.211Z - info: Site data built
2026-02-17T09:10:17.211Z - info: Website generation (lazy) complete! Total build time: 3.439s
2026-02-17T09:10:17.223Z - info: Serving "/Users/damithch/Repos/nus-cs2103/cs2103-website-base/_site" at http://127.0.0.1:8080
2026-02-17T09:10:17.223Z - info: Press CTRL+C to stop ...
2026-02-17T09:10:37.440Z - info: Building /Users/damithch/Repos/nus-cs2103/cs2103-website-base/schedule/week5/index as some of its dependencies were changed since the last visit
2026-02-17T09:10:37.904Z - info: Site data built
2026-02-17T09:10:37.905Z - info: Lazy website regeneration complete! Total build time: 0.466s
2026-02-17T09:10:48.215Z - info: Building /Users/damithch/Repos/nus-cs2103/cs2103-website-base/schedule/week5/project as some of its dependencies were changed since the last visit
2026-02-17T09:10:49.191Z - info: Site data built
2026-02-17T09:10:49.191Z - info: Lazy website regeneration complete! Total build time: 0.977s
2026-02-17T09:11:01.090Z - info: Website generation started at 17:11:00
2026-02-17T09:11:01.435Z - info: Building assets...
2026-02-17T09:11:02.646Z - info: Assets built
2026-02-17T09:11:02.646Z - info: Generating pages...
2026-02-17T09:11:15.966Z - debug:  
2026-02-17T09:11:15.966Z - debug:  
2026-02-17T09:11:15.966Z - debug:  
2026-02-17T09:11:15.966Z - debug:  
2026-02-17T09:11:15.966Z - debug:  
2026-02-17T09:11:15.966Z - debug:  
2026-02-17T09:11:15.966Z - debug:  
2026-02-17T09:11:15.966Z - debug:  
2026-02-17T09:11:15.966Z - debug:  
2026-02-17T09:11:15.966Z - debug:  
2026-02-17T09:11:15.966Z - debug:  
2026-02-17T09:11:15.967Z - debug:  
2026-02-17T09:11:15.967Z - debug:  
2026-02-17T09:11:15.967Z - debug:  
2026-02-17T09:11:15.967Z - debug:  
2026-02-17T09:11:15.967Z - debug:  
2026-02-17T09:11:18.152Z - debug:  
2026-02-17T09:11:18.374Z - debug:  
2026-02-17T09:11:18.383Z - debug:  
2026-02-17T09:11:18.422Z - debug:  
2026-02-17T09:11:18.422Z - debug:  
2026-02-17T09:11:18.431Z - debug:  
2026-02-17T09:11:28.755Z - debug:  
2026-02-17T09:12:16.533Z - debug:  
2026-02-17T09:12:16.533Z - debug:  
2026-02-17T09:12:28.456Z - debug:  
2026-02-17T09:12:41.888Z - debug:  
2026-02-17T09:12:42.231Z - debug:  
2026-02-17T09:12:51.411Z - info: Pages built
2026-02-17T09:12:51.489Z - info: Site data built
2026-02-17T09:12:51.489Z - info: Website generation complete! Total build time: 110.959s
2026-02-17T09:12:51.489Z - info: Build success!
2026-02-17T09:13:19.356Z - info: The website has been deployed at: https://nus-cs2103-ay2526-s2.github.io/website
