2026-02-12T15:26:33.878Z - info: Website generation started at 23:26:33
2026-02-12T15:26:34.442Z - info: Building assets...
2026-02-12T15:26:36.096Z - info: Assets built
2026-02-12T15:26:36.097Z - info: Generating pages...
2026-02-12T15:26:45.375Z - debug:  
2026-02-12T15:26:45.375Z - debug:  
2026-02-12T15:26:45.375Z - debug:  
2026-02-12T15:26:45.376Z - debug:  
2026-02-12T15:26:45.376Z - debug:  
2026-02-12T15:26:45.376Z - debug:  
2026-02-12T15:26:45.376Z - debug:  
2026-02-12T15:26:45.376Z - debug:  
2026-02-12T15:26:45.376Z - debug:  
2026-02-12T15:26:45.376Z - debug:  
2026-02-12T15:26:45.376Z - debug:  
2026-02-12T15:26:45.376Z - debug:  
2026-02-12T15:26:45.376Z - debug:  
2026-02-12T15:26:45.376Z - debug:  
2026-02-12T15:26:45.376Z - debug:  
2026-02-12T15:26:45.376Z - debug:  
2026-02-12T15:26:47.498Z - debug:  
2026-02-12T15:26:47.601Z - debug:  
2026-02-12T15:26:47.604Z - debug:  
2026-02-12T15:26:47.617Z - debug:  
2026-02-12T15:26:47.621Z - debug:  
2026-02-12T15:26:47.629Z - debug:  
2026-02-12T15:26:58.985Z - debug:  
2026-02-12T15:27:47.767Z - debug:  
2026-02-12T15:27:47.770Z - debug:  
2026-02-12T15:28:00.401Z - debug:  
2026-02-12T15:28:14.411Z - debug:  
2026-02-12T15:28:14.442Z - debug:  
2026-02-12T15:28:23.867Z - info: Pages built
2026-02-12T15:28:23.950Z - info: Site data built
2026-02-12T15:28:23.951Z - info: Website generation complete! Total build time: 110.909s
2026-02-12T15:28:23.951Z - info: Build success!
2026-02-12T15:28:52.036Z - info: The website has been deployed at: https://nus-cs2103-ay2526-s2.github.io/website
