2026-02-18T08:16:30.208Z - info: Website generation started at 16:16:29
2026-02-18T08:16:30.624Z - info: Building assets...
2026-02-18T08:16:31.927Z - info: Assets built
2026-02-18T08:16:31.927Z - info: Generating pages...
2026-02-18T08:16:39.173Z - debug:  
2026-02-18T08:16:39.173Z - debug:  
2026-02-18T08:16:39.173Z - debug:  
2026-02-18T08:16:39.173Z - debug:  
2026-02-18T08:16:39.173Z - debug:  
2026-02-18T08:16:39.173Z - debug:  
2026-02-18T08:16:39.173Z - debug:  
2026-02-18T08:16:39.173Z - debug:  
2026-02-18T08:16:39.173Z - debug:  
2026-02-18T08:16:39.173Z - debug:  
2026-02-18T08:16:39.174Z - debug:  
2026-02-18T08:16:39.174Z - debug:  
2026-02-18T08:16:39.174Z - debug:  
2026-02-18T08:16:39.174Z - debug:  
2026-02-18T08:16:39.174Z - debug:  
2026-02-18T08:16:39.174Z - debug:  
2026-02-18T08:16:43.351Z - debug:  
2026-02-18T08:16:43.352Z - debug:  
2026-02-18T08:16:43.509Z - debug:  
2026-02-18T08:16:43.509Z - debug:  
2026-02-18T08:16:43.609Z - debug:  
2026-02-18T08:16:43.617Z - debug:  
2026-02-18T08:16:53.263Z - debug:  
2026-02-18T08:17:37.284Z - debug:  
2026-02-18T08:17:37.285Z - debug:  
2026-02-18T08:17:48.447Z - debug:  
2026-02-18T08:18:03.015Z - debug:  
2026-02-18T08:18:03.034Z - debug:  
2026-02-18T08:18:12.315Z - info: Pages built
2026-02-18T08:18:12.397Z - info: Site data built
2026-02-18T08:18:12.397Z - info: Website generation complete! Total build time: 102.959s
2026-02-18T08:18:12.397Z - info: Build success!
2026-02-18T08:18:41.017Z - info: The website has been deployed at: https://nus-cs2103-ay2526-s2.github.io/website
2026-02-18T11:13:41.315Z - info: Website generation started at 19:13:40
2026-02-18T11:13:41.770Z - info: Building assets...
