2026-02-13T11:43:49.386Z - info: Website generation started at 19:43:48
2026-02-13T11:43:49.829Z - info: Building assets...
2026-02-13T11:43:51.279Z - info: Assets built
2026-02-13T11:43:51.280Z - info: Generating pages...
2026-02-13T11:43:59.311Z - debug:  
2026-02-13T11:43:59.311Z - debug:  
2026-02-13T11:43:59.311Z - debug:  
2026-02-13T11:43:59.311Z - debug:  
2026-02-13T11:43:59.311Z - debug:  
2026-02-13T11:44:00.318Z - debug:  
2026-02-13T11:44:00.318Z - debug:  
2026-02-13T11:44:00.318Z - debug:  
2026-02-13T11:44:00.318Z - debug:  
2026-02-13T11:44:00.318Z - debug:  
2026-02-13T11:44:00.318Z - debug:  
2026-02-13T11:44:00.318Z - debug:  
2026-02-13T11:44:00.318Z - debug:  
2026-02-13T11:44:00.318Z - debug:  
2026-02-13T11:44:00.318Z - debug:  
2026-02-13T11:44:00.318Z - debug:  
2026-02-13T11:44:03.435Z - debug:  
2026-02-13T11:44:03.553Z - debug:  
2026-02-13T11:44:03.686Z - debug:  
2026-02-13T11:44:03.701Z - debug:  
2026-02-13T11:44:03.886Z - debug:  
2026-02-13T11:44:03.911Z - debug:  
2026-02-13T11:44:19.930Z - debug:  
2026-02-13T11:45:08.692Z - debug:  
2026-02-13T11:45:08.693Z - debug:  
2026-02-13T11:45:18.328Z - debug:  
2026-02-13T11:45:32.375Z - debug:  
2026-02-13T11:45:32.398Z - debug:  
2026-02-13T11:45:42.324Z - info: Pages built
2026-02-13T11:45:42.405Z - info: Site data built
2026-02-13T11:45:42.405Z - info: Website generation complete! Total build time: 113.837s
2026-02-13T11:45:42.405Z - info: Build success!
2026-02-13T11:46:10.638Z - info: The website has been deployed at: https://nus-cs2103-ay2526-s2.github.io/website
2026-02-13T15:10:29.384Z - info: Website generation (lazy) started at 23:10:28
2026-02-13T15:10:29.834Z - info: Building assets...
2026-02-13T15:10:31.439Z - info: Assets built
2026-02-13T15:10:31.440Z - info: Generating landing page...
2026-02-13T15:10:31.929Z - info: Landing page built, other pages will be built as you navigate to them!
2026-02-13T15:10:32.000Z - info: Site data built
2026-02-13T15:10:32.001Z - info: Website generation (lazy) complete! Total build time: 3.405s
2026-02-13T15:10:32.011Z - info: Serving "/Users/damithch/Repos/nus-cs2103/cs2103-website-base/_site" at http://127.0.0.1:8080
2026-02-13T15:10:32.011Z - info: Press CTRL+C to stop ...
2026-02-13T15:11:08.400Z - info: Building /Users/damithch/Repos/nus-cs2103/cs2103-website-base/schedule/week6/tutorial as some of its dependencies were changed since the last visit
2026-02-13T15:11:08.588Z - info: Site data built
2026-02-13T15:11:08.588Z - info: Lazy website regeneration complete! Total build time: 0.19s
2026-02-13T15:12:17.895Z - info: [23:12:17] Reload for file change: /Users/damithch/Repos/nus-cs2103/cs2103-website-base/schedule/week6/tutorial-cs2103-fragment.md
2026-02-13T15:12:17.897Z - info: Synchronizing opened pages list before reload
2026-02-13T15:12:17.899Z - info: Current opened pages, from most-to-least recent:
2026-02-13T15:12:17.899Z - info: 1. schedule/week6/tutorial
2026-02-13T15:12:18.906Z - info: Rebuilding 1 pages
2026-02-13T15:12:19.083Z - info: Site data built
2026-02-13T15:12:19.083Z - info: Pages rebuilt
2026-02-13T15:12:19.083Z - info: Website regeneration complete! Total build time: 0.18s
2026-02-13T15:13:15.605Z - info: [23:13:15] Reload for file change: /Users/damithch/Repos/nus-cs2103/cs2103-website-base/schedule/week6/tutorial-cs2103-fragment.md
2026-02-13T15:13:15.610Z - info: Synchronizing opened pages list before reload
2026-02-13T15:13:15.612Z - info: Current opened pages, from most-to-least recent:
2026-02-13T15:13:15.612Z - info: 1. schedule/week6/tutorial
2026-02-13T15:13:16.623Z - info: Rebuilding 1 pages
2026-02-13T15:13:16.813Z - info: Site data built
2026-02-13T15:13:16.813Z - info: Pages rebuilt
2026-02-13T15:13:16.813Z - info: Website regeneration complete! Total build time: 0.195s
2026-02-13T15:15:12.402Z - info: [23:15:12] Reload for file change: /Users/damithch/Repos/nus-cs2103/cs2103-website-base/schedule/week6/tutorial-cs2103-fragment.md
2026-02-13T15:15:12.406Z - info: Synchronizing opened pages list before reload
2026-02-13T15:15:12.407Z - info: Current opened pages, from most-to-least recent:
2026-02-13T15:15:12.407Z - info: 1. schedule/week6/tutorial
2026-02-13T15:15:13.414Z - info: Rebuilding 1 pages
2026-02-13T15:15:13.583Z - info: Site data built
2026-02-13T15:15:13.583Z - info: Pages rebuilt
2026-02-13T15:15:13.583Z - info: Website regeneration complete! Total build time: 0.173s
2026-02-13T15:15:42.226Z - info: [23:15:42] Reload for file change: /Users/damithch/Repos/nus-cs2103/cs2103-website-base/schedule/week6/tutorial-cs2103-fragment.md
2026-02-13T15:15:42.227Z - info: Synchronizing opened pages list before reload
2026-02-13T15:15:42.227Z - info: Current opened pages, from most-to-least recent:
2026-02-13T15:15:42.227Z - info: 1. schedule/week6/tutorial
2026-02-13T15:15:43.244Z - info: Rebuilding 1 pages
2026-02-13T15:15:43.399Z - info: Site data built
2026-02-13T15:15:43.400Z - info: Pages rebuilt
2026-02-13T15:15:43.400Z - info: Website regeneration complete! Total build time: 0.16s
2026-02-13T15:18:53.480Z - info: [23:18:53] Reload for file change: /Users/damithch/Repos/nus-cs2103/cs2103-website-base/schedule/week6/tutorial-cs2103-fragment.md
2026-02-13T15:18:53.484Z - info: Synchronizing opened pages list before reload
2026-02-13T15:18:53.487Z - info: Current opened pages, from most-to-least recent:
2026-02-13T15:18:53.487Z - info: 1. schedule/week6/tutorial
2026-02-13T15:18:54.495Z - info: Rebuilding 1 pages
2026-02-13T15:18:54.713Z - info: Site data built
2026-02-13T15:18:54.713Z - info: Pages rebuilt
2026-02-13T15:18:54.713Z - info: Website regeneration complete! Total build time: 0.221s
2026-02-13T15:19:19.609Z - info: [23:19:19] Reload for file change: /Users/damithch/Repos/nus-cs2103/cs2103-website-base/schedule/week6/tutorial-cs2103-fragment.md
2026-02-13T15:19:19.609Z - info: Synchronizing opened pages list before reload
2026-02-13T15:19:19.609Z - info: No pages are currently opened
2026-02-13T15:19:20.627Z - info: No pages needed to be rebuilt
2026-02-13T15:19:25.002Z - info: Building /Users/damithch/Repos/nus-cs2103/cs2103-website-base/schedule/week6/tutorial as some of its dependencies were changed since the last visit
2026-02-13T15:19:25.200Z - info: Site data built
2026-02-13T15:19:25.200Z - info: Lazy website regeneration complete! Total build time: 0.198s
2026-02-13T15:20:16.149Z - info: [23:20:16] Reload for file change: /Users/damithch/Repos/nus-cs2103/cs2103-website-base/schedule/week6/tutorial-cs2103-fragment.md
2026-02-13T15:20:16.151Z - info: Synchronizing opened pages list before reload
2026-02-13T15:20:16.153Z - info: Current opened pages, from most-to-least recent:
2026-02-13T15:20:16.153Z - info: 1. schedule/week6/tutorial
2026-02-13T15:20:17.159Z - info: Rebuilding 1 pages
2026-02-13T15:20:17.333Z - info: Site data built
2026-02-13T15:20:17.333Z - info: Pages rebuilt
2026-02-13T15:20:17.333Z - info: Website regeneration complete! Total build time: 0.177s
2026-02-13T15:21:31.686Z - info: [23:21:31] Reload for file change: /Users/damithch/Repos/nus-cs2103/cs2103-website-base/schedule/week6/tutorial-cs2103-fragment.md
2026-02-13T15:21:31.687Z - info: Synchronizing opened pages list before reload
2026-02-13T15:21:31.687Z - info: Current opened pages, from most-to-least recent:
2026-02-13T15:21:31.688Z - info: 1. schedule/week6/tutorial
2026-02-13T15:21:32.697Z - info: Rebuilding 1 pages
2026-02-13T15:21:32.869Z - info: Site data built
2026-02-13T15:21:32.869Z - info: Pages rebuilt
2026-02-13T15:21:32.869Z - info: Website regeneration complete! Total build time: 0.175s
2026-02-13T15:57:07.256Z - info: [23:57:07] Reload for file change: /Users/damithch/Repos/nus-cs2103/cs2103-website-base/schedule/week6/tutorial-cs2103-fragment.md
2026-02-13T15:57:07.270Z - info: Synchronizing opened pages list before reload
2026-02-13T15:57:07.282Z - info: Current opened pages, from most-to-least recent:
2026-02-13T15:57:07.283Z - info: 1. schedule/week6/tutorial
2026-02-13T15:57:08.315Z - info: Rebuilding 1 pages
2026-02-13T15:57:08.439Z - error:  Template render error: (/Users/damithch/Repos/nus-cs2103/cs2103-website-base/schedule/week6/tutorial-cs2103-fragment.md)
  Template render error: (/Users/damithch/Repos/nus-cs2103/cs2103-website-base/schedule/week6/tutorial-cs2103-fragment.md)
  Template render error: (/Users/damithch/Repos/nus-cs2103/cs2103-website-base/schedule/week6/tutorial-cs2103-fragment.md)
  Template render error: (/Users/damithch/Repos/nus-cs2103/cs2103-website-base/schedule/week6/tutorial-cs2103-fragment.md)
  Template render error: (/Users/damithch/Repos/nus-cs2103/cs2103-website-base/schedule/week6/tutorial-cs2103-fragment.md)
  Error: cannot import 'panopto'
    at Object._prettifyError (/opt/homebrew/lib/node_modules/markbind-cli/node_modules/nunjucks/src/lib.js:32:11)
    at /opt/homebrew/lib/node_modules/markbind-cli/node_modules/@markbind/core/src/patches/nunjucks/context-overrides-frame.js:383:17
    at Template.root [as rootRenderFunc] (eval at _compile (/opt/homebrew/lib/node_modules/markbind-cli/node_modules/nunjucks/src/environment.js:527:18), <anonymous>:91:3)
    at Template.render (/opt/homebrew/lib/node_modules/markbind-cli/node_modules/@markbind/core/src/patches/nunjucks/context-overrides-frame.js:372:8)
    at /opt/homebrew/lib/node_modules/markbind-cli/node_modules/@markbind/core/src/patches/nunjucks/context-overrides-frame.js:54:25
    at createTemplate (/opt/homebrew/lib/node_modules/markbind-cli/node_modules/@markbind/core/src/patches/nunjucks/load-event.js:121:7)
    at handle (/opt/homebrew/lib/node_modules/markbind-cli/node_modules/@markbind/core/src/patches/nunjucks/load-event.js:133:9)
    at /opt/homebrew/lib/node_modules/markbind-cli/node_modules/@markbind/core/src/patches/nunjucks/load-event.js:145:7
    at next (/opt/homebrew/lib/node_modules/markbind-cli/node_modules/nunjucks/src/lib.js:258:7)
    at Object.asyncIter (/opt/homebrew/lib/node_modules/markbind-cli/node_modules/nunjucks/src/lib.js:263:3)
2026-02-13T15:57:08.508Z - info: Site data built
2026-02-13T15:57:08.508Z - info: Pages rebuilt
2026-02-13T15:57:08.509Z - info: Website regeneration complete! Total build time: 0.211s
2026-02-13T15:57:20.916Z - info: [23:57:20] Reload for file change: /Users/damithch/Repos/nus-cs2103/cs2103-website-base/schedule/week6/tutorial-cs2103-fragment.md
2026-02-13T15:57:20.916Z - info: Synchronizing opened pages list before reload
2026-02-13T15:57:20.916Z - info: Current opened pages, from most-to-least recent:
2026-02-13T15:57:20.916Z - info: 1. schedule/week6/tutorial
2026-02-13T15:57:21.927Z - info: Rebuilding 1 pages
2026-02-13T15:57:22.050Z - error:  Template render error: (/Users/damithch/Repos/nus-cs2103/cs2103-website-base/schedule/week6/tutorial-cs2103-fragment.md)
  Template render error: (/Users/damithch/Repos/nus-cs2103/cs2103-website-base/schedule/week6/tutorial-cs2103-fragment.md)
  Template render error: (/Users/damithch/Repos/nus-cs2103/cs2103-website-base/schedule/week6/tutorial-cs2103-fragment.md)
  Template render error: (/Users/damithch/Repos/nus-cs2103/cs2103-website-base/schedule/week6/tutorial-cs2103-fragment.md)
  Template render error: (/Users/damithch/Repos/nus-cs2103/cs2103-website-base/schedule/week6/tutorial-cs2103-fragment.md)
  Error: cannot import 'panopto'
    at Object._prettifyError (/opt/homebrew/lib/node_modules/markbind-cli/node_modules/nunjucks/src/lib.js:32:11)
    at /opt/homebrew/lib/node_modules/markbind-cli/node_modules/@markbind/core/src/patches/nunjucks/context-overrides-frame.js:383:17
    at Template.root [as rootRenderFunc] (eval at _compile (/opt/homebrew/lib/node_modules/markbind-cli/node_modules/nunjucks/src/environment.js:527:18), <anonymous>:91:3)
    at Template.render (/opt/homebrew/lib/node_modules/markbind-cli/node_modules/@markbind/core/src/patches/nunjucks/context-overrides-frame.js:372:8)
    at /opt/homebrew/lib/node_modules/markbind-cli/node_modules/@markbind/core/src/patches/nunjucks/context-overrides-frame.js:54:25
    at createTemplate (/opt/homebrew/lib/node_modules/markbind-cli/node_modules/@markbind/core/src/patches/nunjucks/load-event.js:121:7)
    at handle (/opt/homebrew/lib/node_modules/markbind-cli/node_modules/@markbind/core/src/patches/nunjucks/load-event.js:133:9)
    at /opt/homebrew/lib/node_modules/markbind-cli/node_modules/@markbind/core/src/patches/nunjucks/load-event.js:145:7
    at next (/opt/homebrew/lib/node_modules/markbind-cli/node_modules/nunjucks/src/lib.js:258:7)
    at Object.asyncIter (/opt/homebrew/lib/node_modules/markbind-cli/node_modules/nunjucks/src/lib.js:263:3)
2026-02-13T15:57:22.088Z - info: Site data built
2026-02-13T15:57:22.088Z - info: Pages rebuilt
2026-02-13T15:57:22.088Z - info: Website regeneration complete! Total build time: 0.169s
2026-02-13T15:58:11.224Z - info: [23:58:11] Reload for file change: /Users/damithch/Repos/nus-cs2103/cs2103-website-base/schedule/week6/tutorial-cs2103-fragment.md
2026-02-13T15:58:11.226Z - info: Synchronizing opened pages list before reload
2026-02-13T15:58:11.226Z - info: Current opened pages, from most-to-least recent:
2026-02-13T15:58:11.226Z - info: 1. schedule/week6/tutorial
2026-02-13T15:58:12.238Z - info: Rebuilding 1 pages
2026-02-13T15:58:12.403Z - info: Site data built
2026-02-13T15:58:12.404Z - info: Pages rebuilt
2026-02-13T15:58:12.404Z - info: Website regeneration complete! Total build time: 0.171s
2026-02-13T15:58:40.325Z - info: [23:58:40] Reload for file change: /Users/damithch/Repos/nus-cs2103/cs2103-website-base/schedule/week6/tutorial-cs2103-fragment.md
2026-02-13T15:58:40.332Z - info: Synchronizing opened pages list before reload
2026-02-13T15:58:40.335Z - info: Current opened pages, from most-to-least recent:
2026-02-13T15:58:40.335Z - info: 1. schedule/week6/tutorial
2026-02-13T15:58:41.340Z - info: Rebuilding 1 pages
2026-02-13T15:58:41.559Z - info: Site data built
2026-02-13T15:58:41.559Z - info: Pages rebuilt
2026-02-13T15:58:41.559Z - info: Website regeneration complete! Total build time: 0.221s
2026-02-13T15:59:49.539Z - info: [23:59:49] Reload for file change: /Users/damithch/Repos/nus-cs2103/cs2103-website-base/schedule/week6/tutorial-cs2103-fragment.md
2026-02-13T15:59:49.541Z - info: Synchronizing opened pages list before reload
2026-02-13T15:59:49.541Z - info: Current opened pages, from most-to-least recent:
2026-02-13T15:59:49.541Z - info: 1. schedule/week6/tutorial
2026-02-13T15:59:50.558Z - info: Rebuilding 1 pages
2026-02-13T15:59:50.657Z - error:  Template render error: (/Users/damithch/Repos/nus-cs2103/cs2103-website-base/schedule/week6/tutorial-cs2103-fragment.md) [Line 58, Column 30]
  parseSignature: expected comma after expression
    at Object._prettifyError (/opt/homebrew/lib/node_modules/markbind-cli/node_modules/nunjucks/src/lib.js:32:11)
    at Template.render (/opt/homebrew/lib/node_modules/markbind-cli/node_modules/@markbind/core/src/patches/nunjucks/context-overrides-frame.js:358:19)
    at /opt/homebrew/lib/node_modules/markbind-cli/node_modules/@markbind/core/src/patches/nunjucks/context-overrides-frame.js:54:25
    at createTemplate (/opt/homebrew/lib/node_modules/markbind-cli/node_modules/@markbind/core/src/patches/nunjucks/load-event.js:121:7)
    at handle (/opt/homebrew/lib/node_modules/markbind-cli/node_modules/@markbind/core/src/patches/nunjucks/load-event.js:133:9)
    at /opt/homebrew/lib/node_modules/markbind-cli/node_modules/@markbind/core/src/patches/nunjucks/load-event.js:145:7
    at next (/opt/homebrew/lib/node_modules/markbind-cli/node_modules/nunjucks/src/lib.js:258:7)
    at Object.asyncIter (/opt/homebrew/lib/node_modules/markbind-cli/node_modules/nunjucks/src/lib.js:263:3)
    at Environment.getTemplate (/opt/homebrew/lib/node_modules/markbind-cli/node_modules/@markbind/core/src/patches/nunjucks/load-event.js:127:7)
    at Environment.render (/opt/homebrew/lib/node_modules/markbind-cli/node_modules/@markbind/core/src/patches/nunjucks/context-overrides-frame.js:48:8)
2026-02-13T15:59:50.720Z - info: Site data built
2026-02-13T15:59:50.720Z - info: Pages rebuilt
2026-02-13T15:59:50.720Z - info: Website regeneration complete! Total build time: 0.164s
2026-02-13T15:59:55.334Z - info: [23:59:55] Reload for file change: /Users/damithch/Repos/nus-cs2103/cs2103-website-base/schedule/week6/tutorial-cs2103-fragment.md
2026-02-13T15:59:55.334Z - info: Synchronizing opened pages list before reload
2026-02-13T15:59:55.334Z - info: Current opened pages, from most-to-least recent:
2026-02-13T15:59:55.334Z - info: 1. schedule/week6/tutorial
2026-02-13T15:59:56.344Z - info: Rebuilding 1 pages
2026-02-13T15:59:56.421Z - error:  Template render error: (/Users/damithch/Repos/nus-cs2103/cs2103-website-base/schedule/week6/tutorial-cs2103-fragment.md) [Line 58, Column 30]
  parseSignature: expected comma after expression
    at Object._prettifyError (/opt/homebrew/lib/node_modules/markbind-cli/node_modules/nunjucks/src/lib.js:32:11)
    at Template.render (/opt/homebrew/lib/node_modules/markbind-cli/node_modules/@markbind/core/src/patches/nunjucks/context-overrides-frame.js:358:19)
    at /opt/homebrew/lib/node_modules/markbind-cli/node_modules/@markbind/core/src/patches/nunjucks/context-overrides-frame.js:54:25
    at createTemplate (/opt/homebrew/lib/node_modules/markbind-cli/node_modules/@markbind/core/src/patches/nunjucks/load-event.js:121:7)
    at handle (/opt/homebrew/lib/node_modules/markbind-cli/node_modules/@markbind/core/src/patches/nunjucks/load-event.js:133:9)
    at /opt/homebrew/lib/node_modules/markbind-cli/node_modules/@markbind/core/src/patches/nunjucks/load-event.js:145:7
    at next (/opt/homebrew/lib/node_modules/markbind-cli/node_modules/nunjucks/src/lib.js:258:7)
    at Object.asyncIter (/opt/homebrew/lib/node_modules/markbind-cli/node_modules/nunjucks/src/lib.js:263:3)
    at Environment.getTemplate (/opt/homebrew/lib/node_modules/markbind-cli/node_modules/@markbind/core/src/patches/nunjucks/load-event.js:127:7)
    at Environment.render (/opt/homebrew/lib/node_modules/markbind-cli/node_modules/@markbind/core/src/patches/nunjucks/context-overrides-frame.js:48:8)
2026-02-13T15:59:56.450Z - info: Site data built
2026-02-13T15:59:56.450Z - info: Pages rebuilt
2026-02-13T15:59:56.450Z - info: Website regeneration complete! Total build time: 0.108s
