2026-01-31T06:25:29.946Z - info: Website generation (lazy) started at 14:25:28
2026-01-31T06:25:30.717Z - warn: ENOENT: no such file or directory, open '/Users/damithch/Repos/nus-cs2103/cs2103-website-base/node_modules/.cache/gh-pages/https!github.com!NUS-CS2103-AY2526-S2!website.git/book/_markbind/variables.md'
2026-01-31T06:25:30.717Z - warn: ENOENT: no such file or directory, open '/Users/damithch/Repos/nus-cs2103/cs2103-website-base/node_modules/.cache/gh-pages/https!github.com!NUS-CS2103-AY2526-S2!website.git/_markbind/variables.md'
2026-01-31T06:25:30.738Z - info: Building assets...
2026-01-31T06:25:33.577Z - info: Assets built
2026-01-31T06:25:33.578Z - info: Generating landing page...
2026-01-31T06:25:34.146Z - info: Landing page built, other pages will be built as you navigate to them!
2026-01-31T06:25:34.216Z - info: Site data built
2026-01-31T06:25:34.217Z - info: Website generation (lazy) complete! Total build time: 5.734s
2026-01-31T06:25:34.230Z - info: Serving "/Users/damithch/Repos/nus-cs2103/cs2103-website-base/_site" at http://127.0.0.1:8080
2026-01-31T06:25:34.230Z - info: Press CTRL+C to stop ...
2026-01-31T06:25:41.097Z - info: Building /Users/damithch/Repos/nus-cs2103/cs2103-website-base/admin/ip-showcase as some of its dependencies were changed since the last visit
2026-01-31T06:25:42.002Z - info: Site data built
2026-01-31T06:25:42.002Z - info: Lazy website regeneration complete! Total build time: 0.906s
2026-01-31T06:25:52.070Z - info: Building /Users/damithch/Repos/nus-cs2103/cs2103-website-base/schedule/week4/project as some of its dependencies were changed since the last visit
2026-01-31T06:25:53.579Z - info: Site data built
2026-01-31T06:25:53.579Z - info: Lazy website regeneration complete! Total build time: 1.51s
2026-01-31T06:28:07.199Z - info: Website generation started at 14:28:05
2026-01-31T06:28:07.636Z - warn: ENOENT: no such file or directory, open '/Users/damithch/Repos/nus-cs2103/cs2103-website-base/node_modules/.cache/gh-pages/https!github.com!NUS-CS2103-AY2526-S2!website.git/book/_markbind/variables.md'
2026-01-31T06:28:07.636Z - warn: ENOENT: no such file or directory, open '/Users/damithch/Repos/nus-cs2103/cs2103-website-base/node_modules/.cache/gh-pages/https!github.com!NUS-CS2103-AY2526-S2!website.git/_markbind/variables.md'
2026-01-31T06:28:07.655Z - info: Building assets...
