2026-02-08T05:19:41.676Z - info: Website generation (lazy) started at 13:19:40
2026-02-08T05:19:42.277Z - info: Building assets...
2026-02-08T05:19:43.927Z - info: Assets built
2026-02-08T05:19:43.928Z - info: Generating landing page...
2026-02-08T05:19:45.069Z - info: Landing page built, other pages will be built as you navigate to them!
2026-02-08T05:19:45.182Z - info: Site data built
2026-02-08T05:19:45.182Z - info: Website generation (lazy) complete! Total build time: 4.254s
2026-02-08T05:19:45.200Z - info: Serving "/Users/damithch/Repos/nus-cs2103/cs2103-website-base/_site" at http://127.0.0.1:8080
2026-02-08T05:19:45.200Z - info: Press CTRL+C to stop ...
2026-02-08T05:20:08.413Z - info: Building /Users/damithch/Repos/nus-cs2103/cs2103-website-base/admin/teamList as some of its dependencies were changed since the last visit
2026-02-08T05:20:09.200Z - info: Site data built
2026-02-08T05:20:09.200Z - info: Lazy website regeneration complete! Total build time: 0.789s
2026-02-08T05:21:19.444Z - info: Website generation started at 13:21:18
2026-02-08T05:21:19.772Z - info: Building assets...
2026-02-08T05:21:21.687Z - info: Assets built
2026-02-08T05:21:21.688Z - info: Generating pages...
2026-02-08T05:21:29.856Z - debug:  
2026-02-08T05:21:29.856Z - debug:  
2026-02-08T05:21:29.856Z - debug:  
2026-02-08T05:21:29.856Z - debug:  
2026-02-08T05:21:29.856Z - debug:  
2026-02-08T05:21:29.856Z - debug:  
2026-02-08T05:21:29.856Z - debug:  
2026-02-08T05:21:29.856Z - debug:  
2026-02-08T05:21:29.856Z - debug:  
2026-02-08T05:21:29.856Z - debug:  
2026-02-08T05:21:29.856Z - debug:  
2026-02-08T05:21:29.856Z - debug:  
2026-02-08T05:21:29.856Z - debug:  
2026-02-08T05:21:29.856Z - debug:  
2026-02-08T05:21:29.856Z - debug:  
2026-02-08T05:21:29.856Z - debug:  
2026-02-08T05:21:33.100Z - debug:  
2026-02-08T05:21:33.165Z - debug:  
2026-02-08T05:21:33.185Z - debug:  
2026-02-08T05:21:33.190Z - debug:  
2026-02-08T05:21:33.271Z - debug:  
2026-02-08T05:21:33.315Z - debug:  
2026-02-08T05:21:44.471Z - debug:  
2026-02-08T05:22:29.718Z - debug:  
2026-02-08T05:22:29.719Z - debug:  
2026-02-08T05:22:41.003Z - debug:  
2026-02-08T05:22:54.832Z - debug:  
2026-02-08T05:22:55.244Z - debug:  
2026-02-08T05:23:04.029Z - info: Pages built
2026-02-08T05:23:04.102Z - info: Site data built
2026-02-08T05:23:04.102Z - info: Website generation complete! Total build time: 105.214s
2026-02-08T05:23:04.102Z - info: Build success!
2026-02-08T05:23:29.272Z - info: The website has been deployed at: https://nus-cs2103-ay2526-s2.github.io/website
2026-02-08T08:46:21.933Z - info: Website generation (lazy) started at 16:46:21
2026-02-08T08:46:22.469Z - info: Building assets...
2026-02-08T08:46:24.093Z - info: Assets built
2026-02-08T08:46:24.093Z - info: Generating landing page...
2026-02-08T08:46:24.604Z - info: Landing page built, other pages will be built as you navigate to them!
2026-02-08T08:46:24.666Z - info: Site data built
2026-02-08T08:46:24.666Z - info: Website generation (lazy) complete! Total build time: 3.558s
2026-02-08T08:46:24.677Z - info: Serving "/Users/damithch/Repos/nus-cs2103/cs2103-website-base/_site" at http://127.0.0.1:8080
2026-02-08T08:46:24.678Z - info: Press CTRL+C to stop ...
2026-02-08T08:46:29.043Z - info: Building /Users/damithch/Repos/nus-cs2103/cs2103-website-base/schedule/week5/tutorial as some of its dependencies were changed since the last visit
2026-02-08T08:46:29.719Z - info: Site data built
2026-02-08T08:46:29.720Z - info: Lazy website regeneration complete! Total build time: 0.678s
2026-02-08T08:47:04.600Z - info: [16:47:04] Reload for file change: /Users/damithch/Repos/nus-cs2103/cs2103-website-base/schedule/week5/tutorial-cs2103-fragment.md
2026-02-08T08:47:04.607Z - info: Synchronizing opened pages list before reload
2026-02-08T08:47:04.611Z - info: Current opened pages, from most-to-least recent:
2026-02-08T08:47:04.612Z - info: 1. schedule/week5/tutorial
2026-02-08T08:47:05.627Z - info: Rebuilding 1 pages
2026-02-08T08:47:06.309Z - info: Site data built
2026-02-08T08:47:06.309Z - info: Pages rebuilt
2026-02-08T08:47:06.309Z - info: Website regeneration complete! Total build time: 0.686s
2026-02-08T08:48:06.154Z - info: [16:48:06] Reload for file change: /Users/damithch/Repos/nus-cs2103/cs2103-website-base/schedule/week5/tutorial-cs2103-fragment.md
2026-02-08T08:48:06.156Z - info: Synchronizing opened pages list before reload
2026-02-08T08:48:06.156Z - info: Current opened pages, from most-to-least recent:
2026-02-08T08:48:06.156Z - info: 1. schedule/week5/tutorial
2026-02-08T08:48:07.163Z - info: Rebuilding 1 pages
2026-02-08T08:48:07.807Z - info: Site data built
2026-02-08T08:48:07.807Z - info: Pages rebuilt
2026-02-08T08:48:07.807Z - info: Website regeneration complete! Total build time: 0.648s
2026-02-08T08:48:27.591Z - info: [16:48:27] Reload for file change: /Users/damithch/Repos/nus-cs2103/cs2103-website-base/schedule/week5/tutorial-cs2103-fragment.md
2026-02-08T08:48:27.592Z - info: Synchronizing opened pages list before reload
2026-02-08T08:48:27.593Z - info: Current opened pages, from most-to-least recent:
2026-02-08T08:48:27.593Z - info: 1. schedule/week5/tutorial
2026-02-08T08:48:28.597Z - info: Rebuilding 1 pages
2026-02-08T08:48:29.304Z - info: Site data built
2026-02-08T08:48:29.304Z - info: Pages rebuilt
2026-02-08T08:48:29.305Z - info: Website regeneration complete! Total build time: 0.71s
2026-02-08T08:49:04.299Z - info: Building /Users/damithch/Repos/nus-cs2103/cs2103-website-base/schedule/week6/index as some of its dependencies were changed since the last visit
2026-02-08T08:49:04.757Z - info: Site data built
2026-02-08T08:49:04.758Z - info: Lazy website regeneration complete! Total build time: 0.459s
2026-02-08T08:49:07.874Z - info: Building /Users/damithch/Repos/nus-cs2103/cs2103-website-base/schedule/week6/project as some of its dependencies were changed since the last visit
2026-02-08T08:49:09.229Z - info: Site data built
2026-02-08T08:49:09.229Z - info: Lazy website regeneration complete! Total build time: 1.355s
2026-02-08T08:49:54.388Z - info: [16:49:54] Reload for file change: /Users/damithch/Repos/nus-cs2103/cs2103-website-base/schedule/week5/tutorial-cs2103-fragment.md
2026-02-08T08:49:54.391Z - info: Synchronizing opened pages list before reload
2026-02-08T08:49:54.423Z - info: Current opened pages, from most-to-least recent:
2026-02-08T08:49:54.428Z - info: 1. schedule/week6/project
2026-02-08T08:49:55.468Z - info: No pages needed to be rebuilt
2026-02-08T08:50:05.217Z - info: Building /Users/damithch/Repos/nus-cs2103/cs2103-website-base/schedule/week5/tutorial as some of its dependencies were changed since the last visit
2026-02-08T08:50:05.899Z - info: Site data built
2026-02-08T08:50:05.899Z - info: Lazy website regeneration complete! Total build time: 0.682s
2026-02-08T08:50:33.912Z - info: [16:50:33] Reload for file change: /Users/damithch/Repos/nus-cs2103/cs2103-website-base/schedule/week5/tutorial-cs2103-fragment.md
2026-02-08T08:50:33.919Z - info: Synchronizing opened pages list before reload
2026-02-08T08:50:33.924Z - info: Current opened pages, from most-to-least recent:
2026-02-08T08:50:33.925Z - info: 1. schedule/week5/tutorial
2026-02-08T08:50:34.937Z - info: Rebuilding 1 pages
2026-02-08T08:50:35.620Z - info: Site data built
2026-02-08T08:50:35.620Z - info: Pages rebuilt
2026-02-08T08:50:35.620Z - info: Website regeneration complete! Total build time: 0.688s
2026-02-08T08:51:52.158Z - info: [16:51:52] Reload for file change: /Users/damithch/Repos/nus-cs2103/cs2103-website-base/schedule/week5/tutorial-cs2103-fragment.md
2026-02-08T08:51:52.185Z - info: Synchronizing opened pages list before reload
2026-02-08T08:51:52.210Z - info: Current opened pages, from most-to-least recent:
2026-02-08T08:51:52.211Z - info: 1. schedule/week5/tutorial
2026-02-08T08:51:53.222Z - info: Rebuilding 1 pages
2026-02-08T08:51:53.899Z - info: Site data built
2026-02-08T08:51:53.899Z - info: Pages rebuilt
2026-02-08T08:51:53.899Z - info: Website regeneration complete! Total build time: 0.683s
2026-02-08T08:52:38.911Z - info: Website generation started at 16:52:38
2026-02-08T08:52:39.280Z - info: Building assets...
2026-02-08T08:52:40.829Z - info: Assets built
2026-02-08T08:52:40.829Z - info: Generating pages...
2026-02-08T08:52:51.815Z - debug:  
2026-02-08T08:52:51.815Z - debug:  
2026-02-08T08:52:51.815Z - debug:  
2026-02-08T08:52:51.815Z - debug:  
2026-02-08T08:52:51.816Z - debug:  
2026-02-08T08:52:51.816Z - debug:  
2026-02-08T08:52:51.816Z - debug:  
2026-02-08T08:52:51.816Z - debug:  
2026-02-08T08:52:51.816Z - debug:  
2026-02-08T08:52:51.816Z - debug:  
2026-02-08T08:52:51.816Z - debug:  
2026-02-08T08:52:51.816Z - debug:  
2026-02-08T08:52:51.816Z - debug:  
2026-02-08T08:52:51.816Z - debug:  
2026-02-08T08:52:51.816Z - debug:  
2026-02-08T08:52:51.816Z - debug:  
2026-02-08T08:52:54.181Z - debug:  
2026-02-08T08:52:54.206Z - debug:  
2026-02-08T08:52:54.217Z - debug:  
2026-02-08T08:52:54.222Z - debug:  
2026-02-08T08:52:54.243Z - debug:  
2026-02-08T08:52:54.245Z - debug:  
2026-02-08T08:53:05.685Z - debug:  
2026-02-08T08:53:54.706Z - debug:  
2026-02-08T08:53:54.915Z - debug:  
2026-02-08T08:54:07.892Z - debug:  
2026-02-08T08:54:21.579Z - debug:  
2026-02-08T08:54:21.579Z - debug:  
2026-02-08T08:54:29.616Z - info: Pages built
2026-02-08T08:54:29.695Z - info: Site data built
2026-02-08T08:54:29.695Z - info: Website generation complete! Total build time: 111.468s
2026-02-08T08:54:29.695Z - info: Build success!
2026-02-08T08:54:55.667Z - info: The website has been deployed at: https://nus-cs2103-ay2526-s2.github.io/website
