2026-02-06T05:34:50.553Z - info: Website generation started at 13:34:49
2026-02-06T05:34:51.021Z - info: Building assets...
2026-02-06T05:34:52.511Z - info: Assets built
2026-02-06T05:34:52.512Z - info: Generating pages...
2026-02-06T05:35:00.279Z - debug:  
2026-02-06T05:35:00.279Z - debug:  
2026-02-06T05:35:00.279Z - debug:  
2026-02-06T05:35:00.279Z - debug:  
2026-02-06T05:35:00.279Z - debug:  
2026-02-06T05:35:00.280Z - debug:  
2026-02-06T05:35:00.280Z - debug:  
2026-02-06T05:35:00.280Z - debug:  
2026-02-06T05:35:00.280Z - debug:  
2026-02-06T05:35:01.385Z - debug:  
2026-02-06T05:35:01.386Z - debug:  
2026-02-06T05:35:01.386Z - debug:  
2026-02-06T05:35:01.386Z - debug:  
2026-02-06T05:35:01.386Z - debug:  
2026-02-06T05:35:01.386Z - debug:  
2026-02-06T05:35:01.387Z - debug:  
2026-02-06T05:35:06.103Z - debug:  
2026-02-06T05:35:06.119Z - debug:  
2026-02-06T05:35:06.132Z - debug:  
2026-02-06T05:35:06.137Z - debug:  
2026-02-06T05:35:06.139Z - debug:  
2026-02-06T05:35:06.160Z - debug:  
2026-02-06T05:35:16.052Z - debug:  
2026-02-06T05:36:04.273Z - debug:  
2026-02-06T05:36:04.273Z - debug:  
2026-02-06T05:36:11.196Z - debug:  
2026-02-06T05:36:27.779Z - debug:  
2026-02-06T05:36:27.835Z - debug:  
2026-02-06T05:36:36.237Z - info: Pages built
2026-02-06T05:36:36.318Z - info: Site data built
2026-02-06T05:36:36.319Z - info: Website generation complete! Total build time: 106.535s
2026-02-06T05:36:36.319Z - info: Build success!
2026-02-06T05:37:00.696Z - info: The website has been deployed at: https://nus-cs2103-ay2526-s2.github.io/website
2026-02-06T09:03:55.116Z - info: Website generation started at 17:03:54
2026-02-06T09:03:55.760Z - info: Building assets...
2026-02-06T09:03:57.944Z - info: Assets built
2026-02-06T09:03:57.944Z - info: Generating pages...
2026-02-06T09:04:05.962Z - debug:  
2026-02-06T09:04:05.963Z - debug:  
2026-02-06T09:04:05.963Z - debug:  
2026-02-06T09:04:05.964Z - debug:  
2026-02-06T09:04:07.431Z - debug:  
2026-02-06T09:04:07.431Z - debug:  
2026-02-06T09:04:07.431Z - debug:  
2026-02-06T09:04:07.432Z - debug:  
2026-02-06T09:04:07.432Z - debug:  
2026-02-06T09:04:07.432Z - debug:  
2026-02-06T09:04:07.432Z - debug:  
2026-02-06T09:04:07.432Z - debug:  
2026-02-06T09:04:07.432Z - debug:  
2026-02-06T09:04:07.432Z - debug:  
2026-02-06T09:04:07.432Z - debug:  
2026-02-06T09:04:07.432Z - debug:  
2026-02-06T09:04:10.755Z - debug:  
2026-02-06T09:04:10.756Z - debug:  
2026-02-06T09:04:10.761Z - debug:  
2026-02-06T09:04:10.768Z - debug:  
2026-02-06T09:04:10.768Z - debug:  
2026-02-06T09:04:10.771Z - debug:  
2026-02-06T09:04:21.043Z - debug:  
2026-02-06T09:05:07.273Z - debug:  
2026-02-06T09:05:07.273Z - debug:  
2026-02-06T09:05:18.424Z - debug:  
2026-02-06T09:05:31.511Z - debug:  
2026-02-06T09:05:31.519Z - debug:  
2026-02-06T09:05:40.223Z - info: Pages built
2026-02-06T09:05:40.313Z - info: Site data built
2026-02-06T09:05:40.313Z - info: Website generation complete! Total build time: 106.125s
2026-02-06T09:05:40.313Z - info: Build success!
2026-02-06T09:06:04.862Z - info: The website has been deployed at: https://nus-cs2103-ay2526-s2.github.io/website
2026-02-06T11:10:59.387Z - info: Website generation started at 19:10:58
2026-02-06T11:10:59.946Z - info: Building assets...
