2026-01-30T11:19:06.518Z - info: Website generation started at 19:19:04
2026-01-30T11:19:07.274Z - warn: ENOENT: no such file or directory, open '/Users/damithch/Repos/nus-cs2103/cs2103-website-base/node_modules/.cache/gh-pages/https!github.com!NUS-CS2103-AY2526-S2!website.git/book/_markbind/variables.md'
2026-01-30T11:19:07.274Z - warn: ENOENT: no such file or directory, open '/Users/damithch/Repos/nus-cs2103/cs2103-website-base/node_modules/.cache/gh-pages/https!github.com!NUS-CS2103-AY2526-S2!website.git/_markbind/variables.md'
2026-01-30T11:19:07.320Z - info: Building assets...
2026-01-30T11:19:11.591Z - info: Assets built
2026-01-30T11:19:11.595Z - info: Generating pages...
2026-01-30T11:19:20.215Z - debug:  
2026-01-30T11:19:20.215Z - debug:  
2026-01-30T11:19:22.721Z - debug:  
2026-01-30T11:19:22.721Z - debug:  
2026-01-30T11:19:22.721Z - debug:  
2026-01-30T11:19:22.721Z - debug:  
2026-01-30T11:19:22.721Z - debug:  
2026-01-30T11:19:22.721Z - debug:  
2026-01-30T11:19:22.721Z - debug:  
2026-01-30T11:19:22.721Z - debug:  
2026-01-30T11:19:22.721Z - debug:  
2026-01-30T11:19:22.721Z - debug:  
2026-01-30T11:19:22.721Z - debug:  
2026-01-30T11:19:22.721Z - debug:  
2026-01-30T11:19:22.721Z - debug:  
2026-01-30T11:19:22.721Z - debug:  
2026-01-30T11:19:26.651Z - debug:  
2026-01-30T11:19:26.756Z - debug:  
2026-01-30T11:19:26.771Z - debug:  
2026-01-30T11:19:26.861Z - debug:  
2026-01-30T11:19:26.863Z - debug:  
2026-01-30T11:19:26.986Z - debug:  
2026-01-30T11:19:37.315Z - debug:  
2026-01-30T11:20:21.584Z - debug:  
2026-01-30T11:20:21.588Z - debug:  
2026-01-30T11:20:34.122Z - debug:  
2026-01-30T11:20:47.393Z - debug:  
2026-01-30T11:20:47.408Z - debug:  
2026-01-30T11:20:55.254Z - info: Pages built
2026-01-30T11:20:55.417Z - info: Site data built
2026-01-30T11:20:55.418Z - info: Website generation complete! Total build time: 110.665s
2026-01-30T11:20:55.418Z - info: Build success!
2026-01-30T11:21:23.649Z - info: The website has been deployed at: https://nus-cs2103-ay2526-s2.github.io/website
2026-01-30T12:11:36.801Z - info: Website generation (lazy) started at 20:11:35
2026-01-30T12:11:37.622Z - warn: ENOENT: no such file or directory, open '/Users/damithch/Repos/nus-cs2103/cs2103-website-base/node_modules/.cache/gh-pages/https!github.com!NUS-CS2103-AY2526-S2!website.git/book/_markbind/variables.md'
2026-01-30T12:11:37.622Z - warn: ENOENT: no such file or directory, open '/Users/damithch/Repos/nus-cs2103/cs2103-website-base/node_modules/.cache/gh-pages/https!github.com!NUS-CS2103-AY2526-S2!website.git/_markbind/variables.md'
2026-01-30T12:11:37.642Z - info: Building assets...
2026-01-30T12:11:40.706Z - info: Assets built
2026-01-30T12:11:40.706Z - info: Generating landing page...
2026-01-30T12:11:41.260Z - info: Landing page built, other pages will be built as you navigate to them!
2026-01-30T12:11:41.331Z - info: Site data built
2026-01-30T12:11:41.331Z - info: Website generation (lazy) complete! Total build time: 5.868s
2026-01-30T12:11:41.343Z - info: Serving "/Users/damithch/Repos/nus-cs2103/cs2103-website-base/_site" at http://127.0.0.1:8080
2026-01-30T12:11:41.343Z - info: Press CTRL+C to stop ...
2026-01-30T12:12:58.288Z - info: Building /Users/damithch/Repos/nus-cs2103/cs2103-website-base/schedule/week3/index as some of its dependencies were changed since the last visit
2026-01-30T12:12:58.721Z - info: Site data built
2026-01-30T12:12:58.721Z - info: Lazy website regeneration complete! Total build time: 0.434s
2026-01-30T12:13:03.671Z - info: Building /Users/damithch/Repos/nus-cs2103/cs2103-website-base/schedule/week3/topics as some of its dependencies were changed since the last visit
2026-01-30T12:13:04.249Z - info: Site data built
2026-01-30T12:13:04.249Z - info: Lazy website regeneration complete! Total build time: 0.578s
2026-01-30T12:14:43.542Z - info: [20:14:43] Reload for file change: /Users/damithch/Repos/nus-cs2103/cs2103-website-base/book/cppToJava/junit/intermediate/text.md
2026-01-30T12:14:43.546Z - info: Synchronizing opened pages list before reload
2026-01-30T12:14:43.547Z - info: Current opened pages, from most-to-least recent:
2026-01-30T12:14:43.547Z - info: 1. schedule/week3/topics
2026-01-30T12:14:44.555Z - info: Rebuilding 1 pages
2026-01-30T12:14:45.125Z - info: Site data built
2026-01-30T12:14:45.125Z - info: Pages rebuilt
2026-01-30T12:14:45.125Z - info: Website regeneration complete! Total build time: 0.572s
2026-01-30T12:16:11.780Z - info: [20:16:11] Reload for file change: /Users/damithch/Repos/nus-cs2103/cs2103-website-base/book/cppToJava/junit/intermediate/text.md
2026-01-30T12:16:11.782Z - info: Synchronizing opened pages list before reload
2026-01-30T12:16:11.783Z - info: Current opened pages, from most-to-least recent:
2026-01-30T12:16:11.783Z - info: 1. schedule/week3/topics
2026-01-30T12:16:12.795Z - info: Rebuilding 1 pages
2026-01-30T12:16:13.387Z - info: Site data built
2026-01-30T12:16:13.387Z - info: Pages rebuilt
2026-01-30T12:16:13.387Z - info: Website regeneration complete! Total build time: 0.597s
2026-01-30T12:17:26.324Z - info: [20:17:26] Reload for file change: /Users/damithch/Repos/nus-cs2103/cs2103-website-base/book/cppToJava/junit/intermediate/text.md
2026-01-30T12:17:26.326Z - info: Synchronizing opened pages list before reload
2026-01-30T12:17:26.327Z - info: Current opened pages, from most-to-least recent:
2026-01-30T12:17:26.327Z - info: 1. schedule/week3/topics
2026-01-30T12:17:27.339Z - info: Rebuilding 1 pages
2026-01-30T12:17:28.016Z - info: Site data built
2026-01-30T12:17:28.016Z - info: Pages rebuilt
2026-01-30T12:17:28.016Z - info: Website regeneration complete! Total build time: 0.683s
2026-01-30T12:20:11.708Z - info: [20:20:11] Reload for file change: /Users/damithch/Repos/nus-cs2103/cs2103-website-base/book/cppToJava/junit/intermediate/text.md
2026-01-30T12:20:11.710Z - info: Synchronizing opened pages list before reload
2026-01-30T12:20:11.711Z - info: Current opened pages, from most-to-least recent:
2026-01-30T12:20:11.714Z - info: 1. schedule/week3/topics
2026-01-30T12:20:12.739Z - info: Rebuilding 1 pages
2026-01-30T12:20:13.364Z - info: Site data built
2026-01-30T12:20:13.364Z - info: Pages rebuilt
2026-01-30T12:20:13.364Z - info: Website regeneration complete! Total build time: 0.646s
2026-01-30T12:21:34.478Z - info: [20:21:34] Reload for file change: /Users/damithch/Repos/nus-cs2103/cs2103-website-base/book/cppToJava/junit/intermediate/text.md
2026-01-30T12:21:34.481Z - info: Synchronizing opened pages list before reload
2026-01-30T12:21:34.483Z - info: Current opened pages, from most-to-least recent:
2026-01-30T12:21:34.483Z - info: 1. schedule/week3/topics
2026-01-30T12:21:35.493Z - info: Rebuilding 1 pages
2026-01-30T12:21:36.131Z - info: Site data built
2026-01-30T12:21:36.131Z - info: Pages rebuilt
2026-01-30T12:21:36.131Z - info: Website regeneration complete! Total build time: 0.644s
2026-01-30T12:22:30.027Z - info: [20:22:30] Reload for file change: /Users/damithch/Repos/nus-cs2103/cs2103-website-base/book/cppToJava/junit/intermediate/text.md
2026-01-30T12:22:30.028Z - info: Synchronizing opened pages list before reload
2026-01-30T12:22:30.028Z - info: Current opened pages, from most-to-least recent:
2026-01-30T12:22:30.029Z - info: 1. schedule/week3/topics
2026-01-30T12:22:31.040Z - info: Rebuilding 1 pages
2026-01-30T12:22:31.646Z - info: Site data built
2026-01-30T12:22:31.646Z - info: Pages rebuilt
2026-01-30T12:22:31.646Z - info: Website regeneration complete! Total build time: 0.612s
2026-01-30T12:23:35.980Z - info: [20:23:35] Reload for file change: /Users/damithch/Repos/nus-cs2103/cs2103-website-base/book/cppToJava/junit/intermediate/text.md
2026-01-30T12:23:35.983Z - info: Synchronizing opened pages list before reload
2026-01-30T12:23:35.983Z - info: Current opened pages, from most-to-least recent:
2026-01-30T12:23:35.984Z - info: 1. schedule/week3/topics
2026-01-30T12:23:37.027Z - info: Rebuilding 1 pages
2026-01-30T12:23:37.643Z - info: Site data built
2026-01-30T12:23:37.643Z - info: Pages rebuilt
2026-01-30T12:23:37.643Z - info: Website regeneration complete! Total build time: 0.643s
2026-01-30T12:23:43.960Z - info: Website generation started at 20:23:42
2026-01-30T12:23:44.490Z - warn: ENOENT: no such file or directory, open '/Users/damithch/Repos/nus-cs2103/cs2103-website-base/node_modules/.cache/gh-pages/https!github.com!NUS-CS2103-AY2526-S2!website.git/book/_markbind/variables.md'
2026-01-30T12:23:44.490Z - warn: ENOENT: no such file or directory, open '/Users/damithch/Repos/nus-cs2103/cs2103-website-base/node_modules/.cache/gh-pages/https!github.com!NUS-CS2103-AY2526-S2!website.git/_markbind/variables.md'
2026-01-30T12:23:44.515Z - info: Building assets...
